time="2024-08-06T19:57:50+01:00" level=info msg="loading source Mangapill built-in"
time="2024-08-06T19:57:50+01:00" level=info msg="source Mangapill built-in loaded"
time="2024-08-06T19:57:50+01:00" level=info msg="getting chapters of Chainsaw Man"
time="2024-08-06T19:57:50+01:00" level=info msg="found 172 chapters"
time="2024-08-06T19:57:55+01:00" level=info msg="loading source Mangapill built-in"
time="2024-08-06T19:57:55+01:00" level=info msg="source Mangapill built-in loaded"
time="2024-08-06T19:57:57+01:00" level=info msg="searching for chainsaw-man"
time="2024-08-06T19:57:57+01:00" level=info msg="found 8 mangas from source Mangapill"
time="2024-08-06T19:57:57+01:00" level=info msg="found 8 mangas from 1 sources"
time="2024-08-06T19:57:58+01:00" level=info msg="getting chapters of Chainsaw Man"
time="2024-08-06T19:57:58+01:00" level=info msg="found 172 chapters"
time="2024-08-06T19:58:09+01:00" level=info msg="loading source Manganato built-in"
time="2024-08-06T19:58:09+01:00" level=info msg="loading source Manganelo built-in"
time="2024-08-06T19:58:09+01:00" level=info msg="loading source Mangadex built-in"
time="2024-08-06T19:58:09+01:00" level=info msg="source Manganelo built-in loaded"
time="2024-08-06T19:58:09+01:00" level=info msg="source Mangadex built-in loaded"
time="2024-08-06T19:58:09+01:00" level=info msg="loading source Mangapill built-in"
time="2024-08-06T19:58:09+01:00" level=info msg="source Manganato built-in loaded"
time="2024-08-06T19:58:09+01:00" level=info msg="source Mangapill built-in loaded"
time="2024-08-06T19:58:12+01:00" level=info msg="searching for chainsaw man"
time="2024-08-06T19:58:12+01:00" level=info msg="found 0 mangas from source Mangapill"
time="2024-08-06T19:58:13+01:00" level=info msg="found 9 mangas from source Mangadex"
time="2024-08-06T19:58:13+01:00" level=info msg="found 0 mangas from source Manganato"
time="2024-08-06T19:58:13+01:00" level=info msg="found 0 mangas from source Manganelo"
time="2024-08-06T19:58:13+01:00" level=info msg="found 9 mangas from 4 sources"
time="2024-08-06T19:58:15+01:00" level=info msg="getting chapters of Chainsaw Man"
time="2024-08-06T19:58:16+01:00" level=info msg="found 22 chapters"
time="2024-08-06T19:58:22+01:00" level=info msg="downloading Chapter 22 - Chupa Chups Cola Flavor for reading. Provider is Mangadex built-in"
time="2024-08-06T19:58:22+01:00" level=info msg="getting pages of Chapter 22 - Chupa Chups Cola Flavor"
time="2024-08-06T19:58:45+01:00" level=warning msg="Page #0 has no URL"
time="2024-08-06T19:58:45+01:00" level=warning msg="Page #3 has no URL"
time="2024-08-06T19:58:45+01:00" level=warning msg="Page #11 has no URL"
time="2024-08-06T19:58:45+01:00" level=warning msg="Page #14 has no URL"
time="2024-08-06T19:58:45+01:00" level=warning msg="Page #7 has no URL"
time="2024-08-06T19:58:45+01:00" level=warning msg="Page #17 has no URL"
time="2024-08-06T19:58:45+01:00" level=warning msg="Page #10 has no URL"
time="2024-08-06T19:58:45+01:00" level=warning msg="Page #6 has no URL"
time="2024-08-06T19:58:45+01:00" level=warning msg="Page #4 has no URL"
time="2024-08-06T19:58:45+01:00" level=warning msg="Page #2 has no URL"
time="2024-08-06T19:58:45+01:00" level=warning msg="Page #1 has no URL"
time="2024-08-06T19:58:45+01:00" level=warning msg="Page #5 has no URL"
time="2024-08-06T19:58:45+01:00" level=warning msg="Page #8 has no URL"
time="2024-08-06T19:58:45+01:00" level=warning msg="Page #9 has no URL"
time="2024-08-06T19:58:45+01:00" level=warning msg="Page #12 has no URL"
time="2024-08-06T19:58:45+01:00" level=warning msg="Page #13 has no URL"
time="2024-08-06T19:58:45+01:00" level=warning msg="Page #15 has no URL"
time="2024-08-06T19:58:45+01:00" level=warning msg="Page #16 has no URL"
time="2024-08-06T19:58:45+01:00" level=warning msg="Page #19 has no URL"
time="2024-08-06T19:58:45+01:00" level=warning msg="Page #18 has no URL"
time="2024-08-06T19:58:45+01:00" level=info msg="getting pdf converter"
time="2024-08-06T19:58:45+01:00" level=info msg="converting pdf"
time="2024-08-06T19:58:51+01:00" level=info msg="opening with okular"
time="2024-08-06T19:58:51+01:00" level=info msg="history saved"
time="2024-08-06T19:58:59+01:00" level=info msg="opened without errors"
time="2024-08-06T19:59:20+01:00" level=info msg="getting chapters of Chainsaw Man (Official Colored)"
time="2024-08-06T19:59:21+01:00" level=info msg="found 7 chapters"
time="2024-08-06T19:59:21+01:00" level=info msg="Searching anilist for manga chainsaw man (official colored)"
time="2024-08-06T19:59:21+01:00" level=info msg="Sending request to Anilist"
time="2024-08-06T19:59:22+01:00" level=info msg="Got response from Anilist, found 0 results"
time="2024-08-06T19:59:22+01:00" level=info msg="No results found on Anilist for manga \"chainsaw man (official colored)\", trying \"chainsaw man (official\""
time="2024-08-06T19:59:22+01:00" level=info msg="Searching anilist for manga chainsaw man (official"
time="2024-08-06T19:59:22+01:00" level=info msg="Sending request to Anilist"
time="2024-08-06T19:59:22+01:00" level=info msg="Got response from Anilist, found 0 results"
time="2024-08-06T19:59:22+01:00" level=info msg="No results found on Anilist for manga \"chainsaw man (official\", trying \"chainsaw man\""
time="2024-08-06T19:59:49+01:00" level=info msg="loading source Manganato built-in"
time="2024-08-06T19:59:49+01:00" level=info msg="loading source Manganelo built-in"
time="2024-08-06T19:59:49+01:00" level=info msg="source Manganato built-in loaded"
time="2024-08-06T19:59:49+01:00" level=info msg="source Manganelo built-in loaded"
time="2024-08-06T19:59:51+01:00" level=info msg="searching for chainsaw man"
time="2024-08-06T19:59:51+01:00" level=info msg="found 0 mangas from source Manganato"
time="2024-08-06T19:59:51+01:00" level=info msg="found 16 mangas from source Manganelo"
time="2024-08-06T19:59:51+01:00" level=info msg="found 16 mangas from 2 sources"
time="2024-08-06T19:59:52+01:00" level=info msg="getting chapters of Chainsaw Man"
time="2024-08-06T19:59:53+01:00" level=info msg="found 0 chapters"
time="2024-08-06T20:01:08+01:00" level=info msg="loading source Mangapill built-in"
time="2024-08-06T20:01:08+01:00" level=info msg="source Mangapill built-in loaded"
time="2024-08-06T20:01:12+01:00" level=info msg="searching for chainsaw"
time="2024-08-06T20:01:12+01:00" level=info msg="found 8 mangas from source Mangapill"
time="2024-08-06T20:01:12+01:00" level=info msg="found 8 mangas from 1 sources"
time="2024-08-06T20:01:13+01:00" level=info msg="getting chapters of Chainsaw Man"
time="2024-08-06T20:01:13+01:00" level=info msg="found 172 chapters"
time="2024-08-06T20:01:48+01:00" level=info msg="loading source Mangapill built-in"
time="2024-08-06T20:01:48+01:00" level=info msg="source Mangapill built-in loaded"
time="2024-08-06T20:01:50+01:00" level=info msg="searching for chainsaw"
time="2024-08-06T20:01:50+01:00" level=info msg="found 8 mangas from source Mangapill"
time="2024-08-06T20:01:50+01:00" level=info msg="found 8 mangas from 1 sources"
time="2024-08-06T20:01:51+01:00" level=info msg="getting chapters of Chainsaw Man"
time="2024-08-06T20:01:51+01:00" level=info msg="found 172 chapters"
time="2024-08-06T20:01:58+01:00" level=info msg="downloading Chapter 172 for reading. Provider is Mangapill built-in"
time="2024-08-06T20:01:58+01:00" level=info msg="getting pages of Chapter 172"
time="2024-08-06T20:02:05+01:00" level=info msg="getting pdf converter"
time="2024-08-06T20:02:05+01:00" level=info msg="converting pdf"
time="2024-08-06T20:02:06+01:00" level=info msg="opening with okular"
time="2024-08-06T20:02:06+01:00" level=info msg="history saved"
time="2024-08-06T20:02:11+01:00" level=info msg="opened without errors"
time="2024-08-06T20:03:15+01:00" level=info msg="loading source Mangapill built-in"
time="2024-08-06T20:03:15+01:00" level=info msg="source Mangapill built-in loaded"
time="2024-08-06T20:03:18+01:00" level=info msg="searching for chainsaw-man"
time="2024-08-06T20:03:18+01:00" level=info msg="found 8 mangas from source Mangapill"
time="2024-08-06T20:03:18+01:00" level=info msg="found 8 mangas from 1 sources"
time="2024-08-06T20:03:19+01:00" level=info msg="getting chapters of Chainsaw Man"
time="2024-08-06T20:03:19+01:00" level=info msg="found 173 chapters"
time="2024-08-06T20:03:19+01:00" level=info msg="Searching anilist for manga chainsaw man"
time="2024-08-06T20:03:19+01:00" level=info msg="Sending request to Anilist"
time="2024-08-06T20:03:20+01:00" level=info msg="Got response from Anilist, found 9 results"
time="2024-08-06T20:03:29+01:00" level=info msg="downloading Chapter 173"
time="2024-08-06T20:03:29+01:00" level=info msg="checking if chapter is already downloaded"
time="2024-08-06T20:03:29+01:00" level=info msg="found 15 pages"
time="2024-08-06T20:03:36+01:00" level=info msg="Populating metadata for Chainsaw Man"
time="2024-08-06T20:03:36+01:00" level=info msg="binding Chainsaw Man with anilist"
time="2024-08-06T20:03:36+01:00" level=info msg="Downloading cover for Chainsaw Man"
time="2024-08-06T20:03:36+01:00" level=warning msg="Cover already exists"
time="2024-08-06T20:03:36+01:00" level=info msg="getting pdf converter"
time="2024-08-06T20:03:36+01:00" level=info msg="converting pdf"
time="2024-08-06T20:03:36+01:00" level=info msg="downloaded without errors"
time="2024-08-06T20:04:42+01:00" level=info msg="loading source Mangapill built-in"
time="2024-08-06T20:04:42+01:00" level=info msg="source Mangapill built-in loaded"
time="2024-08-06T20:04:42+01:00" level=info msg="getting chapters of Chainsaw Man"
time="2024-08-06T20:04:42+01:00" level=info msg="found 173 chapters"
time="2024-08-06T20:04:43+01:00" level=info msg="opening with okular"
time="2024-08-06T20:04:43+01:00" level=info msg="history saved"
time="2024-08-06T20:07:16+01:00" level=info msg="opened without errors"
