time="2024-12-17T15:32:04Z" level=info msg="loading source Mangapill built-in"
time="2024-12-17T15:32:04Z" level=info msg="source Mangapill built-in loaded"
time="2024-12-17T15:32:04Z" level=info msg="getting chapters of Chainsaw Man"
time="2024-12-17T15:32:04Z" level=info msg="found 187 chapters"
time="2024-12-17T15:32:06Z" level=info msg="downloading Chapter 187"
time="2024-12-17T15:32:06Z" level=info msg="checking if chapter is already downloaded"
time="2024-12-17T15:32:06Z" level=info msg="found 15 pages"
time="2024-12-17T15:32:10Z" level=info msg="Populating metadata for Chainsaw Man"
time="2024-12-17T15:32:10Z" level=info msg="binding Chainsaw Man with anilist"
time="2024-12-17T15:32:10Z" level=info msg="Searching anilist for manga chainsaw man"
time="2024-12-17T15:32:10Z" level=info msg="Sending request to Anilist"
time="2024-12-17T15:32:11Z" level=info msg="Got response from Anilist, found 9 results"
time="2024-12-17T15:32:11Z" level=info msg="Downloading cover for Chainsaw Man"
time="2024-12-17T15:32:11Z" level=warning msg="Cover already exists"
time="2024-12-17T15:32:11Z" level=info msg="getting pdf converter"
time="2024-12-17T15:32:11Z" level=info msg="converting pdf"
time="2024-12-17T15:32:11Z" level=info msg="downloaded without errors"
time="2024-12-17T15:32:14Z" level=info msg="opening with okular"
time="2024-12-17T15:32:14Z" level=info msg="history saved"
time="2024-12-17T15:33:49Z" level=info msg="opened without errors"
