time="2024-08-02T16:05:40+01:00" level=info msg="loading source Mangapill built-in"
time="2024-08-02T16:05:40+01:00" level=info msg="source Mangapill built-in loaded"
time="2024-08-02T16:05:44+01:00" level=info msg="searching for chainsaw"
time="2024-08-02T16:05:44+01:00" level=info msg="found 8 mangas from source Mangapill"
time="2024-08-02T16:05:44+01:00" level=info msg="found 8 mangas from 1 sources"
time="2024-08-02T16:05:45+01:00" level=info msg="getting chapters of Chainsaw Man"
time="2024-08-02T16:05:45+01:00" level=info msg="found 172 chapters"
time="2024-08-02T16:05:45+01:00" level=info msg="Searching anilist for manga chainsaw man"
time="2024-08-02T16:05:45+01:00" level=info msg="Sending request to Anilist"
time="2024-08-02T16:05:46+01:00" level=info msg="Got response from Anilist, found 9 results"
time="2024-08-02T16:06:01+01:00" level=info msg="loading source Mangapill built-in"
time="2024-08-02T16:06:01+01:00" level=info msg="source Mangapill built-in loaded"
time="2024-08-02T16:06:59+01:00" level=info msg="searching for the-beginning-after-the-end"
time="2024-08-02T16:07:00+01:00" level=info msg="found 50 mangas from source Mangapill"
time="2024-08-02T16:07:00+01:00" level=info msg="found 50 mangas from 1 sources"
time="2024-08-02T16:07:03+01:00" level=info msg="getting chapters of The Beginning After The End"
time="2024-08-02T16:07:03+01:00" level=info msg="found 191 chapters"
time="2024-08-02T16:07:03+01:00" level=info msg="Searching anilist for manga the beginning after the end"
time="2024-08-02T16:07:03+01:00" level=info msg="Sending request to Anilist"
time="2024-08-02T16:07:04+01:00" level=info msg="Got response from Anilist, found 1 results"
time="2024-08-02T16:07:04+01:00" level=info msg="Found closest match: Ore Igai Dare mo Saishu Dekinai Sozai nano ni \"Sozai Saishuritsu ga Hikui\" to Pawahara Suru Osananajimi Renkinjutsushi to Zetsuen Shita Senzoku Madoushi, Henkyou no Machi de Slow Life wo Okuritai."
time="2024-08-02T16:07:11+01:00" level=info msg="downloading Chapter 1"
time="2024-08-02T16:07:11+01:00" level=info msg="checking if chapter is already downloaded"
time="2024-08-02T16:07:11+01:00" level=info msg="found 50 pages"
time="2024-08-02T16:07:15+01:00" level=info msg="Populating metadata for The Beginning After The End"
time="2024-08-02T16:07:15+01:00" level=info msg="binding The Beginning After The End with anilist"
time="2024-08-02T16:07:15+01:00" level=info msg="Downloading cover for The Beginning After The End"
time="2024-08-02T16:07:15+01:00" level=info msg="Cover downloaded"
time="2024-08-02T16:07:15+01:00" level=info msg="getting pdf converter"
time="2024-08-02T16:07:15+01:00" level=info msg="converting pdf"
time="2024-08-02T16:07:15+01:00" level=info msg="downloaded without errors"
time="2024-08-02T16:07:15+01:00" level=info msg="downloading Chapter 2"
time="2024-08-02T16:07:15+01:00" level=info msg="checking if chapter is already downloaded"
time="2024-08-02T16:07:15+01:00" level=info msg="found 54 pages"
time="2024-08-02T16:07:17+01:00" level=info msg="getting pdf converter"
time="2024-08-02T16:07:17+01:00" level=info msg="converting pdf"
time="2024-08-02T16:07:18+01:00" level=info msg="downloaded without errors"
time="2024-08-02T16:07:18+01:00" level=info msg="downloading Chapter 3"
time="2024-08-02T16:07:18+01:00" level=info msg="checking if chapter is already downloaded"
time="2024-08-02T16:07:18+01:00" level=info msg="found 33 pages"
time="2024-08-02T16:07:20+01:00" level=info msg="getting pdf converter"
time="2024-08-02T16:07:20+01:00" level=info msg="converting pdf"
time="2024-08-02T16:07:20+01:00" level=info msg="downloaded without errors"
time="2024-08-02T16:07:20+01:00" level=info msg="downloading Chapter 4"
time="2024-08-02T16:07:20+01:00" level=info msg="checking if chapter is already downloaded"
time="2024-08-02T16:07:20+01:00" level=info msg="found 48 pages"
time="2024-08-02T16:07:25+01:00" level=info msg="getting pdf converter"
time="2024-08-02T16:07:25+01:00" level=info msg="converting pdf"
time="2024-08-02T16:07:25+01:00" level=info msg="downloaded without errors"
time="2024-08-02T16:07:25+01:00" level=info msg="downloading Chapter 5"
time="2024-08-02T16:07:25+01:00" level=info msg="checking if chapter is already downloaded"
time="2024-08-02T16:07:25+01:00" level=info msg="found 60 pages"
time="2024-08-02T16:07:28+01:00" level=info msg="getting pdf converter"
time="2024-08-02T16:07:28+01:00" level=info msg="converting pdf"
time="2024-08-02T16:07:28+01:00" level=info msg="downloaded without errors"
time="2024-08-02T16:07:28+01:00" level=info msg="downloading Chapter 6"
time="2024-08-02T16:07:28+01:00" level=info msg="checking if chapter is already downloaded"
time="2024-08-02T16:07:28+01:00" level=info msg="found 60 pages"
time="2024-08-02T16:07:34+01:00" level=info msg="getting pdf converter"
time="2024-08-02T16:07:34+01:00" level=info msg="converting pdf"
time="2024-08-02T16:07:35+01:00" level=info msg="downloaded without errors"
time="2024-08-02T16:07:35+01:00" level=info msg="downloading Chapter 7"
time="2024-08-02T16:07:35+01:00" level=info msg="checking if chapter is already downloaded"
time="2024-08-02T16:07:35+01:00" level=info msg="found 66 pages"
time="2024-08-02T16:07:38+01:00" level=info msg="getting pdf converter"
time="2024-08-02T16:07:38+01:00" level=info msg="converting pdf"
time="2024-08-02T16:07:38+01:00" level=info msg="downloaded without errors"
time="2024-08-02T16:07:38+01:00" level=info msg="downloading Chapter 8"
time="2024-08-02T16:07:38+01:00" level=info msg="checking if chapter is already downloaded"
time="2024-08-02T16:07:38+01:00" level=info msg="found 47 pages"
time="2024-08-02T16:07:40+01:00" level=info msg="getting pdf converter"
time="2024-08-02T16:07:40+01:00" level=info msg="converting pdf"
time="2024-08-02T16:07:40+01:00" level=info msg="downloaded without errors"
time="2024-08-02T16:07:40+01:00" level=info msg="downloading Chapter 9"
time="2024-08-02T16:07:40+01:00" level=info msg="checking if chapter is already downloaded"
time="2024-08-02T16:07:40+01:00" level=info msg="found 59 pages"
time="2024-08-02T16:07:44+01:00" level=info msg="getting pdf converter"
time="2024-08-02T16:07:44+01:00" level=info msg="converting pdf"
time="2024-08-02T16:07:44+01:00" level=info msg="downloaded without errors"
time="2024-08-02T16:07:44+01:00" level=info msg="downloading Chapter 10"
time="2024-08-02T16:07:44+01:00" level=info msg="checking if chapter is already downloaded"
time="2024-08-02T16:07:44+01:00" level=info msg="found 55 pages"
time="2024-08-02T16:07:49+01:00" level=info msg="getting pdf converter"
time="2024-08-02T16:07:49+01:00" level=info msg="converting pdf"
time="2024-08-02T16:07:49+01:00" level=info msg="downloaded without errors"
time="2024-08-02T16:07:49+01:00" level=info msg="downloading Chapter 11"
time="2024-08-02T16:07:49+01:00" level=info msg="checking if chapter is already downloaded"
time="2024-08-02T16:07:49+01:00" level=info msg="found 63 pages"
time="2024-08-02T16:07:52+01:00" level=info msg="getting pdf converter"
time="2024-08-02T16:07:52+01:00" level=info msg="converting pdf"
time="2024-08-02T16:07:52+01:00" level=info msg="downloaded without errors"
time="2024-08-02T16:07:52+01:00" level=info msg="downloading Chapter 12"
time="2024-08-02T16:07:52+01:00" level=info msg="checking if chapter is already downloaded"
time="2024-08-02T16:07:52+01:00" level=info msg="found 62 pages"
time="2024-08-02T16:07:55+01:00" level=info msg="getting pdf converter"
time="2024-08-02T16:07:55+01:00" level=info msg="converting pdf"
time="2024-08-02T16:07:55+01:00" level=info msg="downloaded without errors"
time="2024-08-02T16:07:55+01:00" level=info msg="downloading Chapter 13"
time="2024-08-02T16:07:55+01:00" level=info msg="checking if chapter is already downloaded"
time="2024-08-02T16:07:55+01:00" level=info msg="found 72 pages"
time="2024-08-02T16:07:58+01:00" level=info msg="getting pdf converter"
time="2024-08-02T16:07:58+01:00" level=info msg="converting pdf"
time="2024-08-02T16:07:58+01:00" level=info msg="downloaded without errors"
time="2024-08-02T16:07:58+01:00" level=info msg="downloading Chapter 14"
time="2024-08-02T16:07:58+01:00" level=info msg="checking if chapter is already downloaded"
time="2024-08-02T16:07:59+01:00" level=info msg="found 64 pages"
time="2024-08-02T16:08:10+01:00" level=info msg="getting pdf converter"
time="2024-08-02T16:08:10+01:00" level=info msg="converting pdf"
time="2024-08-02T16:08:10+01:00" level=info msg="downloaded without errors"
time="2024-08-02T16:08:10+01:00" level=info msg="downloading Chapter 15"
time="2024-08-02T16:08:10+01:00" level=info msg="checking if chapter is already downloaded"
time="2024-08-02T16:08:10+01:00" level=info msg="found 84 pages"
time="2024-08-02T16:08:15+01:00" level=info msg="getting pdf converter"
time="2024-08-02T16:08:15+01:00" level=info msg="converting pdf"
time="2024-08-02T16:08:15+01:00" level=info msg="downloaded without errors"
time="2024-08-02T16:08:15+01:00" level=info msg="downloading Chapter 16"
time="2024-08-02T16:08:15+01:00" level=info msg="checking if chapter is already downloaded"
time="2024-08-02T16:08:15+01:00" level=info msg="found 77 pages"
time="2024-08-02T16:08:38+01:00" level=info msg="getting pdf converter"
time="2024-08-02T16:08:38+01:00" level=info msg="converting pdf"
time="2024-08-02T16:08:38+01:00" level=info msg="downloaded without errors"
time="2024-08-02T16:08:38+01:00" level=info msg="downloading Chapter 17"
time="2024-08-02T16:08:38+01:00" level=info msg="checking if chapter is already downloaded"
time="2024-08-02T16:08:38+01:00" level=info msg="found 83 pages"
time="2024-08-02T16:09:14+01:00" level=info msg="getting pdf converter"
time="2024-08-02T16:09:14+01:00" level=info msg="converting pdf"
time="2024-08-02T16:09:14+01:00" level=info msg="downloaded without errors"
time="2024-08-02T16:09:14+01:00" level=info msg="downloading Chapter 18"
time="2024-08-02T16:09:14+01:00" level=info msg="checking if chapter is already downloaded"
time="2024-08-02T16:09:14+01:00" level=info msg="found 67 pages"
time="2024-08-02T16:09:18+01:00" level=info msg="getting pdf converter"
time="2024-08-02T16:09:18+01:00" level=info msg="converting pdf"
time="2024-08-02T16:09:18+01:00" level=info msg="downloaded without errors"
time="2024-08-02T16:09:18+01:00" level=info msg="downloading Chapter 19"
time="2024-08-02T16:09:18+01:00" level=info msg="checking if chapter is already downloaded"
time="2024-08-02T16:09:18+01:00" level=info msg="found 66 pages"
time="2024-08-02T16:09:20+01:00" level=info msg="getting pdf converter"
time="2024-08-02T16:09:20+01:00" level=info msg="converting pdf"
time="2024-08-02T16:09:20+01:00" level=info msg="downloaded without errors"
time="2024-08-02T16:09:20+01:00" level=info msg="downloading Chapter 20"
time="2024-08-02T16:09:20+01:00" level=info msg="checking if chapter is already downloaded"
time="2024-08-02T16:09:21+01:00" level=info msg="found 67 pages"
time="2024-08-02T16:09:34+01:00" level=info msg="getting pdf converter"
time="2024-08-02T16:09:34+01:00" level=info msg="converting pdf"
time="2024-08-02T16:09:34+01:00" level=info msg="downloaded without errors"
time="2024-08-02T16:09:34+01:00" level=info msg="downloading Chapter 21"
time="2024-08-02T16:09:34+01:00" level=info msg="checking if chapter is already downloaded"
time="2024-08-02T16:09:34+01:00" level=info msg="found 50 pages"
time="2024-08-02T16:09:36+01:00" level=info msg="getting pdf converter"
time="2024-08-02T16:09:36+01:00" level=info msg="converting pdf"
time="2024-08-02T16:09:36+01:00" level=info msg="downloaded without errors"
time="2024-08-02T16:09:36+01:00" level=info msg="downloading Chapter 22"
time="2024-08-02T16:09:36+01:00" level=info msg="checking if chapter is already downloaded"
time="2024-08-02T16:09:37+01:00" level=info msg="found 59 pages"
time="2024-08-02T16:09:39+01:00" level=info msg="getting pdf converter"
time="2024-08-02T16:09:39+01:00" level=info msg="converting pdf"
time="2024-08-02T16:09:39+01:00" level=info msg="downloaded without errors"
time="2024-08-02T16:09:39+01:00" level=info msg="downloading Chapter 23"
time="2024-08-02T16:09:39+01:00" level=info msg="checking if chapter is already downloaded"
time="2024-08-02T16:09:39+01:00" level=info msg="found 55 pages"
time="2024-08-02T16:09:43+01:00" level=info msg="getting pdf converter"
time="2024-08-02T16:09:43+01:00" level=info msg="converting pdf"
time="2024-08-02T16:09:43+01:00" level=info msg="downloaded without errors"
time="2024-08-02T16:09:43+01:00" level=info msg="downloading Chapter 24"
time="2024-08-02T16:09:43+01:00" level=info msg="checking if chapter is already downloaded"
time="2024-08-02T16:09:43+01:00" level=info msg="found 48 pages"
time="2024-08-02T16:09:58+01:00" level=info msg="getting pdf converter"
time="2024-08-02T16:09:58+01:00" level=info msg="converting pdf"
time="2024-08-02T16:09:58+01:00" level=info msg="downloaded without errors"
time="2024-08-02T16:09:58+01:00" level=info msg="downloading Chapter 25"
time="2024-08-02T16:09:58+01:00" level=info msg="checking if chapter is already downloaded"
time="2024-08-02T16:09:58+01:00" level=info msg="found 65 pages"
time="2024-08-02T16:10:06+01:00" level=info msg="getting pdf converter"
time="2024-08-02T16:10:06+01:00" level=info msg="converting pdf"
time="2024-08-02T16:10:06+01:00" level=info msg="downloaded without errors"
time="2024-08-02T16:10:06+01:00" level=info msg="downloading Chapter 26"
time="2024-08-02T16:10:06+01:00" level=info msg="checking if chapter is already downloaded"
time="2024-08-02T16:10:07+01:00" level=info msg="found 61 pages"
time="2024-08-02T16:10:15+01:00" level=info msg="getting pdf converter"
time="2024-08-02T16:10:15+01:00" level=info msg="converting pdf"
time="2024-08-02T16:10:15+01:00" level=info msg="downloaded without errors"
time="2024-08-02T16:10:15+01:00" level=info msg="downloading Chapter 27"
time="2024-08-02T16:10:15+01:00" level=info msg="checking if chapter is already downloaded"
time="2024-08-02T16:10:16+01:00" level=info msg="found 53 pages"
time="2024-08-02T16:10:18+01:00" level=info msg="getting pdf converter"
time="2024-08-02T16:10:18+01:00" level=info msg="converting pdf"
time="2024-08-02T16:10:18+01:00" level=info msg="downloaded without errors"
time="2024-08-02T16:10:18+01:00" level=info msg="downloading Chapter 28"
time="2024-08-02T16:10:18+01:00" level=info msg="checking if chapter is already downloaded"
time="2024-08-02T16:10:18+01:00" level=info msg="found 54 pages"
time="2024-08-02T16:10:21+01:00" level=info msg="getting pdf converter"
time="2024-08-02T16:10:21+01:00" level=info msg="converting pdf"
time="2024-08-02T16:10:21+01:00" level=info msg="downloaded without errors"
time="2024-08-02T16:10:21+01:00" level=info msg="downloading Chapter 29"
time="2024-08-02T16:10:21+01:00" level=info msg="checking if chapter is already downloaded"
time="2024-08-02T16:10:21+01:00" level=info msg="found 59 pages"
time="2024-08-02T16:10:25+01:00" level=info msg="getting pdf converter"
time="2024-08-02T16:10:25+01:00" level=info msg="converting pdf"
time="2024-08-02T16:10:25+01:00" level=info msg="downloaded without errors"
time="2024-08-02T16:10:25+01:00" level=info msg="downloading Chapter 30"
time="2024-08-02T16:10:25+01:00" level=info msg="checking if chapter is already downloaded"
time="2024-08-02T16:10:26+01:00" level=info msg="found 48 pages"
time="2024-08-02T16:10:29+01:00" level=info msg="getting pdf converter"
time="2024-08-02T16:10:29+01:00" level=info msg="converting pdf"
time="2024-08-02T16:10:29+01:00" level=info msg="downloaded without errors"
time="2024-08-02T16:10:29+01:00" level=info msg="downloading Chapter 31"
time="2024-08-02T16:10:29+01:00" level=info msg="checking if chapter is already downloaded"
time="2024-08-02T16:10:29+01:00" level=info msg="found 38 pages"
time="2024-08-02T16:10:33+01:00" level=info msg="getting pdf converter"
time="2024-08-02T16:10:33+01:00" level=info msg="converting pdf"
time="2024-08-02T16:10:33+01:00" level=info msg="downloaded without errors"
time="2024-08-02T16:10:33+01:00" level=info msg="downloading Chapter 32"
time="2024-08-02T16:10:33+01:00" level=info msg="checking if chapter is already downloaded"
time="2024-08-02T16:10:34+01:00" level=info msg="found 50 pages"
time="2024-08-02T16:10:40+01:00" level=info msg="getting pdf converter"
time="2024-08-02T16:10:40+01:00" level=info msg="converting pdf"
time="2024-08-02T16:10:40+01:00" level=info msg="downloaded without errors"
time="2024-08-02T16:10:40+01:00" level=info msg="downloading Chapter 33"
time="2024-08-02T16:10:40+01:00" level=info msg="checking if chapter is already downloaded"
time="2024-08-02T16:10:40+01:00" level=info msg="found 64 pages"
time="2024-08-02T16:10:42+01:00" level=info msg="getting pdf converter"
time="2024-08-02T16:10:42+01:00" level=info msg="converting pdf"
time="2024-08-02T16:10:42+01:00" level=info msg="downloaded without errors"
time="2024-08-02T16:10:42+01:00" level=info msg="downloading Chapter 34"
time="2024-08-02T16:10:42+01:00" level=info msg="checking if chapter is already downloaded"
time="2024-08-02T16:10:42+01:00" level=info msg="found 49 pages"
time="2024-08-02T16:10:56+01:00" level=info msg="getting pdf converter"
time="2024-08-02T16:10:56+01:00" level=info msg="converting pdf"
time="2024-08-02T16:10:56+01:00" level=info msg="downloaded without errors"
time="2024-08-02T16:10:56+01:00" level=info msg="downloading Chapter 35"
time="2024-08-02T16:10:56+01:00" level=info msg="checking if chapter is already downloaded"
time="2024-08-02T16:10:56+01:00" level=info msg="found 59 pages"
time="2024-08-02T16:11:00+01:00" level=info msg="getting pdf converter"
time="2024-08-02T16:11:00+01:00" level=info msg="converting pdf"
time="2024-08-02T16:11:00+01:00" level=info msg="downloaded without errors"
time="2024-08-02T16:11:00+01:00" level=info msg="downloading Chapter 36"
time="2024-08-02T16:11:00+01:00" level=info msg="checking if chapter is already downloaded"
time="2024-08-02T16:11:00+01:00" level=info msg="found 53 pages"
time="2024-08-02T16:11:04+01:00" level=info msg="getting pdf converter"
time="2024-08-02T16:11:04+01:00" level=info msg="converting pdf"
time="2024-08-02T16:11:04+01:00" level=info msg="downloaded without errors"
time="2024-08-02T16:11:04+01:00" level=info msg="downloading Chapter 37"
time="2024-08-02T16:11:04+01:00" level=info msg="checking if chapter is already downloaded"
time="2024-08-02T16:11:04+01:00" level=info msg="found 53 pages"
time="2024-08-02T16:11:12+01:00" level=info msg="getting pdf converter"
time="2024-08-02T16:11:12+01:00" level=info msg="converting pdf"
time="2024-08-02T16:11:12+01:00" level=info msg="downloaded without errors"
time="2024-08-02T16:11:12+01:00" level=info msg="downloading Chapter 38"
time="2024-08-02T16:11:12+01:00" level=info msg="checking if chapter is already downloaded"
time="2024-08-02T16:11:13+01:00" level=info msg="found 63 pages"
time="2024-08-02T16:11:18+01:00" level=info msg="getting pdf converter"
time="2024-08-02T16:11:18+01:00" level=info msg="converting pdf"
time="2024-08-02T16:11:18+01:00" level=info msg="downloaded without errors"
time="2024-08-02T16:11:18+01:00" level=info msg="downloading Chapter 39"
time="2024-08-02T16:11:18+01:00" level=info msg="checking if chapter is already downloaded"
time="2024-08-02T16:11:18+01:00" level=info msg="found 52 pages"
time="2024-08-02T16:11:24+01:00" level=info msg="getting pdf converter"
time="2024-08-02T16:11:24+01:00" level=info msg="converting pdf"
time="2024-08-02T16:11:24+01:00" level=info msg="downloaded without errors"
time="2024-08-02T16:11:24+01:00" level=info msg="downloading Chapter 40"
time="2024-08-02T16:11:24+01:00" level=info msg="checking if chapter is already downloaded"
time="2024-08-02T16:11:24+01:00" level=info msg="found 73 pages"
time="2024-08-02T16:11:38+01:00" level=info msg="getting pdf converter"
time="2024-08-02T16:11:38+01:00" level=info msg="converting pdf"
time="2024-08-02T16:11:39+01:00" level=info msg="downloaded without errors"
time="2024-08-02T16:11:39+01:00" level=info msg="downloading Chapter 41"
time="2024-08-02T16:11:39+01:00" level=info msg="checking if chapter is already downloaded"
time="2024-08-02T16:11:39+01:00" level=info msg="found 56 pages"
time="2024-08-02T16:11:43+01:00" level=info msg="getting pdf converter"
time="2024-08-02T16:11:43+01:00" level=info msg="converting pdf"
time="2024-08-02T16:11:43+01:00" level=info msg="downloaded without errors"
time="2024-08-02T16:11:43+01:00" level=info msg="downloading Chapter 42"
time="2024-08-02T16:11:43+01:00" level=info msg="checking if chapter is already downloaded"
time="2024-08-02T16:11:43+01:00" level=info msg="found 61 pages"
time="2024-08-02T16:11:50+01:00" level=info msg="getting pdf converter"
time="2024-08-02T16:11:50+01:00" level=info msg="converting pdf"
time="2024-08-02T16:11:50+01:00" level=info msg="downloaded without errors"
time="2024-08-02T16:11:50+01:00" level=info msg="downloading Chapter 43"
time="2024-08-02T16:11:50+01:00" level=info msg="checking if chapter is already downloaded"
time="2024-08-02T16:11:50+01:00" level=info msg="found 60 pages"
time="2024-08-02T16:11:58+01:00" level=info msg="getting pdf converter"
time="2024-08-02T16:11:58+01:00" level=info msg="converting pdf"
time="2024-08-02T16:11:58+01:00" level=info msg="downloaded without errors"
time="2024-08-02T16:11:58+01:00" level=info msg="downloading Chapter 44"
time="2024-08-02T16:11:58+01:00" level=info msg="checking if chapter is already downloaded"
time="2024-08-02T16:11:58+01:00" level=info msg="found 74 pages"
time="2024-08-02T16:12:05+01:00" level=info msg="getting pdf converter"
time="2024-08-02T16:12:05+01:00" level=info msg="converting pdf"
time="2024-08-02T16:12:05+01:00" level=info msg="downloaded without errors"
time="2024-08-02T16:12:05+01:00" level=info msg="downloading Chapter 45"
time="2024-08-02T16:12:05+01:00" level=info msg="checking if chapter is already downloaded"
time="2024-08-02T16:12:06+01:00" level=info msg="found 66 pages"
time="2024-08-02T16:12:12+01:00" level=info msg="getting pdf converter"
time="2024-08-02T16:12:12+01:00" level=info msg="converting pdf"
time="2024-08-02T16:12:12+01:00" level=info msg="downloaded without errors"
time="2024-08-02T16:12:12+01:00" level=info msg="downloading Chapter 46"
time="2024-08-02T16:12:12+01:00" level=info msg="checking if chapter is already downloaded"
time="2024-08-02T16:12:12+01:00" level=info msg="found 59 pages"
time="2024-08-02T16:12:15+01:00" level=info msg="getting pdf converter"
time="2024-08-02T16:12:15+01:00" level=info msg="converting pdf"
time="2024-08-02T16:12:15+01:00" level=info msg="downloaded without errors"
time="2024-08-02T16:12:15+01:00" level=info msg="downloading Chapter 47"
time="2024-08-02T16:12:15+01:00" level=info msg="checking if chapter is already downloaded"
time="2024-08-02T16:12:15+01:00" level=info msg="found 68 pages"
time="2024-08-02T16:12:19+01:00" level=info msg="getting pdf converter"
time="2024-08-02T16:12:19+01:00" level=info msg="converting pdf"
time="2024-08-02T16:12:19+01:00" level=info msg="downloaded without errors"
time="2024-08-02T16:12:19+01:00" level=info msg="downloading Chapter 48"
time="2024-08-02T16:12:19+01:00" level=info msg="checking if chapter is already downloaded"
time="2024-08-02T16:12:20+01:00" level=info msg="found 92 pages"
time="2024-08-02T16:12:24+01:00" level=info msg="getting pdf converter"
time="2024-08-02T16:12:24+01:00" level=info msg="converting pdf"
time="2024-08-02T16:12:24+01:00" level=info msg="downloaded without errors"
time="2024-08-02T16:12:24+01:00" level=info msg="downloading Chapter 49"
time="2024-08-02T16:12:24+01:00" level=info msg="checking if chapter is already downloaded"
time="2024-08-02T16:12:24+01:00" level=info msg="found 91 pages"
time="2024-08-02T16:12:27+01:00" level=info msg="getting pdf converter"
time="2024-08-02T16:12:27+01:00" level=info msg="converting pdf"
time="2024-08-02T16:12:28+01:00" level=info msg="downloaded without errors"
time="2024-08-02T16:12:28+01:00" level=info msg="downloading Chapter 50"
time="2024-08-02T16:12:28+01:00" level=info msg="checking if chapter is already downloaded"
time="2024-08-02T16:12:28+01:00" level=info msg="found 80 pages"
time="2024-08-02T16:12:32+01:00" level=info msg="getting pdf converter"
time="2024-08-02T16:12:32+01:00" level=info msg="converting pdf"
time="2024-08-02T16:12:32+01:00" level=info msg="downloaded without errors"
time="2024-08-02T16:12:32+01:00" level=info msg="downloading Chapter 51"
time="2024-08-02T16:12:32+01:00" level=info msg="checking if chapter is already downloaded"
time="2024-08-02T16:12:32+01:00" level=info msg="found 79 pages"
time="2024-08-02T16:12:44+01:00" level=info msg="getting pdf converter"
time="2024-08-02T16:12:44+01:00" level=info msg="converting pdf"
time="2024-08-02T16:12:44+01:00" level=info msg="downloaded without errors"
time="2024-08-02T16:12:44+01:00" level=info msg="downloading Chapter 52"
time="2024-08-02T16:12:44+01:00" level=info msg="checking if chapter is already downloaded"
time="2024-08-02T16:12:44+01:00" level=info msg="found 74 pages"
time="2024-08-02T16:13:02+01:00" level=info msg="getting pdf converter"
time="2024-08-02T16:13:02+01:00" level=info msg="converting pdf"
time="2024-08-02T16:13:02+01:00" level=info msg="downloaded without errors"
time="2024-08-02T16:13:02+01:00" level=info msg="downloading Chapter 53"
time="2024-08-02T16:13:02+01:00" level=info msg="checking if chapter is already downloaded"
time="2024-08-02T16:13:02+01:00" level=info msg="found 96 pages"
time="2024-08-02T16:13:06+01:00" level=info msg="getting pdf converter"
time="2024-08-02T16:13:06+01:00" level=info msg="converting pdf"
time="2024-08-02T16:13:07+01:00" level=info msg="downloaded without errors"
time="2024-08-02T16:13:07+01:00" level=info msg="downloading Chapter 54"
time="2024-08-02T16:13:07+01:00" level=info msg="checking if chapter is already downloaded"
time="2024-08-02T16:13:07+01:00" level=info msg="found 98 pages"
time="2024-08-02T16:13:09+01:00" level=info msg="getting pdf converter"
time="2024-08-02T16:13:09+01:00" level=info msg="converting pdf"
time="2024-08-02T16:13:09+01:00" level=info msg="downloaded without errors"
time="2024-08-02T16:13:09+01:00" level=info msg="downloading Chapter 55"
time="2024-08-02T16:13:09+01:00" level=info msg="checking if chapter is already downloaded"
time="2024-08-02T16:13:10+01:00" level=info msg="found 85 pages"
time="2024-08-02T16:13:12+01:00" level=info msg="getting pdf converter"
time="2024-08-02T16:13:12+01:00" level=info msg="converting pdf"
time="2024-08-02T16:13:12+01:00" level=info msg="downloaded without errors"
time="2024-08-02T16:13:12+01:00" level=info msg="downloading Chapter 56"
time="2024-08-02T16:13:12+01:00" level=info msg="checking if chapter is already downloaded"
time="2024-08-02T16:13:12+01:00" level=info msg="found 91 pages"
time="2024-08-02T16:13:19+01:00" level=info msg="getting pdf converter"
time="2024-08-02T16:13:19+01:00" level=info msg="converting pdf"
time="2024-08-02T16:13:19+01:00" level=info msg="downloaded without errors"
time="2024-08-02T16:13:19+01:00" level=info msg="downloading Chapter 57"
time="2024-08-02T16:13:19+01:00" level=info msg="checking if chapter is already downloaded"
time="2024-08-02T16:13:19+01:00" level=info msg="found 100 pages"
time="2024-08-02T16:13:26+01:00" level=info msg="getting pdf converter"
time="2024-08-02T16:13:26+01:00" level=info msg="converting pdf"
time="2024-08-02T16:13:26+01:00" level=info msg="downloaded without errors"
time="2024-08-02T16:13:26+01:00" level=info msg="downloading Chapter 58"
time="2024-08-02T16:13:26+01:00" level=info msg="checking if chapter is already downloaded"
time="2024-08-02T16:13:27+01:00" level=info msg="found 91 pages"
time="2024-08-02T16:13:31+01:00" level=info msg="getting pdf converter"
time="2024-08-02T16:13:31+01:00" level=info msg="converting pdf"
time="2024-08-02T16:13:31+01:00" level=info msg="downloaded without errors"
time="2024-08-02T16:13:31+01:00" level=info msg="downloading Chapter 59"
time="2024-08-02T16:13:31+01:00" level=info msg="checking if chapter is already downloaded"
time="2024-08-02T16:13:31+01:00" level=info msg="found 77 pages"
time="2024-08-02T16:13:35+01:00" level=info msg="getting pdf converter"
time="2024-08-02T16:13:35+01:00" level=info msg="converting pdf"
time="2024-08-02T16:13:35+01:00" level=info msg="downloaded without errors"
time="2024-08-02T16:13:35+01:00" level=info msg="downloading Chapter 60"
time="2024-08-02T16:13:35+01:00" level=info msg="checking if chapter is already downloaded"
time="2024-08-02T16:13:35+01:00" level=info msg="found 99 pages"
time="2024-08-02T16:13:38+01:00" level=info msg="getting pdf converter"
time="2024-08-02T16:13:38+01:00" level=info msg="converting pdf"
time="2024-08-02T16:13:38+01:00" level=info msg="downloaded without errors"
time="2024-08-02T16:13:38+01:00" level=info msg="downloading Chapter 61"
time="2024-08-02T16:13:38+01:00" level=info msg="checking if chapter is already downloaded"
time="2024-08-02T16:13:38+01:00" level=info msg="found 89 pages"
time="2024-08-02T16:13:45+01:00" level=info msg="getting pdf converter"
time="2024-08-02T16:13:45+01:00" level=info msg="converting pdf"
time="2024-08-02T16:13:45+01:00" level=info msg="downloaded without errors"
time="2024-08-02T16:13:45+01:00" level=info msg="downloading Chapter 62"
time="2024-08-02T16:13:45+01:00" level=info msg="checking if chapter is already downloaded"
time="2024-08-02T16:13:46+01:00" level=info msg="found 73 pages"
time="2024-08-02T16:13:51+01:00" level=info msg="getting pdf converter"
time="2024-08-02T16:13:51+01:00" level=info msg="converting pdf"
time="2024-08-02T16:13:51+01:00" level=info msg="downloaded without errors"
time="2024-08-02T16:13:51+01:00" level=info msg="downloading Chapter 63"
time="2024-08-02T16:13:51+01:00" level=info msg="checking if chapter is already downloaded"
time="2024-08-02T16:13:52+01:00" level=info msg="found 84 pages"
time="2024-08-02T16:13:57+01:00" level=info msg="getting pdf converter"
time="2024-08-02T16:13:57+01:00" level=info msg="converting pdf"
time="2024-08-02T16:13:57+01:00" level=info msg="downloaded without errors"
time="2024-08-02T16:13:57+01:00" level=info msg="downloading Chapter 64"
time="2024-08-02T16:13:57+01:00" level=info msg="checking if chapter is already downloaded"
time="2024-08-02T16:13:58+01:00" level=info msg="found 72 pages"
time="2024-08-02T16:14:00+01:00" level=info msg="getting pdf converter"
time="2024-08-02T16:14:00+01:00" level=info msg="converting pdf"
time="2024-08-02T16:14:01+01:00" level=info msg="downloaded without errors"
time="2024-08-02T16:14:01+01:00" level=info msg="downloading Chapter 65"
time="2024-08-02T16:14:01+01:00" level=info msg="checking if chapter is already downloaded"
time="2024-08-02T16:14:01+01:00" level=info msg="found 79 pages"
time="2024-08-02T16:14:14+01:00" level=info msg="getting pdf converter"
time="2024-08-02T16:14:14+01:00" level=info msg="converting pdf"
time="2024-08-02T16:14:14+01:00" level=info msg="downloaded without errors"
time="2024-08-02T16:14:14+01:00" level=info msg="downloading Chapter 66"
time="2024-08-02T16:14:14+01:00" level=info msg="checking if chapter is already downloaded"
time="2024-08-02T16:14:14+01:00" level=info msg="found 84 pages"
time="2024-08-02T16:14:21+01:00" level=info msg="getting pdf converter"
time="2024-08-02T16:14:21+01:00" level=info msg="converting pdf"
time="2024-08-02T16:14:21+01:00" level=info msg="downloaded without errors"
time="2024-08-02T16:14:21+01:00" level=info msg="downloading Chapter 67"
time="2024-08-02T16:14:21+01:00" level=info msg="checking if chapter is already downloaded"
time="2024-08-02T16:14:21+01:00" level=info msg="found 75 pages"
time="2024-08-02T16:14:27+01:00" level=info msg="getting pdf converter"
time="2024-08-02T16:14:27+01:00" level=info msg="converting pdf"
time="2024-08-02T16:14:27+01:00" level=info msg="downloaded without errors"
time="2024-08-02T16:14:27+01:00" level=info msg="downloading Chapter 68"
time="2024-08-02T16:14:27+01:00" level=info msg="checking if chapter is already downloaded"
time="2024-08-02T16:14:27+01:00" level=info msg="found 75 pages"
time="2024-08-02T16:14:30+01:00" level=info msg="getting pdf converter"
time="2024-08-02T16:14:30+01:00" level=info msg="converting pdf"
time="2024-08-02T16:14:30+01:00" level=info msg="downloaded without errors"
time="2024-08-02T16:14:30+01:00" level=info msg="downloading Chapter 69"
time="2024-08-02T16:14:30+01:00" level=info msg="checking if chapter is already downloaded"
time="2024-08-02T16:14:30+01:00" level=info msg="found 69 pages"
time="2024-08-02T16:14:36+01:00" level=info msg="getting pdf converter"
time="2024-08-02T16:14:36+01:00" level=info msg="converting pdf"
time="2024-08-02T16:14:36+01:00" level=info msg="downloaded without errors"
time="2024-08-02T16:14:36+01:00" level=info msg="downloading Chapter 70"
time="2024-08-02T16:14:36+01:00" level=info msg="checking if chapter is already downloaded"
time="2024-08-02T16:14:36+01:00" level=info msg="found 77 pages"
time="2024-08-02T16:14:41+01:00" level=info msg="getting pdf converter"
time="2024-08-02T16:14:41+01:00" level=info msg="converting pdf"
time="2024-08-02T16:14:41+01:00" level=info msg="downloaded without errors"
time="2024-08-02T16:14:41+01:00" level=info msg="downloading Chapter 71"
time="2024-08-02T16:14:41+01:00" level=info msg="checking if chapter is already downloaded"
time="2024-08-02T16:14:41+01:00" level=info msg="found 68 pages"
time="2024-08-02T16:14:45+01:00" level=info msg="getting pdf converter"
time="2024-08-02T16:14:45+01:00" level=info msg="converting pdf"
time="2024-08-02T16:14:45+01:00" level=info msg="downloaded without errors"
time="2024-08-02T16:14:45+01:00" level=info msg="downloading Chapter 72"
time="2024-08-02T16:14:45+01:00" level=info msg="checking if chapter is already downloaded"
time="2024-08-02T16:14:45+01:00" level=info msg="found 90 pages"
time="2024-08-02T16:14:51+01:00" level=info msg="getting pdf converter"
time="2024-08-02T16:14:51+01:00" level=info msg="converting pdf"
time="2024-08-02T16:14:51+01:00" level=info msg="downloaded without errors"
time="2024-08-02T16:14:51+01:00" level=info msg="downloading Chapter 73"
time="2024-08-02T16:14:51+01:00" level=info msg="checking if chapter is already downloaded"
time="2024-08-02T16:14:51+01:00" level=info msg="found 58 pages"
time="2024-08-02T16:14:57+01:00" level=info msg="getting pdf converter"
time="2024-08-02T16:14:57+01:00" level=info msg="converting pdf"
time="2024-08-02T16:14:57+01:00" level=info msg="downloaded without errors"
time="2024-08-02T16:14:57+01:00" level=info msg="downloading Chapter 74"
time="2024-08-02T16:14:57+01:00" level=info msg="checking if chapter is already downloaded"
time="2024-08-02T16:14:57+01:00" level=info msg="found 68 pages"
time="2024-08-02T16:15:04+01:00" level=info msg="getting pdf converter"
time="2024-08-02T16:15:04+01:00" level=info msg="converting pdf"
time="2024-08-02T16:15:04+01:00" level=info msg="downloaded without errors"
time="2024-08-02T16:15:04+01:00" level=info msg="downloading Chapter 75"
time="2024-08-02T16:15:04+01:00" level=info msg="checking if chapter is already downloaded"
time="2024-08-02T16:15:05+01:00" level=info msg="found 69 pages"
time="2024-08-02T16:15:12+01:00" level=info msg="getting pdf converter"
time="2024-08-02T16:15:12+01:00" level=info msg="converting pdf"
time="2024-08-02T16:15:12+01:00" level=info msg="downloaded without errors"
time="2024-08-02T16:15:12+01:00" level=info msg="downloading Chapter 76"
time="2024-08-02T16:15:12+01:00" level=info msg="checking if chapter is already downloaded"
time="2024-08-02T16:15:12+01:00" level=info msg="found 71 pages"
time="2024-08-02T16:15:15+01:00" level=info msg="getting pdf converter"
time="2024-08-02T16:15:15+01:00" level=info msg="converting pdf"
time="2024-08-02T16:15:16+01:00" level=info msg="downloaded without errors"
time="2024-08-02T16:15:16+01:00" level=info msg="downloading Chapter 77"
time="2024-08-02T16:15:16+01:00" level=info msg="checking if chapter is already downloaded"
time="2024-08-02T16:15:16+01:00" level=info msg="found 74 pages"
time="2024-08-02T16:15:23+01:00" level=info msg="getting pdf converter"
time="2024-08-02T16:15:23+01:00" level=info msg="converting pdf"
time="2024-08-02T16:15:23+01:00" level=info msg="downloaded without errors"
time="2024-08-02T16:15:23+01:00" level=info msg="downloading Chapter 78"
time="2024-08-02T16:15:23+01:00" level=info msg="checking if chapter is already downloaded"
time="2024-08-02T16:15:23+01:00" level=info msg="found 65 pages"
time="2024-08-02T16:15:43+01:00" level=info msg="getting pdf converter"
time="2024-08-02T16:15:43+01:00" level=info msg="converting pdf"
time="2024-08-02T16:15:43+01:00" level=info msg="downloaded without errors"
time="2024-08-02T16:15:43+01:00" level=info msg="downloading Chapter 79"
time="2024-08-02T16:15:43+01:00" level=info msg="checking if chapter is already downloaded"
time="2024-08-02T16:15:44+01:00" level=info msg="found 71 pages"
time="2024-08-02T16:15:50+01:00" level=info msg="getting pdf converter"
time="2024-08-02T16:15:50+01:00" level=info msg="converting pdf"
time="2024-08-02T16:15:50+01:00" level=info msg="downloaded without errors"
time="2024-08-02T16:15:50+01:00" level=info msg="downloading Chapter 80"
time="2024-08-02T16:15:50+01:00" level=info msg="checking if chapter is already downloaded"
time="2024-08-02T16:15:51+01:00" level=info msg="found 76 pages"
time="2024-08-02T16:15:56+01:00" level=info msg="getting pdf converter"
time="2024-08-02T16:15:56+01:00" level=info msg="converting pdf"
time="2024-08-02T16:15:57+01:00" level=info msg="downloaded without errors"
time="2024-08-02T16:15:57+01:00" level=info msg="downloading Chapter 81"
time="2024-08-02T16:15:57+01:00" level=info msg="checking if chapter is already downloaded"
time="2024-08-02T16:15:57+01:00" level=info msg="found 74 pages"
time="2024-08-02T16:16:00+01:00" level=info msg="getting pdf converter"
time="2024-08-02T16:16:00+01:00" level=info msg="converting pdf"
time="2024-08-02T16:16:00+01:00" level=info msg="downloaded without errors"
time="2024-08-02T16:16:00+01:00" level=info msg="downloading Chapter 82"
time="2024-08-02T16:16:00+01:00" level=info msg="checking if chapter is already downloaded"
time="2024-08-02T16:16:01+01:00" level=info msg="found 82 pages"
time="2024-08-02T16:16:30+01:00" level=info msg="getting pdf converter"
time="2024-08-02T16:16:30+01:00" level=info msg="converting pdf"
time="2024-08-02T16:16:30+01:00" level=info msg="downloaded without errors"
time="2024-08-02T16:16:30+01:00" level=info msg="downloading Chapter 83"
time="2024-08-02T16:16:30+01:00" level=info msg="checking if chapter is already downloaded"
time="2024-08-02T16:16:30+01:00" level=info msg="found 76 pages"
time="2024-08-02T16:16:36+01:00" level=info msg="getting pdf converter"
time="2024-08-02T16:16:36+01:00" level=info msg="converting pdf"
time="2024-08-02T16:16:36+01:00" level=info msg="downloaded without errors"
time="2024-08-02T16:16:36+01:00" level=info msg="downloading Chapter 84"
time="2024-08-02T16:16:36+01:00" level=info msg="checking if chapter is already downloaded"
time="2024-08-02T16:16:36+01:00" level=info msg="found 74 pages"
time="2024-08-02T16:16:42+01:00" level=info msg="getting pdf converter"
time="2024-08-02T16:16:42+01:00" level=info msg="converting pdf"
time="2024-08-02T16:16:42+01:00" level=info msg="downloaded without errors"
time="2024-08-02T16:16:42+01:00" level=info msg="downloading Chapter 85"
time="2024-08-02T16:16:42+01:00" level=info msg="checking if chapter is already downloaded"
time="2024-08-02T16:16:42+01:00" level=info msg="found 63 pages"
time="2024-08-02T16:16:46+01:00" level=info msg="getting pdf converter"
time="2024-08-02T16:16:46+01:00" level=info msg="converting pdf"
time="2024-08-02T16:16:46+01:00" level=info msg="downloaded without errors"
time="2024-08-02T16:16:46+01:00" level=info msg="downloading Chapter 86"
time="2024-08-02T16:16:46+01:00" level=info msg="checking if chapter is already downloaded"
time="2024-08-02T16:16:46+01:00" level=info msg="found 74 pages"
time="2024-08-02T16:16:51+01:00" level=info msg="getting pdf converter"
time="2024-08-02T16:16:51+01:00" level=info msg="converting pdf"
time="2024-08-02T16:16:51+01:00" level=info msg="downloaded without errors"
time="2024-08-02T16:16:51+01:00" level=info msg="downloading Chapter 87"
time="2024-08-02T16:16:51+01:00" level=info msg="checking if chapter is already downloaded"
time="2024-08-02T16:16:52+01:00" level=info msg="found 80 pages"
time="2024-08-02T16:16:58+01:00" level=info msg="getting pdf converter"
time="2024-08-02T16:16:58+01:00" level=info msg="converting pdf"
time="2024-08-02T16:16:58+01:00" level=info msg="downloaded without errors"
time="2024-08-02T16:16:58+01:00" level=info msg="downloading Chapter 88"
time="2024-08-02T16:16:58+01:00" level=info msg="checking if chapter is already downloaded"
time="2024-08-02T16:16:58+01:00" level=info msg="found 82 pages"
time="2024-08-02T16:17:05+01:00" level=info msg="getting pdf converter"
time="2024-08-02T16:17:05+01:00" level=info msg="converting pdf"
time="2024-08-02T16:17:05+01:00" level=info msg="downloaded without errors"
time="2024-08-02T16:17:05+01:00" level=info msg="downloading Chapter 89"
time="2024-08-02T16:17:05+01:00" level=info msg="checking if chapter is already downloaded"
time="2024-08-02T16:17:05+01:00" level=info msg="found 82 pages"
time="2024-08-02T16:17:08+01:00" level=info msg="getting pdf converter"
time="2024-08-02T16:17:08+01:00" level=info msg="converting pdf"
time="2024-08-02T16:17:08+01:00" level=info msg="downloaded without errors"
time="2024-08-02T16:17:08+01:00" level=info msg="downloading Chapter 90"
time="2024-08-02T16:17:08+01:00" level=info msg="checking if chapter is already downloaded"
time="2024-08-02T16:17:09+01:00" level=info msg="found 75 pages"
time="2024-08-02T16:17:21+01:00" level=info msg="getting pdf converter"
time="2024-08-02T16:17:21+01:00" level=info msg="converting pdf"
time="2024-08-02T16:17:21+01:00" level=info msg="downloaded without errors"
time="2024-08-02T16:17:21+01:00" level=info msg="downloading Chapter 91"
time="2024-08-02T16:17:21+01:00" level=info msg="checking if chapter is already downloaded"
time="2024-08-02T16:17:21+01:00" level=info msg="found 82 pages"
time="2024-08-02T16:17:27+01:00" level=info msg="getting pdf converter"
time="2024-08-02T16:17:27+01:00" level=info msg="converting pdf"
time="2024-08-02T16:17:27+01:00" level=info msg="downloaded without errors"
time="2024-08-02T16:17:27+01:00" level=info msg="downloading Chapter 92"
time="2024-08-02T16:17:27+01:00" level=info msg="checking if chapter is already downloaded"
time="2024-08-02T16:17:27+01:00" level=info msg="found 83 pages"
time="2024-08-02T16:17:38+01:00" level=info msg="getting pdf converter"
time="2024-08-02T16:17:38+01:00" level=info msg="converting pdf"
time="2024-08-02T16:17:38+01:00" level=info msg="downloaded without errors"
time="2024-08-02T16:17:38+01:00" level=info msg="downloading Chapter 93"
time="2024-08-02T16:17:38+01:00" level=info msg="checking if chapter is already downloaded"
time="2024-08-02T16:17:38+01:00" level=info msg="found 75 pages"
time="2024-08-02T16:17:42+01:00" level=info msg="getting pdf converter"
time="2024-08-02T16:17:42+01:00" level=info msg="converting pdf"
time="2024-08-02T16:17:42+01:00" level=info msg="downloaded without errors"
time="2024-08-02T16:17:42+01:00" level=info msg="downloading Chapter 94"
time="2024-08-02T16:17:42+01:00" level=info msg="checking if chapter is already downloaded"
time="2024-08-02T16:17:42+01:00" level=info msg="found 70 pages"
time="2024-08-02T16:17:55+01:00" level=info msg="getting pdf converter"
time="2024-08-02T16:17:55+01:00" level=info msg="converting pdf"
time="2024-08-02T16:17:55+01:00" level=info msg="downloaded without errors"
time="2024-08-02T16:17:55+01:00" level=info msg="downloading Chapter 95"
time="2024-08-02T16:17:55+01:00" level=info msg="checking if chapter is already downloaded"
time="2024-08-02T16:17:56+01:00" level=info msg="found 91 pages"
time="2024-08-02T16:17:59+01:00" level=info msg="getting pdf converter"
time="2024-08-02T16:17:59+01:00" level=info msg="converting pdf"
time="2024-08-02T16:17:59+01:00" level=info msg="downloaded without errors"
time="2024-08-02T16:17:59+01:00" level=info msg="downloading Chapter 96"
time="2024-08-02T16:17:59+01:00" level=info msg="checking if chapter is already downloaded"
time="2024-08-02T16:18:00+01:00" level=info msg="found 78 pages"
time="2024-08-02T16:18:05+01:00" level=info msg="getting pdf converter"
time="2024-08-02T16:18:05+01:00" level=info msg="converting pdf"
time="2024-08-02T16:18:05+01:00" level=info msg="downloaded without errors"
time="2024-08-02T16:18:05+01:00" level=info msg="downloading Chapter 97"
time="2024-08-02T16:18:05+01:00" level=info msg="checking if chapter is already downloaded"
time="2024-08-02T16:18:05+01:00" level=info msg="found 83 pages"
time="2024-08-02T16:18:11+01:00" level=info msg="getting pdf converter"
time="2024-08-02T16:18:11+01:00" level=info msg="converting pdf"
time="2024-08-02T16:18:11+01:00" level=info msg="downloaded without errors"
time="2024-08-02T16:18:11+01:00" level=info msg="downloading Chapter 98"
time="2024-08-02T16:18:11+01:00" level=info msg="checking if chapter is already downloaded"
time="2024-08-02T16:18:12+01:00" level=info msg="found 73 pages"
time="2024-08-02T16:18:23+01:00" level=info msg="getting pdf converter"
time="2024-08-02T16:18:23+01:00" level=info msg="converting pdf"
time="2024-08-02T16:18:23+01:00" level=info msg="downloaded without errors"
time="2024-08-02T16:18:23+01:00" level=info msg="downloading Chapter 99"
time="2024-08-02T16:18:23+01:00" level=info msg="checking if chapter is already downloaded"
time="2024-08-02T16:18:23+01:00" level=info msg="found 88 pages"
time="2024-08-02T16:18:27+01:00" level=info msg="getting pdf converter"
time="2024-08-02T16:18:27+01:00" level=info msg="converting pdf"
time="2024-08-02T16:18:27+01:00" level=info msg="downloaded without errors"
time="2024-08-02T16:18:27+01:00" level=info msg="downloading Chapter 100"
time="2024-08-02T16:18:27+01:00" level=info msg="checking if chapter is already downloaded"
time="2024-08-02T16:18:27+01:00" level=info msg="found 86 pages"
time="2024-08-02T16:18:39+01:00" level=info msg="getting pdf converter"
time="2024-08-02T16:18:39+01:00" level=info msg="converting pdf"
time="2024-08-02T16:18:39+01:00" level=info msg="downloaded without errors"
time="2024-08-02T16:18:39+01:00" level=info msg="downloading Chapter 101"
time="2024-08-02T16:18:39+01:00" level=info msg="checking if chapter is already downloaded"
time="2024-08-02T16:18:40+01:00" level=info msg="found 79 pages"
time="2024-08-02T16:18:47+01:00" level=info msg="getting pdf converter"
time="2024-08-02T16:18:47+01:00" level=info msg="converting pdf"
time="2024-08-02T16:18:47+01:00" level=info msg="downloaded without errors"
time="2024-08-02T16:18:47+01:00" level=info msg="downloading Chapter 102"
time="2024-08-02T16:18:47+01:00" level=info msg="checking if chapter is already downloaded"
time="2024-08-02T16:18:47+01:00" level=info msg="found 81 pages"
time="2024-08-02T16:19:04+01:00" level=info msg="getting pdf converter"
time="2024-08-02T16:19:04+01:00" level=info msg="converting pdf"
time="2024-08-02T16:19:04+01:00" level=info msg="downloaded without errors"
time="2024-08-02T16:19:04+01:00" level=info msg="downloading Chapter 103"
time="2024-08-02T16:19:04+01:00" level=info msg="checking if chapter is already downloaded"
time="2024-08-02T16:19:05+01:00" level=info msg="found 86 pages"
time="2024-08-02T16:19:10+01:00" level=info msg="getting pdf converter"
time="2024-08-02T16:19:10+01:00" level=info msg="converting pdf"
time="2024-08-02T16:19:10+01:00" level=info msg="downloaded without errors"
time="2024-08-02T16:19:10+01:00" level=info msg="downloading Chapter 104"
time="2024-08-02T16:19:10+01:00" level=info msg="checking if chapter is already downloaded"
time="2024-08-02T16:19:10+01:00" level=info msg="found 75 pages"
time="2024-08-02T16:19:21+01:00" level=info msg="getting pdf converter"
time="2024-08-02T16:19:21+01:00" level=info msg="converting pdf"
time="2024-08-02T16:19:22+01:00" level=info msg="downloaded without errors"
time="2024-08-02T16:19:22+01:00" level=info msg="downloading Chapter 105"
time="2024-08-02T16:19:22+01:00" level=info msg="checking if chapter is already downloaded"
time="2024-08-02T16:19:22+01:00" level=info msg="found 81 pages"
time="2024-08-02T16:19:26+01:00" level=info msg="getting pdf converter"
time="2024-08-02T16:19:26+01:00" level=info msg="converting pdf"
time="2024-08-02T16:19:26+01:00" level=info msg="downloaded without errors"
time="2024-08-02T16:19:26+01:00" level=info msg="downloading Chapter 106"
time="2024-08-02T16:19:26+01:00" level=info msg="checking if chapter is already downloaded"
time="2024-08-02T16:19:27+01:00" level=info msg="found 68 pages"
time="2024-08-02T16:19:29+01:00" level=info msg="getting pdf converter"
time="2024-08-02T16:19:29+01:00" level=info msg="converting pdf"
time="2024-08-02T16:19:29+01:00" level=info msg="downloaded without errors"
time="2024-08-02T16:19:29+01:00" level=info msg="downloading Chapter 107"
time="2024-08-02T16:19:29+01:00" level=info msg="checking if chapter is already downloaded"
time="2024-08-02T16:19:29+01:00" level=info msg="found 79 pages"
time="2024-08-02T16:19:31+01:00" level=info msg="getting pdf converter"
time="2024-08-02T16:19:31+01:00" level=info msg="converting pdf"
time="2024-08-02T16:19:31+01:00" level=info msg="downloaded without errors"
time="2024-08-02T16:19:31+01:00" level=info msg="downloading Chapter 108"
time="2024-08-02T16:19:31+01:00" level=info msg="checking if chapter is already downloaded"
time="2024-08-02T16:19:32+01:00" level=info msg="found 75 pages"
time="2024-08-02T16:19:37+01:00" level=info msg="getting pdf converter"
time="2024-08-02T16:19:37+01:00" level=info msg="converting pdf"
time="2024-08-02T16:19:37+01:00" level=info msg="downloaded without errors"
time="2024-08-02T16:19:37+01:00" level=info msg="downloading Chapter 109"
time="2024-08-02T16:19:37+01:00" level=info msg="checking if chapter is already downloaded"
time="2024-08-02T16:19:37+01:00" level=info msg="found 66 pages"
time="2024-08-02T16:19:40+01:00" level=info msg="getting pdf converter"
time="2024-08-02T16:19:40+01:00" level=info msg="converting pdf"
time="2024-08-02T16:19:40+01:00" level=info msg="downloaded without errors"
time="2024-08-02T16:19:40+01:00" level=info msg="downloading Chapter 110"
time="2024-08-02T16:19:40+01:00" level=info msg="checking if chapter is already downloaded"
time="2024-08-02T16:19:41+01:00" level=info msg="found 88 pages"
time="2024-08-02T16:19:43+01:00" level=info msg="getting pdf converter"
time="2024-08-02T16:19:43+01:00" level=info msg="converting pdf"
time="2024-08-02T16:19:43+01:00" level=info msg="downloaded without errors"
time="2024-08-02T16:19:43+01:00" level=info msg="downloading Chapter 111"
time="2024-08-02T16:19:43+01:00" level=info msg="checking if chapter is already downloaded"
time="2024-08-02T16:19:43+01:00" level=info msg="found 69 pages"
time="2024-08-02T16:19:46+01:00" level=info msg="getting pdf converter"
time="2024-08-02T16:19:46+01:00" level=info msg="converting pdf"
time="2024-08-02T16:19:46+01:00" level=info msg="downloaded without errors"
time="2024-08-02T16:19:46+01:00" level=info msg="downloading Chapter 112"
time="2024-08-02T16:19:46+01:00" level=info msg="checking if chapter is already downloaded"
time="2024-08-02T16:19:47+01:00" level=info msg="found 77 pages"
time="2024-08-02T16:19:50+01:00" level=info msg="getting pdf converter"
time="2024-08-02T16:19:50+01:00" level=info msg="converting pdf"
time="2024-08-02T16:19:50+01:00" level=info msg="downloaded without errors"
time="2024-08-02T16:19:50+01:00" level=info msg="downloading Chapter 113"
time="2024-08-02T16:19:50+01:00" level=info msg="checking if chapter is already downloaded"
time="2024-08-02T16:19:50+01:00" level=info msg="found 91 pages"
time="2024-08-02T16:19:56+01:00" level=info msg="getting pdf converter"
time="2024-08-02T16:19:56+01:00" level=info msg="converting pdf"
time="2024-08-02T16:19:56+01:00" level=info msg="downloaded without errors"
time="2024-08-02T16:19:56+01:00" level=info msg="downloading Chapter 114"
time="2024-08-02T16:19:56+01:00" level=info msg="checking if chapter is already downloaded"
time="2024-08-02T16:19:56+01:00" level=info msg="found 88 pages"
time="2024-08-02T16:20:01+01:00" level=info msg="getting pdf converter"
time="2024-08-02T16:20:01+01:00" level=info msg="converting pdf"
time="2024-08-02T16:20:01+01:00" level=info msg="downloaded without errors"
time="2024-08-02T16:20:01+01:00" level=info msg="downloading Chapter 115"
time="2024-08-02T16:20:01+01:00" level=info msg="checking if chapter is already downloaded"
time="2024-08-02T16:20:01+01:00" level=info msg="found 92 pages"
time="2024-08-02T16:20:03+01:00" level=info msg="getting pdf converter"
time="2024-08-02T16:20:03+01:00" level=info msg="converting pdf"
time="2024-08-02T16:20:03+01:00" level=info msg="downloaded without errors"
time="2024-08-02T16:20:03+01:00" level=info msg="downloading Chapter 116"
time="2024-08-02T16:20:03+01:00" level=info msg="checking if chapter is already downloaded"
time="2024-08-02T16:20:03+01:00" level=info msg="found 94 pages"
time="2024-08-02T16:20:20+01:00" level=info msg="getting pdf converter"
time="2024-08-02T16:20:20+01:00" level=info msg="converting pdf"
time="2024-08-02T16:20:21+01:00" level=info msg="downloaded without errors"
time="2024-08-02T16:20:21+01:00" level=info msg="downloading Chapter 117"
time="2024-08-02T16:20:21+01:00" level=info msg="checking if chapter is already downloaded"
time="2024-08-02T16:20:21+01:00" level=info msg="found 106 pages"
time="2024-08-02T16:20:24+01:00" level=error msg="read tcp 10.131.98.92:48898->104.21.235.49:443: read: connection reset by peer"
time="2024-08-02T16:20:24+01:00" level=info msg="downloading Chapter 118"
time="2024-08-02T16:20:24+01:00" level=info msg="checking if chapter is already downloaded"
time="2024-08-02T16:20:24+01:00" level=info msg="found 98 pages"
time="2024-08-02T16:20:37+01:00" level=info msg="getting pdf converter"
time="2024-08-02T16:20:37+01:00" level=info msg="converting pdf"
time="2024-08-02T16:20:37+01:00" level=info msg="downloaded without errors"
time="2024-08-02T16:20:37+01:00" level=info msg="downloading Chapter 119"
time="2024-08-02T16:20:37+01:00" level=info msg="checking if chapter is already downloaded"
time="2024-08-02T16:20:37+01:00" level=info msg="found 121 pages"
time="2024-08-02T16:20:41+01:00" level=info msg="getting pdf converter"
time="2024-08-02T16:20:41+01:00" level=info msg="converting pdf"
time="2024-08-02T16:20:41+01:00" level=info msg="downloaded without errors"
time="2024-08-02T16:20:41+01:00" level=info msg="downloading Chapter 120"
time="2024-08-02T16:20:41+01:00" level=info msg="checking if chapter is already downloaded"
time="2024-08-02T16:20:42+01:00" level=info msg="found 105 pages"
time="2024-08-02T16:20:51+01:00" level=info msg="getting pdf converter"
time="2024-08-02T16:20:51+01:00" level=info msg="converting pdf"
time="2024-08-02T16:20:51+01:00" level=info msg="downloaded without errors"
time="2024-08-02T16:20:51+01:00" level=info msg="downloading Chapter 121"
time="2024-08-02T16:20:51+01:00" level=info msg="checking if chapter is already downloaded"
time="2024-08-02T16:20:51+01:00" level=info msg="found 93 pages"
time="2024-08-02T16:21:02+01:00" level=info msg="getting pdf converter"
time="2024-08-02T16:21:02+01:00" level=info msg="converting pdf"
time="2024-08-02T16:21:02+01:00" level=info msg="downloaded without errors"
time="2024-08-02T16:21:02+01:00" level=info msg="downloading Chapter 122"
time="2024-08-02T16:21:02+01:00" level=info msg="checking if chapter is already downloaded"
time="2024-08-02T16:21:02+01:00" level=info msg="found 99 pages"
time="2024-08-02T16:21:07+01:00" level=info msg="getting pdf converter"
time="2024-08-02T16:21:07+01:00" level=info msg="converting pdf"
time="2024-08-02T16:21:07+01:00" level=info msg="downloaded without errors"
time="2024-08-02T16:21:07+01:00" level=info msg="downloading Chapter 123"
time="2024-08-02T16:21:07+01:00" level=info msg="checking if chapter is already downloaded"
time="2024-08-02T16:21:07+01:00" level=info msg="found 97 pages"
time="2024-08-02T16:21:29+01:00" level=info msg="getting pdf converter"
time="2024-08-02T16:21:29+01:00" level=info msg="converting pdf"
time="2024-08-02T16:21:29+01:00" level=info msg="downloaded without errors"
time="2024-08-02T16:21:29+01:00" level=info msg="downloading Chapter 124"
time="2024-08-02T16:21:29+01:00" level=info msg="checking if chapter is already downloaded"
time="2024-08-02T16:21:30+01:00" level=info msg="found 104 pages"
time="2024-08-02T16:21:33+01:00" level=info msg="getting pdf converter"
time="2024-08-02T16:21:33+01:00" level=info msg="converting pdf"
time="2024-08-02T16:21:33+01:00" level=info msg="downloaded without errors"
time="2024-08-02T16:21:33+01:00" level=info msg="downloading Chapter 125"
time="2024-08-02T16:21:33+01:00" level=info msg="checking if chapter is already downloaded"
time="2024-08-02T16:21:34+01:00" level=info msg="found 105 pages"
time="2024-08-02T16:21:37+01:00" level=info msg="getting pdf converter"
time="2024-08-02T16:21:37+01:00" level=info msg="converting pdf"
time="2024-08-02T16:21:37+01:00" level=info msg="downloaded without errors"
time="2024-08-02T16:21:37+01:00" level=info msg="downloading Chapter 126"
time="2024-08-02T16:21:37+01:00" level=info msg="checking if chapter is already downloaded"
time="2024-08-02T16:21:38+01:00" level=info msg="found 108 pages"
time="2024-08-02T16:21:43+01:00" level=info msg="getting pdf converter"
time="2024-08-02T16:21:43+01:00" level=info msg="converting pdf"
time="2024-08-02T16:21:43+01:00" level=info msg="downloaded without errors"
time="2024-08-02T16:21:43+01:00" level=info msg="downloading Chapter 127"
time="2024-08-02T16:21:43+01:00" level=info msg="checking if chapter is already downloaded"
time="2024-08-02T16:21:43+01:00" level=info msg="found 75 pages"
time="2024-08-02T16:22:02+01:00" level=info msg="getting pdf converter"
time="2024-08-02T16:22:02+01:00" level=info msg="converting pdf"
time="2024-08-02T16:22:02+01:00" level=info msg="downloaded without errors"
time="2024-08-02T16:22:02+01:00" level=info msg="downloading Chapter 128"
time="2024-08-02T16:22:02+01:00" level=info msg="checking if chapter is already downloaded"
time="2024-08-02T16:22:02+01:00" level=info msg="found 90 pages"
time="2024-08-02T16:22:05+01:00" level=info msg="getting pdf converter"
time="2024-08-02T16:22:05+01:00" level=info msg="converting pdf"
time="2024-08-02T16:22:06+01:00" level=info msg="downloaded without errors"
time="2024-08-02T16:22:06+01:00" level=info msg="downloading Chapter 129"
time="2024-08-02T16:22:06+01:00" level=info msg="checking if chapter is already downloaded"
time="2024-08-02T16:22:06+01:00" level=info msg="found 75 pages"
time="2024-08-02T16:22:10+01:00" level=info msg="getting pdf converter"
time="2024-08-02T16:22:10+01:00" level=info msg="converting pdf"
time="2024-08-02T16:22:10+01:00" level=info msg="downloaded without errors"
time="2024-08-02T16:22:10+01:00" level=info msg="downloading Chapter 130"
time="2024-08-02T16:22:10+01:00" level=info msg="checking if chapter is already downloaded"
time="2024-08-02T16:22:10+01:00" level=info msg="found 77 pages"
time="2024-08-02T16:22:18+01:00" level=info msg="getting pdf converter"
time="2024-08-02T16:22:18+01:00" level=info msg="converting pdf"
time="2024-08-02T16:22:18+01:00" level=info msg="downloaded without errors"
time="2024-08-02T16:22:18+01:00" level=info msg="downloading Chapter 131"
time="2024-08-02T16:22:18+01:00" level=info msg="checking if chapter is already downloaded"
time="2024-08-02T16:22:19+01:00" level=info msg="found 80 pages"
time="2024-08-02T16:22:31+01:00" level=info msg="getting pdf converter"
time="2024-08-02T16:22:31+01:00" level=info msg="converting pdf"
time="2024-08-02T16:22:31+01:00" level=info msg="downloaded without errors"
time="2024-08-02T16:22:31+01:00" level=info msg="downloading Chapter 132"
time="2024-08-02T16:22:31+01:00" level=info msg="checking if chapter is already downloaded"
time="2024-08-02T16:22:31+01:00" level=info msg="found 95 pages"
time="2024-08-02T16:22:37+01:00" level=info msg="getting pdf converter"
time="2024-08-02T16:22:37+01:00" level=info msg="converting pdf"
time="2024-08-02T16:22:37+01:00" level=info msg="downloaded without errors"
time="2024-08-02T16:22:37+01:00" level=info msg="downloading Chapter 133"
time="2024-08-02T16:22:37+01:00" level=info msg="checking if chapter is already downloaded"
time="2024-08-02T16:22:37+01:00" level=info msg="found 97 pages"
time="2024-08-02T16:22:43+01:00" level=info msg="getting pdf converter"
time="2024-08-02T16:22:43+01:00" level=info msg="converting pdf"
time="2024-08-02T16:22:43+01:00" level=info msg="downloaded without errors"
time="2024-08-02T16:22:43+01:00" level=info msg="downloading Chapter 134"
time="2024-08-02T16:22:43+01:00" level=info msg="checking if chapter is already downloaded"
time="2024-08-02T16:22:43+01:00" level=info msg="found 99 pages"
time="2024-08-02T16:22:46+01:00" level=info msg="getting pdf converter"
time="2024-08-02T16:22:46+01:00" level=info msg="converting pdf"
time="2024-08-02T16:22:46+01:00" level=info msg="downloaded without errors"
time="2024-08-02T16:22:46+01:00" level=info msg="downloading Chapter 135"
time="2024-08-02T16:22:46+01:00" level=info msg="checking if chapter is already downloaded"
time="2024-08-02T16:22:46+01:00" level=info msg="found 79 pages"
time="2024-08-02T16:22:52+01:00" level=info msg="getting pdf converter"
time="2024-08-02T16:22:52+01:00" level=info msg="converting pdf"
time="2024-08-02T16:22:52+01:00" level=info msg="downloaded without errors"
time="2024-08-02T16:22:52+01:00" level=info msg="downloading Chapter 136"
time="2024-08-02T16:22:52+01:00" level=info msg="checking if chapter is already downloaded"
time="2024-08-02T16:22:53+01:00" level=info msg="found 76 pages"
time="2024-08-02T16:22:56+01:00" level=error msg="read tcp 10.131.98.92:57326->104.21.235.49:443: read: connection reset by peer"
time="2024-08-02T16:22:56+01:00" level=info msg="downloading Chapter 137"
time="2024-08-02T16:22:56+01:00" level=info msg="checking if chapter is already downloaded"
time="2024-08-02T16:22:56+01:00" level=info msg="found 74 pages"
time="2024-08-02T16:23:05+01:00" level=info msg="getting pdf converter"
time="2024-08-02T16:23:05+01:00" level=info msg="converting pdf"
time="2024-08-02T16:23:05+01:00" level=info msg="downloaded without errors"
time="2024-08-02T16:23:05+01:00" level=info msg="downloading Chapter 138"
time="2024-08-02T16:23:05+01:00" level=info msg="checking if chapter is already downloaded"
time="2024-08-02T16:23:05+01:00" level=info msg="found 91 pages"
time="2024-08-02T16:23:11+01:00" level=info msg="getting pdf converter"
time="2024-08-02T16:23:11+01:00" level=info msg="converting pdf"
time="2024-08-02T16:23:12+01:00" level=info msg="downloaded without errors"
time="2024-08-02T16:23:12+01:00" level=info msg="downloading Chapter 139"
time="2024-08-02T16:23:12+01:00" level=info msg="checking if chapter is already downloaded"
time="2024-08-02T16:23:12+01:00" level=info msg="found 123 pages"
time="2024-08-02T16:23:25+01:00" level=info msg="getting pdf converter"
time="2024-08-02T16:23:25+01:00" level=info msg="converting pdf"
time="2024-08-02T16:23:25+01:00" level=info msg="downloaded without errors"
time="2024-08-02T16:23:25+01:00" level=info msg="downloading Chapter 140"
time="2024-08-02T16:23:25+01:00" level=info msg="checking if chapter is already downloaded"
time="2024-08-02T16:23:25+01:00" level=info msg="found 91 pages"
time="2024-08-02T16:23:32+01:00" level=info msg="getting pdf converter"
time="2024-08-02T16:23:32+01:00" level=info msg="converting pdf"
time="2024-08-02T16:23:32+01:00" level=info msg="downloaded without errors"
time="2024-08-02T16:23:32+01:00" level=info msg="downloading Chapter 141"
time="2024-08-02T16:23:32+01:00" level=info msg="checking if chapter is already downloaded"
time="2024-08-02T16:23:32+01:00" level=info msg="found 66 pages"
time="2024-08-02T16:23:39+01:00" level=info msg="getting pdf converter"
time="2024-08-02T16:23:39+01:00" level=info msg="converting pdf"
time="2024-08-02T16:23:39+01:00" level=info msg="downloaded without errors"
time="2024-08-02T16:23:39+01:00" level=info msg="downloading Chapter 142"
time="2024-08-02T16:23:39+01:00" level=info msg="checking if chapter is already downloaded"
time="2024-08-02T16:23:39+01:00" level=info msg="found 87 pages"
time="2024-08-02T16:23:49+01:00" level=info msg="getting pdf converter"
time="2024-08-02T16:23:49+01:00" level=info msg="converting pdf"
time="2024-08-02T16:23:49+01:00" level=info msg="downloaded without errors"
time="2024-08-02T16:23:49+01:00" level=info msg="downloading Chapter 143"
time="2024-08-02T16:23:49+01:00" level=info msg="checking if chapter is already downloaded"
time="2024-08-02T16:23:49+01:00" level=info msg="found 76 pages"
time="2024-08-02T16:24:03+01:00" level=info msg="getting pdf converter"
time="2024-08-02T16:24:03+01:00" level=info msg="converting pdf"
time="2024-08-02T16:24:03+01:00" level=info msg="downloaded without errors"
time="2024-08-02T16:24:03+01:00" level=info msg="downloading Chapter 144"
time="2024-08-02T16:24:03+01:00" level=info msg="checking if chapter is already downloaded"
time="2024-08-02T16:24:03+01:00" level=info msg="found 80 pages"
time="2024-08-02T16:24:07+01:00" level=info msg="getting pdf converter"
time="2024-08-02T16:24:07+01:00" level=info msg="converting pdf"
time="2024-08-02T16:24:07+01:00" level=info msg="downloaded without errors"
time="2024-08-02T16:24:07+01:00" level=info msg="downloading Chapter 145"
time="2024-08-02T16:24:07+01:00" level=info msg="checking if chapter is already downloaded"
time="2024-08-02T16:24:07+01:00" level=info msg="found 89 pages"
time="2024-08-02T16:24:15+01:00" level=info msg="getting pdf converter"
time="2024-08-02T16:24:15+01:00" level=info msg="converting pdf"
time="2024-08-02T16:24:16+01:00" level=info msg="downloaded without errors"
time="2024-08-02T16:24:16+01:00" level=info msg="downloading Chapter 146"
time="2024-08-02T16:24:16+01:00" level=info msg="checking if chapter is already downloaded"
time="2024-08-02T16:24:16+01:00" level=info msg="found 115 pages"
time="2024-08-02T16:24:30+01:00" level=info msg="getting pdf converter"
time="2024-08-02T16:24:30+01:00" level=info msg="converting pdf"
time="2024-08-02T16:24:30+01:00" level=info msg="downloaded without errors"
time="2024-08-02T16:24:30+01:00" level=info msg="downloading Chapter 147"
time="2024-08-02T16:24:30+01:00" level=info msg="checking if chapter is already downloaded"
time="2024-08-02T16:24:30+01:00" level=info msg="found 94 pages"
time="2024-08-02T16:24:36+01:00" level=info msg="getting pdf converter"
time="2024-08-02T16:24:36+01:00" level=info msg="converting pdf"
time="2024-08-02T16:24:36+01:00" level=info msg="downloaded without errors"
time="2024-08-02T16:24:36+01:00" level=info msg="downloading Chapter 148"
time="2024-08-02T16:24:36+01:00" level=info msg="checking if chapter is already downloaded"
time="2024-08-02T16:24:36+01:00" level=info msg="found 88 pages"
time="2024-08-02T16:24:39+01:00" level=info msg="getting pdf converter"
time="2024-08-02T16:24:39+01:00" level=info msg="converting pdf"
time="2024-08-02T16:24:40+01:00" level=info msg="downloaded without errors"
time="2024-08-02T16:24:40+01:00" level=info msg="downloading Chapter 149"
time="2024-08-02T16:24:40+01:00" level=info msg="checking if chapter is already downloaded"
time="2024-08-02T16:24:40+01:00" level=info msg="found 100 pages"
time="2024-08-02T16:24:41+01:00" level=error msg="Get \"https://cdn.readdetectiveconan.com/file/mangap/5134/10149000/13.jpeg?t=1668600532\": read tcp 10.131.98.92:39124->104.21.235.50:443: read: connection reset by peer"
time="2024-08-02T16:24:41+01:00" level=error msg="read tcp 10.131.98.92:39124->104.21.235.50:443: read: connection reset by peer"
time="2024-08-02T16:24:41+01:00" level=info msg="downloading Chapter 150"
time="2024-08-02T16:24:41+01:00" level=info msg="checking if chapter is already downloaded"
time="2024-08-02T16:24:42+01:00" level=info msg="found 85 pages"
time="2024-08-02T16:24:49+01:00" level=info msg="getting pdf converter"
time="2024-08-02T16:24:49+01:00" level=info msg="converting pdf"
time="2024-08-02T16:24:49+01:00" level=info msg="downloaded without errors"
time="2024-08-02T16:24:49+01:00" level=info msg="downloading Chapter 151"
time="2024-08-02T16:24:49+01:00" level=info msg="checking if chapter is already downloaded"
time="2024-08-02T16:24:49+01:00" level=info msg="found 89 pages"
time="2024-08-02T16:25:01+01:00" level=info msg="getting pdf converter"
time="2024-08-02T16:25:01+01:00" level=info msg="converting pdf"
time="2024-08-02T16:25:01+01:00" level=info msg="downloaded without errors"
time="2024-08-02T16:25:01+01:00" level=info msg="downloading Chapter 152"
time="2024-08-02T16:25:01+01:00" level=info msg="checking if chapter is already downloaded"
time="2024-08-02T16:25:02+01:00" level=info msg="found 102 pages"
time="2024-08-02T16:25:06+01:00" level=info msg="getting pdf converter"
time="2024-08-02T16:25:06+01:00" level=info msg="converting pdf"
time="2024-08-02T16:25:06+01:00" level=info msg="downloaded without errors"
time="2024-08-02T16:25:06+01:00" level=info msg="downloading Chapter 153"
time="2024-08-02T16:25:06+01:00" level=info msg="checking if chapter is already downloaded"
time="2024-08-02T16:25:06+01:00" level=info msg="found 95 pages"
time="2024-08-02T16:25:12+01:00" level=info msg="getting pdf converter"
time="2024-08-02T16:25:12+01:00" level=info msg="converting pdf"
time="2024-08-02T16:25:12+01:00" level=info msg="downloaded without errors"
time="2024-08-02T16:25:12+01:00" level=info msg="downloading Chapter 154"
time="2024-08-02T16:25:12+01:00" level=info msg="checking if chapter is already downloaded"
time="2024-08-02T16:25:12+01:00" level=info msg="found 100 pages"
time="2024-08-02T16:25:17+01:00" level=info msg="getting pdf converter"
time="2024-08-02T16:25:17+01:00" level=info msg="converting pdf"
time="2024-08-02T16:25:17+01:00" level=info msg="downloaded without errors"
time="2024-08-02T16:25:17+01:00" level=info msg="downloading Chapter 155"
time="2024-08-02T16:25:17+01:00" level=info msg="checking if chapter is already downloaded"
time="2024-08-02T16:25:17+01:00" level=info msg="found 84 pages"
time="2024-08-02T16:25:20+01:00" level=info msg="getting pdf converter"
time="2024-08-02T16:25:20+01:00" level=info msg="converting pdf"
time="2024-08-02T16:25:21+01:00" level=info msg="downloaded without errors"
time="2024-08-02T16:25:21+01:00" level=info msg="downloading Chapter 156"
time="2024-08-02T16:25:21+01:00" level=info msg="checking if chapter is already downloaded"
time="2024-08-02T16:25:21+01:00" level=info msg="found 112 pages"
time="2024-08-02T16:25:37+01:00" level=info msg="getting pdf converter"
time="2024-08-02T16:25:37+01:00" level=info msg="converting pdf"
time="2024-08-02T16:25:37+01:00" level=info msg="downloaded without errors"
time="2024-08-02T16:25:37+01:00" level=info msg="downloading Chapter 157"
time="2024-08-02T16:25:37+01:00" level=info msg="checking if chapter is already downloaded"
time="2024-08-02T16:25:37+01:00" level=info msg="found 74 pages"
time="2024-08-02T16:25:40+01:00" level=info msg="getting pdf converter"
time="2024-08-02T16:25:40+01:00" level=info msg="converting pdf"
time="2024-08-02T16:25:40+01:00" level=info msg="downloaded without errors"
time="2024-08-02T16:25:40+01:00" level=info msg="downloading Chapter 158"
time="2024-08-02T16:25:40+01:00" level=info msg="checking if chapter is already downloaded"
time="2024-08-02T16:25:40+01:00" level=info msg="found 85 pages"
time="2024-08-02T16:25:55+01:00" level=info msg="getting pdf converter"
time="2024-08-02T16:25:55+01:00" level=info msg="converting pdf"
time="2024-08-02T16:25:55+01:00" level=info msg="downloaded without errors"
time="2024-08-02T16:25:55+01:00" level=info msg="downloading Chapter 159"
time="2024-08-02T16:25:55+01:00" level=info msg="checking if chapter is already downloaded"
time="2024-08-02T16:25:55+01:00" level=info msg="found 80 pages"
time="2024-08-02T16:25:59+01:00" level=info msg="getting pdf converter"
time="2024-08-02T16:25:59+01:00" level=info msg="converting pdf"
time="2024-08-02T16:25:59+01:00" level=info msg="downloaded without errors"
time="2024-08-02T16:25:59+01:00" level=info msg="downloading Chapter 160"
time="2024-08-02T16:25:59+01:00" level=info msg="checking if chapter is already downloaded"
time="2024-08-02T16:25:59+01:00" level=info msg="found 82 pages"
time="2024-08-02T16:26:03+01:00" level=info msg="getting pdf converter"
time="2024-08-02T16:26:03+01:00" level=info msg="converting pdf"
time="2024-08-02T16:26:04+01:00" level=info msg="downloaded without errors"
time="2024-08-02T16:26:04+01:00" level=info msg="downloading Chapter 161"
time="2024-08-02T16:26:04+01:00" level=info msg="checking if chapter is already downloaded"
time="2024-08-02T16:26:04+01:00" level=info msg="found 87 pages"
time="2024-08-02T16:26:06+01:00" level=info msg="getting pdf converter"
time="2024-08-02T16:26:06+01:00" level=info msg="converting pdf"
time="2024-08-02T16:26:06+01:00" level=info msg="downloaded without errors"
time="2024-08-02T16:26:06+01:00" level=info msg="downloading Chapter 162"
time="2024-08-02T16:26:06+01:00" level=info msg="checking if chapter is already downloaded"
time="2024-08-02T16:26:07+01:00" level=info msg="found 107 pages"
time="2024-08-02T16:26:11+01:00" level=info msg="getting pdf converter"
time="2024-08-02T16:26:11+01:00" level=info msg="converting pdf"
time="2024-08-02T16:26:11+01:00" level=info msg="downloaded without errors"
time="2024-08-02T16:26:11+01:00" level=info msg="downloading Chapter 163"
time="2024-08-02T16:26:11+01:00" level=info msg="checking if chapter is already downloaded"
time="2024-08-02T16:26:12+01:00" level=info msg="found 95 pages"
time="2024-08-02T16:26:15+01:00" level=info msg="getting pdf converter"
time="2024-08-02T16:26:15+01:00" level=info msg="converting pdf"
time="2024-08-02T16:26:15+01:00" level=info msg="downloaded without errors"
time="2024-08-02T16:26:15+01:00" level=info msg="downloading Chapter 164"
time="2024-08-02T16:26:15+01:00" level=info msg="checking if chapter is already downloaded"
time="2024-08-02T16:26:15+01:00" level=info msg="found 78 pages"
time="2024-08-02T16:26:19+01:00" level=info msg="getting pdf converter"
time="2024-08-02T16:26:19+01:00" level=info msg="converting pdf"
time="2024-08-02T16:26:19+01:00" level=info msg="downloaded without errors"
time="2024-08-02T16:26:19+01:00" level=info msg="downloading Chapter 165"
time="2024-08-02T16:26:19+01:00" level=info msg="checking if chapter is already downloaded"
time="2024-08-02T16:26:19+01:00" level=info msg="found 87 pages"
time="2024-08-02T16:26:27+01:00" level=info msg="getting pdf converter"
time="2024-08-02T16:26:27+01:00" level=info msg="converting pdf"
time="2024-08-02T16:26:27+01:00" level=info msg="downloaded without errors"
time="2024-08-02T16:26:27+01:00" level=info msg="downloading Chapter 166"
time="2024-08-02T16:26:27+01:00" level=info msg="checking if chapter is already downloaded"
time="2024-08-02T16:26:27+01:00" level=info msg="found 104 pages"
time="2024-08-02T16:26:37+01:00" level=info msg="getting pdf converter"
time="2024-08-02T16:26:37+01:00" level=info msg="converting pdf"
time="2024-08-02T16:26:38+01:00" level=info msg="downloaded without errors"
time="2024-08-02T16:26:38+01:00" level=info msg="downloading Chapter 167"
time="2024-08-02T16:26:38+01:00" level=info msg="checking if chapter is already downloaded"
time="2024-08-02T16:26:38+01:00" level=info msg="found 66 pages"
time="2024-08-02T16:26:47+01:00" level=info msg="getting pdf converter"
time="2024-08-02T16:26:47+01:00" level=info msg="converting pdf"
time="2024-08-02T16:26:47+01:00" level=info msg="downloaded without errors"
time="2024-08-02T16:26:47+01:00" level=info msg="downloading Chapter 168"
time="2024-08-02T16:26:47+01:00" level=info msg="checking if chapter is already downloaded"
time="2024-08-02T16:26:47+01:00" level=info msg="found 98 pages"
time="2024-08-02T16:26:52+01:00" level=info msg="getting pdf converter"
time="2024-08-02T16:26:52+01:00" level=info msg="converting pdf"
time="2024-08-02T16:26:52+01:00" level=info msg="downloaded without errors"
time="2024-08-02T16:26:52+01:00" level=info msg="downloading Chapter 169"
time="2024-08-02T16:26:52+01:00" level=info msg="checking if chapter is already downloaded"
time="2024-08-02T16:26:52+01:00" level=info msg="found 75 pages"
time="2024-08-02T16:27:08+01:00" level=info msg="getting pdf converter"
time="2024-08-02T16:27:08+01:00" level=info msg="converting pdf"
time="2024-08-02T16:27:08+01:00" level=info msg="downloaded without errors"
time="2024-08-02T16:27:08+01:00" level=info msg="downloading Chapter 170"
time="2024-08-02T16:27:08+01:00" level=info msg="checking if chapter is already downloaded"
time="2024-08-02T16:27:08+01:00" level=info msg="found 94 pages"
time="2024-08-02T16:27:16+01:00" level=info msg="getting pdf converter"
time="2024-08-02T16:27:16+01:00" level=info msg="converting pdf"
time="2024-08-02T16:27:16+01:00" level=info msg="downloaded without errors"
time="2024-08-02T16:27:16+01:00" level=info msg="downloading Chapter 171"
time="2024-08-02T16:27:16+01:00" level=info msg="checking if chapter is already downloaded"
time="2024-08-02T16:27:17+01:00" level=info msg="found 73 pages"
time="2024-08-02T16:27:19+01:00" level=info msg="getting pdf converter"
time="2024-08-02T16:27:19+01:00" level=info msg="converting pdf"
time="2024-08-02T16:27:19+01:00" level=info msg="downloaded without errors"
time="2024-08-02T16:27:19+01:00" level=info msg="downloading Chapter 172"
time="2024-08-02T16:27:19+01:00" level=info msg="checking if chapter is already downloaded"
time="2024-08-02T16:27:20+01:00" level=info msg="found 82 pages"
time="2024-08-02T16:27:23+01:00" level=info msg="getting pdf converter"
time="2024-08-02T16:27:23+01:00" level=info msg="converting pdf"
time="2024-08-02T16:27:23+01:00" level=info msg="downloaded without errors"
time="2024-08-02T16:27:23+01:00" level=info msg="downloading Chapter 173"
time="2024-08-02T16:27:23+01:00" level=info msg="checking if chapter is already downloaded"
time="2024-08-02T16:27:23+01:00" level=info msg="found 87 pages"
time="2024-08-02T16:27:31+01:00" level=info msg="getting pdf converter"
time="2024-08-02T16:27:31+01:00" level=info msg="converting pdf"
time="2024-08-02T16:27:31+01:00" level=info msg="downloaded without errors"
time="2024-08-02T16:27:31+01:00" level=info msg="downloading Chapter 174"
time="2024-08-02T16:27:31+01:00" level=info msg="checking if chapter is already downloaded"
time="2024-08-02T16:27:31+01:00" level=info msg="found 72 pages"
time="2024-08-02T16:27:42+01:00" level=info msg="getting pdf converter"
time="2024-08-02T16:27:42+01:00" level=info msg="converting pdf"
time="2024-08-02T16:27:42+01:00" level=info msg="downloaded without errors"
time="2024-08-02T16:27:42+01:00" level=info msg="downloading Chapter 175"
time="2024-08-02T16:27:42+01:00" level=info msg="checking if chapter is already downloaded"
time="2024-08-02T16:27:42+01:00" level=info msg="found 96 pages"
time="2024-08-02T16:27:46+01:00" level=info msg="getting pdf converter"
time="2024-08-02T16:27:46+01:00" level=info msg="converting pdf"
time="2024-08-02T16:27:46+01:00" level=info msg="downloaded without errors"
time="2024-08-02T16:27:46+01:00" level=info msg="downloading Chapter 175.5"
time="2024-08-02T16:27:46+01:00" level=info msg="checking if chapter is already downloaded"
time="2024-08-02T16:27:46+01:00" level=info msg="found 14 pages"
time="2024-08-02T16:27:48+01:00" level=info msg="getting pdf converter"
time="2024-08-02T16:27:48+01:00" level=info msg="converting pdf"
time="2024-08-02T16:27:48+01:00" level=info msg="downloaded without errors"
time="2024-08-02T16:27:48+01:00" level=info msg="downloading Chapter 175.6"
time="2024-08-02T16:27:48+01:00" level=info msg="checking if chapter is already downloaded"
time="2024-08-02T16:27:48+01:00" level=info msg="found 10 pages"
time="2024-08-02T16:27:49+01:00" level=info msg="getting pdf converter"
time="2024-08-02T16:27:49+01:00" level=info msg="converting pdf"
time="2024-08-02T16:27:49+01:00" level=info msg="downloaded without errors"
time="2024-08-02T16:27:49+01:00" level=info msg="downloading Chapter 175.7"
time="2024-08-02T16:27:49+01:00" level=info msg="checking if chapter is already downloaded"
time="2024-08-02T16:27:49+01:00" level=info msg="found 13 pages"
time="2024-08-02T16:27:54+01:00" level=info msg="getting pdf converter"
time="2024-08-02T16:27:54+01:00" level=info msg="converting pdf"
time="2024-08-02T16:27:54+01:00" level=info msg="downloaded without errors"
time="2024-08-02T16:27:54+01:00" level=info msg="downloading Chapter 176"
time="2024-08-02T16:27:54+01:00" level=info msg="checking if chapter is already downloaded"
time="2024-08-02T16:27:54+01:00" level=info msg="found 156 pages"
time="2024-08-02T16:28:01+01:00" level=info msg="getting pdf converter"
time="2024-08-02T16:28:01+01:00" level=info msg="converting pdf"
time="2024-08-02T16:28:01+01:00" level=info msg="downloaded without errors"
time="2024-08-02T16:28:01+01:00" level=info msg="downloading Chapter 177"
time="2024-08-02T16:28:01+01:00" level=info msg="checking if chapter is already downloaded"
time="2024-08-02T16:28:01+01:00" level=info msg="found 124 pages"
time="2024-08-02T16:28:06+01:00" level=info msg="getting pdf converter"
time="2024-08-02T16:28:06+01:00" level=info msg="converting pdf"
time="2024-08-02T16:28:06+01:00" level=info msg="downloaded without errors"
time="2024-08-02T16:28:06+01:00" level=info msg="downloading Chapter 178"
time="2024-08-02T16:28:06+01:00" level=info msg="checking if chapter is already downloaded"
time="2024-08-02T16:28:07+01:00" level=info msg="found 170 pages"
time="2024-08-02T16:28:14+01:00" level=info msg="getting pdf converter"
time="2024-08-02T16:28:14+01:00" level=info msg="converting pdf"
time="2024-08-02T16:28:15+01:00" level=info msg="downloaded without errors"
time="2024-08-02T16:28:15+01:00" level=info msg="downloading Chapter 179"
time="2024-08-02T16:28:15+01:00" level=info msg="checking if chapter is already downloaded"
time="2024-08-02T16:28:15+01:00" level=info msg="found 133 pages"
time="2024-08-02T16:28:21+01:00" level=info msg="getting pdf converter"
time="2024-08-02T16:28:21+01:00" level=info msg="converting pdf"
time="2024-08-02T16:28:21+01:00" level=info msg="downloaded without errors"
time="2024-08-02T16:28:21+01:00" level=info msg="downloading Chapter 180"
time="2024-08-02T16:28:21+01:00" level=info msg="checking if chapter is already downloaded"
time="2024-08-02T16:28:21+01:00" level=info msg="found 117 pages"
time="2024-08-02T16:28:34+01:00" level=info msg="getting pdf converter"
time="2024-08-02T16:28:34+01:00" level=info msg="converting pdf"
time="2024-08-02T16:28:35+01:00" level=info msg="downloaded without errors"
time="2024-08-02T16:28:35+01:00" level=info msg="downloading Chapter 181"
time="2024-08-02T16:28:35+01:00" level=info msg="checking if chapter is already downloaded"
time="2024-08-02T16:28:35+01:00" level=info msg="found 106 pages"
time="2024-08-02T16:28:41+01:00" level=info msg="getting pdf converter"
time="2024-08-02T16:28:41+01:00" level=info msg="converting pdf"
time="2024-08-02T16:28:41+01:00" level=info msg="downloaded without errors"
time="2024-08-02T16:28:41+01:00" level=info msg="downloading Chapter 182"
time="2024-08-02T16:28:41+01:00" level=info msg="checking if chapter is already downloaded"
time="2024-08-02T16:28:41+01:00" level=info msg="found 128 pages"
time="2024-08-02T16:28:45+01:00" level=info msg="getting pdf converter"
time="2024-08-02T16:28:45+01:00" level=info msg="converting pdf"
time="2024-08-02T16:28:45+01:00" level=info msg="downloaded without errors"
time="2024-08-02T16:28:45+01:00" level=info msg="downloading Chapter 183"
time="2024-08-02T16:28:45+01:00" level=info msg="checking if chapter is already downloaded"
time="2024-08-02T16:28:45+01:00" level=info msg="found 118 pages"
time="2024-08-02T16:28:49+01:00" level=info msg="getting pdf converter"
time="2024-08-02T16:28:49+01:00" level=info msg="converting pdf"
time="2024-08-02T16:28:49+01:00" level=info msg="downloaded without errors"
time="2024-08-02T16:28:49+01:00" level=info msg="downloading Chapter 184"
time="2024-08-02T16:28:49+01:00" level=info msg="checking if chapter is already downloaded"
time="2024-08-02T16:28:50+01:00" level=info msg="found 126 pages"
time="2024-08-02T16:28:57+01:00" level=info msg="getting pdf converter"
time="2024-08-02T16:28:57+01:00" level=info msg="converting pdf"
time="2024-08-02T16:28:57+01:00" level=info msg="downloaded without errors"
time="2024-08-02T16:28:57+01:00" level=info msg="downloading Chapter 185"
time="2024-08-02T16:28:57+01:00" level=info msg="checking if chapter is already downloaded"
time="2024-08-02T16:28:58+01:00" level=info msg="found 131 pages"
time="2024-08-02T16:29:07+01:00" level=info msg="getting pdf converter"
time="2024-08-02T16:29:07+01:00" level=info msg="converting pdf"
time="2024-08-02T16:29:07+01:00" level=info msg="downloaded without errors"
time="2024-08-02T16:29:07+01:00" level=info msg="downloading Chapter 186"
time="2024-08-02T16:29:07+01:00" level=info msg="checking if chapter is already downloaded"
time="2024-08-02T16:29:07+01:00" level=info msg="found 122 pages"
time="2024-08-02T16:29:21+01:00" level=info msg="getting pdf converter"
time="2024-08-02T16:29:21+01:00" level=info msg="converting pdf"
time="2024-08-02T16:29:21+01:00" level=info msg="downloaded without errors"
time="2024-08-02T16:29:21+01:00" level=info msg="downloading Chapter 187"
time="2024-08-02T16:29:21+01:00" level=info msg="checking if chapter is already downloaded"
time="2024-08-02T16:29:21+01:00" level=info msg="found 121 pages"
time="2024-08-02T16:29:26+01:00" level=info msg="getting pdf converter"
time="2024-08-02T16:29:26+01:00" level=info msg="converting pdf"
time="2024-08-02T16:29:26+01:00" level=info msg="downloaded without errors"
time="2024-08-02T16:29:26+01:00" level=info msg="downloading Chapter 188"
time="2024-08-02T16:29:26+01:00" level=info msg="checking if chapter is already downloaded"
time="2024-08-02T16:29:27+01:00" level=info msg="found 110 pages"
time="2024-08-02T16:29:33+01:00" level=info msg="getting pdf converter"
time="2024-08-02T16:29:33+01:00" level=info msg="converting pdf"
time="2024-08-02T16:29:33+01:00" level=info msg="downloaded without errors"
time="2024-08-02T16:31:38+01:00" level=info msg="downloading Chapter 149"
time="2024-08-02T16:31:38+01:00" level=info msg="checking if chapter is already downloaded"
time="2024-08-02T16:31:38+01:00" level=info msg="found 100 pages"
time="2024-08-02T16:31:43+01:00" level=info msg="getting pdf converter"
time="2024-08-02T16:31:43+01:00" level=info msg="converting pdf"
time="2024-08-02T16:31:43+01:00" level=info msg="downloaded without errors"
time="2024-08-02T16:31:43+01:00" level=info msg="downloading Chapter 136"
time="2024-08-02T16:31:43+01:00" level=info msg="checking if chapter is already downloaded"
time="2024-08-02T16:31:43+01:00" level=info msg="found 76 pages"
time="2024-08-02T16:31:48+01:00" level=info msg="getting pdf converter"
time="2024-08-02T16:31:48+01:00" level=info msg="converting pdf"
time="2024-08-02T16:31:48+01:00" level=info msg="downloaded without errors"
time="2024-08-02T16:31:48+01:00" level=info msg="downloading Chapter 117"
time="2024-08-02T16:31:48+01:00" level=info msg="checking if chapter is already downloaded"
time="2024-08-02T16:31:48+01:00" level=info msg="found 106 pages"
time="2024-08-02T16:31:54+01:00" level=info msg="getting pdf converter"
time="2024-08-02T16:31:54+01:00" level=info msg="converting pdf"
time="2024-08-02T16:31:54+01:00" level=info msg="downloaded without errors"
time="2024-08-02T16:33:59+01:00" level=info msg="loading source Manganelo built-in"
time="2024-08-02T16:33:59+01:00" level=info msg="loading source Manganato built-in"
time="2024-08-02T16:33:59+01:00" level=info msg="source Manganelo built-in loaded"
time="2024-08-02T16:33:59+01:00" level=info msg="source Manganato built-in loaded"
time="2024-08-02T16:33:59+01:00" level=info msg="loading source Mangapill built-in"
time="2024-08-02T16:33:59+01:00" level=info msg="loading source Mangadex built-in"
time="2024-08-02T16:33:59+01:00" level=info msg="source Mangapill built-in loaded"
time="2024-08-02T16:33:59+01:00" level=info msg="source Mangadex built-in loaded"
time="2024-08-02T16:34:04+01:00" level=info msg="searching for the-beginning-after-the-end"
time="2024-08-02T16:34:04+01:00" level=info msg="found 50 mangas from source Mangapill"
time="2024-08-02T16:34:04+01:00" level=info msg="found 0 mangas from source Manganato"
time="2024-08-02T16:34:04+01:00" level=info msg="found 27 mangas from source Mangadex"
time="2024-08-02T16:34:05+01:00" level=info msg="found 0 mangas from source Manganelo"
time="2024-08-02T16:34:05+01:00" level=info msg="found 77 mangas from 4 sources"
time="2024-08-02T16:34:19+01:00" level=info msg="getting chapters of The Beginning After the End"
time="2024-08-02T16:34:20+01:00" level=info msg="found 0 chapters"
