time="2024-09-17T19:51:16+01:00" level=info msg="loading source Mangapill built-in"
time="2024-09-17T19:51:16+01:00" level=info msg="source Mangapill built-in loaded"
time="2024-09-17T19:51:16+01:00" level=info msg="getting chapters of Chainsaw Man"
time="2024-09-17T19:51:16+01:00" level=info msg="found 177 chapters"
time="2024-09-17T19:51:19+01:00" level=info msg="downloading Chapter 177"
time="2024-09-17T19:51:19+01:00" level=info msg="checking if chapter is already downloaded"
time="2024-09-17T19:51:19+01:00" level=info msg="found 16 pages"
time="2024-09-17T19:51:21+01:00" level=info msg="Populating metadata for Chainsaw Man"
time="2024-09-17T19:51:21+01:00" level=info msg="binding Chainsaw Man with anilist"
time="2024-09-17T19:51:21+01:00" level=info msg="Searching anilist for manga chainsaw man"
time="2024-09-17T19:51:21+01:00" level=info msg="Sending request to Anilist"
time="2024-09-17T19:51:22+01:00" level=info msg="Got response from Anilist, found 9 results"
time="2024-09-17T19:51:22+01:00" level=info msg="Downloading cover for Chainsaw Man"
time="2024-09-17T19:51:22+01:00" level=warning msg="Cover already exists"
time="2024-09-17T19:51:22+01:00" level=info msg="getting pdf converter"
time="2024-09-17T19:51:22+01:00" level=info msg="converting pdf"
time="2024-09-17T19:51:22+01:00" level=info msg="downloaded without errors"
time="2024-09-17T19:51:27+01:00" level=info msg="loading source Mangapill built-in"
time="2024-09-17T19:51:27+01:00" level=info msg="source Mangapill built-in loaded"
time="2024-09-17T19:51:27+01:00" level=info msg="getting chapters of Chainsaw Man"
time="2024-09-17T19:51:27+01:00" level=info msg="found 177 chapters"
time="2024-09-17T19:51:28+01:00" level=info msg="opening with okular"
time="2024-09-17T19:51:28+01:00" level=info msg="history saved"
time="2024-09-17T19:53:43+01:00" level=info msg="opened without errors"
