time="2024-11-02T16:44:27Z" level=info msg="loading source Mangapill built-in"
time="2024-11-02T16:44:27Z" level=info msg="source Mangapill built-in loaded"
time="2024-11-02T16:44:27Z" level=info msg="getting chapters of Chainsaw Man"
time="2024-11-02T16:44:27Z" level=info msg="found 181 chapters"
time="2024-11-02T16:51:49Z" level=info msg="loading source Mangapill built-in"
time="2024-11-02T16:51:49Z" level=info msg="source Mangapill built-in loaded"
time="2024-11-02T16:51:56Z" level=info msg="searching for juvenile prision"
time="2024-11-02T16:51:56Z" level=info msg="found 0 mangas from source Mangapill"
time="2024-11-02T16:51:56Z" level=info msg="found 0 mangas from 1 sources"
time="2024-11-02T16:52:00Z" level=info msg="searching for juvenile-prision"
time="2024-11-02T16:52:00Z" level=info msg="found 0 mangas from source Mangapill"
time="2024-11-02T16:52:00Z" level=info msg="found 0 mangas from 1 sources"
time="2024-11-02T16:52:07Z" level=info msg="searching for juvenile-prison"
time="2024-11-02T16:52:07Z" level=info msg="found 0 mangas from source Mangapill"
time="2024-11-02T16:52:07Z" level=info msg="found 0 mangas from 1 sources"
time="2024-11-02T16:52:10Z" level=info msg="searching for juvenile"
time="2024-11-02T16:52:10Z" level=info msg="found 0 mangas from source Mangapill"
time="2024-11-02T16:52:10Z" level=info msg="found 0 mangas from 1 sources"
time="2024-11-02T16:52:16Z" level=info msg="loading source Mangadex built-in"
time="2024-11-02T16:52:16Z" level=info msg="loading source Manganato built-in"
time="2024-11-02T16:52:16Z" level=info msg="loading source Manganelo built-in"
time="2024-11-02T16:52:16Z" level=info msg="loading source Mangapill built-in"
time="2024-11-02T16:52:16Z" level=info msg="source Mangadex built-in loaded"
time="2024-11-02T16:52:16Z" level=info msg="source Manganelo built-in loaded"
time="2024-11-02T16:52:16Z" level=info msg="source Mangapill built-in loaded"
time="2024-11-02T16:52:16Z" level=info msg="source Manganato built-in loaded"
time="2024-11-02T16:52:21Z" level=info msg="searching for juvenile prison"
time="2024-11-02T16:52:21Z" level=info msg="found 0 mangas from source Mangapill"
time="2024-11-02T16:52:21Z" level=info msg="found 1 manga from source Mangadex"
time="2024-11-02T16:52:22Z" level=info msg="found 0 mangas from source Manganelo"
time="2024-11-02T16:52:22Z" level=info msg="found 0 mangas from source Manganato"
time="2024-11-02T16:52:22Z" level=info msg="found 1 mangas from 4 sources"
time="2024-11-02T16:52:22Z" level=info msg="getting chapters of Juvenile Prison"
time="2024-11-02T16:52:23Z" level=info msg="found 22 chapters"
time="2024-11-02T16:52:23Z" level=info msg="Searching anilist for manga juvenile prison"
time="2024-11-02T16:52:23Z" level=info msg="Sending request to Anilist"
time="2024-11-02T16:52:24Z" level=info msg="Got response from Anilist, found 2 results"
time="2024-11-02T16:52:24Z" level=info msg="Found closest match: Juvenile Orion"
time="2024-11-02T16:52:29Z" level=info msg="downloading Chapter 1 for reading. Provider is Mangadex built-in"
time="2024-11-02T16:52:29Z" level=info msg="getting pages of Chapter 1"
time="2024-11-02T16:55:42Z" level=info msg="downloading Chapter 1 for reading. Provider is Mangadex built-in"
time="2024-11-02T16:55:42Z" level=info msg="getting pages of Chapter 1"
time="2024-11-02T16:58:06Z" level=warning msg="Page #0 has no URL"
time="2024-11-02T16:58:06Z" level=warning msg="Page #8 has no URL"
time="2024-11-02T16:58:06Z" level=warning msg="Page #10 has no URL"
time="2024-11-02T16:58:06Z" level=warning msg="Page #15 has no URL"
time="2024-11-02T16:58:06Z" level=warning msg="Page #18 has no URL"
time="2024-11-02T16:58:06Z" level=warning msg="Page #22 has no URL"
time="2024-11-02T16:58:06Z" level=warning msg="Page #21 has no URL"
time="2024-11-02T16:58:06Z" level=warning msg="Page #26 has no URL"
time="2024-11-02T16:58:06Z" level=warning msg="Page #27 has no URL"
time="2024-11-02T16:58:06Z" level=warning msg="Page #29 has no URL"
time="2024-11-02T16:58:06Z" level=warning msg="Page #33 has no URL"
time="2024-11-02T16:58:06Z" level=warning msg="Page #34 has no URL"
time="2024-11-02T16:58:06Z" level=warning msg="Page #36 has no URL"
time="2024-11-02T16:58:06Z" level=warning msg="Page #38 has no URL"
time="2024-11-02T16:58:06Z" level=warning msg="Page #41 has no URL"
time="2024-11-02T16:58:06Z" level=warning msg="Page #42 has no URL"
time="2024-11-02T16:58:06Z" level=warning msg="Page #43 has no URL"
time="2024-11-02T16:58:06Z" level=warning msg="Page #45 has no URL"
time="2024-11-02T16:58:06Z" level=warning msg="Page #44 has no URL"
time="2024-11-02T16:58:06Z" level=warning msg="Page #51 has no URL"
time="2024-11-02T16:58:06Z" level=warning msg="Page #35 has no URL"
time="2024-11-02T16:58:06Z" level=warning msg="Page #52 has no URL"
time="2024-11-02T16:58:06Z" level=warning msg="Page #54 has no URL"
time="2024-11-02T16:58:06Z" level=warning msg="Page #12 has no URL"
time="2024-11-02T16:58:06Z" level=warning msg="Page #59 has no URL"
time="2024-11-02T16:58:06Z" level=warning msg="Page #53 has no URL"
time="2024-11-02T16:58:06Z" level=warning msg="Page #57 has no URL"
time="2024-11-02T16:58:06Z" level=warning msg="Page #63 has no URL"
time="2024-11-02T16:58:06Z" level=warning msg="Page #66 has no URL"
time="2024-11-02T16:58:06Z" level=warning msg="Page #67 has no URL"
time="2024-11-02T16:58:06Z" level=warning msg="Page #68 has no URL"
time="2024-11-02T16:58:06Z" level=warning msg="Page #70 has no URL"
time="2024-11-02T16:58:06Z" level=warning msg="Page #64 has no URL"
time="2024-11-02T16:58:06Z" level=warning msg="Page #71 has no URL"
time="2024-11-02T16:58:06Z" level=warning msg="Page #73 has no URL"
time="2024-11-02T16:58:06Z" level=warning msg="Page #74 has no URL"
time="2024-11-02T16:58:06Z" level=warning msg="Page #58 has no URL"
time="2024-11-02T16:58:06Z" level=warning msg="Page #75 has no URL"
time="2024-11-02T16:58:06Z" level=warning msg="Page #77 has no URL"
time="2024-11-02T16:58:06Z" level=warning msg="Page #78 has no URL"
time="2024-11-02T16:58:06Z" level=warning msg="Page #7 has no URL"
time="2024-11-02T16:58:06Z" level=warning msg="Page #81 has no URL"
time="2024-11-02T16:58:06Z" level=warning msg="Page #83 has no URL"
time="2024-11-02T16:58:06Z" level=warning msg="Page #84 has no URL"
time="2024-11-02T16:58:06Z" level=warning msg="Page #82 has no URL"
time="2024-11-02T16:58:06Z" level=warning msg="Page #86 has no URL"
time="2024-11-02T16:58:06Z" level=warning msg="Page #85 has no URL"
time="2024-11-02T16:58:06Z" level=warning msg="Page #90 has no URL"
time="2024-11-02T16:58:06Z" level=warning msg="Page #76 has no URL"
time="2024-11-02T16:58:06Z" level=warning msg="Page #94 has no URL"
time="2024-11-02T16:58:06Z" level=warning msg="Page #96 has no URL"
time="2024-11-02T16:58:06Z" level=warning msg="Page #92 has no URL"
time="2024-11-02T16:58:06Z" level=warning msg="Page #98 has no URL"
time="2024-11-02T16:58:06Z" level=warning msg="Page #99 has no URL"
time="2024-11-02T16:58:06Z" level=warning msg="Page #2 has no URL"
time="2024-11-02T16:58:06Z" level=warning msg="Page #102 has no URL"
time="2024-11-02T16:58:06Z" level=warning msg="Page #100 has no URL"
time="2024-11-02T16:58:06Z" level=warning msg="Page #6 has no URL"
time="2024-11-02T16:58:06Z" level=warning msg="Page #106 has no URL"
time="2024-11-02T16:58:06Z" level=warning msg="Page #108 has no URL"
time="2024-11-02T16:58:06Z" level=warning msg="Page #109 has no URL"
time="2024-11-02T16:58:06Z" level=warning msg="Page #110 has no URL"
time="2024-11-02T16:58:06Z" level=warning msg="Page #111 has no URL"
time="2024-11-02T16:58:06Z" level=warning msg="Page #113 has no URL"
time="2024-11-02T16:58:06Z" level=warning msg="Page #114 has no URL"
time="2024-11-02T16:58:06Z" level=warning msg="Page #115 has no URL"
time="2024-11-02T16:58:06Z" level=warning msg="Page #28 has no URL"
time="2024-11-02T16:58:06Z" level=warning msg="Page #105 has no URL"
time="2024-11-02T16:58:06Z" level=warning msg="Page #23 has no URL"
time="2024-11-02T16:58:06Z" level=warning msg="Page #19 has no URL"
time="2024-11-02T16:58:06Z" level=warning msg="Page #124 has no URL"
time="2024-11-02T16:58:06Z" level=warning msg="Page #125 has no URL"
time="2024-11-02T16:58:06Z" level=warning msg="Page #127 has no URL"
time="2024-11-02T16:58:06Z" level=warning msg="Page #128 has no URL"
time="2024-11-02T16:58:06Z" level=warning msg="Page #130 has no URL"
time="2024-11-02T16:58:06Z" level=warning msg="Page #132 has no URL"
time="2024-11-02T16:58:06Z" level=warning msg="Page #129 has no URL"
time="2024-11-02T16:58:06Z" level=warning msg="Page #133 has no URL"
time="2024-11-02T16:58:06Z" level=warning msg="Page #134 has no URL"
time="2024-11-02T16:58:06Z" level=warning msg="Page #131 has no URL"
time="2024-11-02T16:58:06Z" level=warning msg="Page #30 has no URL"
time="2024-11-02T16:58:06Z" level=warning msg="Page #139 has no URL"
time="2024-11-02T16:58:06Z" level=warning msg="Page #142 has no URL"
time="2024-11-02T16:58:06Z" level=warning msg="Page #143 has no URL"
time="2024-11-02T16:58:06Z" level=warning msg="Page #9 has no URL"
time="2024-11-02T16:58:06Z" level=warning msg="Page #32 has no URL"
time="2024-11-02T16:58:06Z" level=warning msg="Page #146 has no URL"
time="2024-11-02T16:58:06Z" level=warning msg="Page #37 has no URL"
time="2024-11-02T16:58:06Z" level=warning msg="Page #145 has no URL"
time="2024-11-02T16:58:06Z" level=warning msg="Page #61 has no URL"
time="2024-11-02T16:58:06Z" level=warning msg="Page #14 has no URL"
time="2024-11-02T16:58:06Z" level=warning msg="Page #87 has no URL"
time="2024-11-02T16:58:06Z" level=warning msg="Page #3 has no URL"
time="2024-11-02T16:58:06Z" level=warning msg="Page #80 has no URL"
time="2024-11-02T16:58:06Z" level=warning msg="Page #159 has no URL"
time="2024-11-02T16:58:06Z" level=warning msg="Page #101 has no URL"
time="2024-11-02T16:58:06Z" level=warning msg="Page #161 has no URL"
time="2024-11-02T16:58:06Z" level=warning msg="Page #163 has no URL"
time="2024-11-02T16:58:06Z" level=warning msg="Page #164 has no URL"
time="2024-11-02T16:58:06Z" level=warning msg="Page #154 has no URL"
time="2024-11-02T16:58:06Z" level=warning msg="Page #104 has no URL"
time="2024-11-02T16:58:06Z" level=warning msg="Page #170 has no URL"
time="2024-11-02T16:58:06Z" level=warning msg="Page #1 has no URL"
time="2024-11-02T16:58:06Z" level=warning msg="Page #167 has no URL"
time="2024-11-02T16:58:06Z" level=warning msg="Page #116 has no URL"
time="2024-11-02T16:58:06Z" level=warning msg="Page #112 has no URL"
time="2024-11-02T16:58:06Z" level=warning msg="Page #175 has no URL"
time="2024-11-02T16:58:06Z" level=warning msg="Page #118 has no URL"
time="2024-11-02T16:58:06Z" level=warning msg="Page #177 has no URL"
time="2024-11-02T16:58:06Z" level=warning msg="Page #179 has no URL"
time="2024-11-02T16:58:06Z" level=warning msg="Page #183 has no URL"
time="2024-11-02T16:58:06Z" level=warning msg="Page #178 has no URL"
time="2024-11-02T16:58:06Z" level=warning msg="Page #184 has no URL"
time="2024-11-02T16:58:06Z" level=warning msg="Page #187 has no URL"
time="2024-11-02T16:58:06Z" level=warning msg="Page #180 has no URL"
time="2024-11-02T16:58:06Z" level=warning msg="Page #188 has no URL"
time="2024-11-02T16:58:06Z" level=warning msg="Page #192 has no URL"
time="2024-11-02T16:58:06Z" level=warning msg="Page #185 has no URL"
time="2024-11-02T16:58:06Z" level=warning msg="Page #195 has no URL"
time="2024-11-02T16:58:06Z" level=warning msg="Page #198 has no URL"
time="2024-11-02T16:58:06Z" level=warning msg="Page #199 has no URL"
time="2024-11-02T16:58:06Z" level=warning msg="Page #202 has no URL"
time="2024-11-02T16:58:06Z" level=warning msg="Page #205 has no URL"
time="2024-11-02T16:58:06Z" level=warning msg="Page #207 has no URL"
time="2024-11-02T16:58:06Z" level=warning msg="Page #208 has no URL"
time="2024-11-02T16:58:06Z" level=warning msg="Page #212 has no URL"
time="2024-11-02T16:58:06Z" level=warning msg="Page #211 has no URL"
time="2024-11-02T16:58:06Z" level=warning msg="Page #214 has no URL"
time="2024-11-02T16:58:06Z" level=warning msg="Page #215 has no URL"
time="2024-11-02T16:58:06Z" level=warning msg="Page #193 has no URL"
time="2024-11-02T16:58:06Z" level=warning msg="Page #25 has no URL"
time="2024-11-02T16:58:06Z" level=warning msg="Page #17 has no URL"
time="2024-11-02T16:58:06Z" level=warning msg="Page #31 has no URL"
time="2024-11-02T16:58:06Z" level=warning msg="Page #121 has no URL"
time="2024-11-02T16:58:06Z" level=warning msg="Page #20 has no URL"
time="2024-11-02T16:58:06Z" level=warning msg="Page #123 has no URL"
time="2024-11-02T16:58:06Z" level=warning msg="Page #122 has no URL"
time="2024-11-02T16:58:06Z" level=warning msg="Page #126 has no URL"
time="2024-11-02T16:58:06Z" level=warning msg="Page #135 has no URL"
time="2024-11-02T16:58:06Z" level=warning msg="Page #136 has no URL"
time="2024-11-02T16:58:06Z" level=warning msg="Page #137 has no URL"
time="2024-11-02T16:58:06Z" level=warning msg="Page #140 has no URL"
time="2024-11-02T16:58:06Z" level=warning msg="Page #138 has no URL"
time="2024-11-02T16:58:06Z" level=warning msg="Page #141 has no URL"
time="2024-11-02T16:58:06Z" level=warning msg="Page #147 has no URL"
time="2024-11-02T16:58:06Z" level=warning msg="Page #148 has no URL"
time="2024-11-02T16:58:06Z" level=warning msg="Page #144 has no URL"
time="2024-11-02T16:58:06Z" level=warning msg="Page #149 has no URL"
time="2024-11-02T16:58:06Z" level=warning msg="Page #39 has no URL"
time="2024-11-02T16:58:06Z" level=warning msg="Page #151 has no URL"
time="2024-11-02T16:58:06Z" level=warning msg="Page #48 has no URL"
time="2024-11-02T16:58:06Z" level=warning msg="Page #46 has no URL"
time="2024-11-02T16:58:06Z" level=warning msg="Page #47 has no URL"
time="2024-11-02T16:58:06Z" level=warning msg="Page #40 has no URL"
time="2024-11-02T16:58:06Z" level=warning msg="Page #150 has no URL"
time="2024-11-02T16:58:06Z" level=warning msg="Page #55 has no URL"
time="2024-11-02T16:58:06Z" level=warning msg="Page #49 has no URL"
time="2024-11-02T16:58:06Z" level=warning msg="Page #56 has no URL"
time="2024-11-02T16:58:06Z" level=warning msg="Page #50 has no URL"
time="2024-11-02T16:58:06Z" level=warning msg="Page #60 has no URL"
time="2024-11-02T16:58:06Z" level=warning msg="Page #152 has no URL"
time="2024-11-02T16:58:06Z" level=warning msg="Page #153 has no URL"
time="2024-11-02T16:58:06Z" level=warning msg="Page #103 has no URL"
time="2024-11-02T16:58:06Z" level=warning msg="Page #88 has no URL"
time="2024-11-02T16:58:06Z" level=warning msg="Page #89 has no URL"
time="2024-11-02T16:58:06Z" level=warning msg="Page #91 has no URL"
time="2024-11-02T16:58:06Z" level=warning msg="Page #93 has no URL"
time="2024-11-02T16:58:06Z" level=warning msg="Page #95 has no URL"
time="2024-11-02T16:58:06Z" level=warning msg="Page #97 has no URL"
time="2024-11-02T16:58:06Z" level=warning msg="Page #69 has no URL"
time="2024-11-02T16:58:06Z" level=warning msg="Page #72 has no URL"
time="2024-11-02T16:58:06Z" level=warning msg="Page #79 has no URL"
time="2024-11-02T16:58:06Z" level=warning msg="Page #65 has no URL"
time="2024-11-02T16:58:06Z" level=warning msg="Page #155 has no URL"
time="2024-11-02T16:58:06Z" level=warning msg="Page #156 has no URL"
time="2024-11-02T16:58:06Z" level=warning msg="Page #62 has no URL"
time="2024-11-02T16:58:06Z" level=warning msg="Page #157 has no URL"
time="2024-11-02T16:58:06Z" level=warning msg="Page #158 has no URL"
time="2024-11-02T16:58:06Z" level=warning msg="Page #160 has no URL"
time="2024-11-02T16:58:06Z" level=warning msg="Page #162 has no URL"
time="2024-11-02T16:58:06Z" level=warning msg="Page #165 has no URL"
time="2024-11-02T16:58:06Z" level=warning msg="Page #166 has no URL"
time="2024-11-02T16:58:06Z" level=warning msg="Page #168 has no URL"
time="2024-11-02T16:58:06Z" level=warning msg="Page #4 has no URL"
time="2024-11-02T16:58:06Z" level=warning msg="Page #169 has no URL"
time="2024-11-02T16:58:06Z" level=warning msg="Page #171 has no URL"
time="2024-11-02T16:58:06Z" level=warning msg="Page #172 has no URL"
time="2024-11-02T16:58:06Z" level=warning msg="Page #173 has no URL"
time="2024-11-02T16:58:06Z" level=warning msg="Page #174 has no URL"
time="2024-11-02T16:58:06Z" level=warning msg="Page #117 has no URL"
time="2024-11-02T16:58:06Z" level=warning msg="Page #107 has no URL"
time="2024-11-02T16:58:06Z" level=warning msg="Page #119 has no URL"
time="2024-11-02T16:58:06Z" level=warning msg="Page #176 has no URL"
time="2024-11-02T16:58:06Z" level=warning msg="Page #181 has no URL"
time="2024-11-02T16:58:06Z" level=warning msg="Page #182 has no URL"
time="2024-11-02T16:58:06Z" level=warning msg="Page #16 has no URL"
time="2024-11-02T16:58:06Z" level=warning msg="Page #186 has no URL"
time="2024-11-02T16:58:06Z" level=warning msg="Page #189 has no URL"
time="2024-11-02T16:58:06Z" level=warning msg="Page #190 has no URL"
time="2024-11-02T16:58:06Z" level=warning msg="Page #191 has no URL"
time="2024-11-02T16:58:06Z" level=warning msg="Page #5 has no URL"
time="2024-11-02T16:58:06Z" level=warning msg="Page #194 has no URL"
time="2024-11-02T16:58:06Z" level=warning msg="Page #11 has no URL"
time="2024-11-02T16:58:06Z" level=warning msg="Page #196 has no URL"
time="2024-11-02T16:58:06Z" level=warning msg="Page #197 has no URL"
time="2024-11-02T16:58:06Z" level=warning msg="Page #200 has no URL"
time="2024-11-02T16:58:06Z" level=warning msg="Page #201 has no URL"
time="2024-11-02T16:58:06Z" level=warning msg="Page #120 has no URL"
time="2024-11-02T16:58:06Z" level=warning msg="Page #203 has no URL"
time="2024-11-02T16:58:06Z" level=warning msg="Page #204 has no URL"
time="2024-11-02T16:58:06Z" level=warning msg="Page #206 has no URL"
time="2024-11-02T16:58:06Z" level=warning msg="Page #209 has no URL"
time="2024-11-02T16:58:06Z" level=warning msg="Page #13 has no URL"
time="2024-11-02T16:58:06Z" level=warning msg="Page #24 has no URL"
time="2024-11-02T16:58:06Z" level=warning msg="Page #210 has no URL"
time="2024-11-02T16:58:06Z" level=warning msg="Page #213 has no URL"
time="2024-11-02T16:58:06Z" level=warning msg="Page #216 has no URL"
time="2024-11-02T16:58:06Z" level=warning msg="Page #217 has no URL"
time="2024-11-02T16:58:06Z" level=info msg="getting pdf converter"
time="2024-11-02T16:58:06Z" level=info msg="converting pdf"
time="2024-11-02T16:58:06Z" level=warning msg="Page #0 has no URL"
time="2024-11-02T16:58:06Z" level=warning msg="Page #4 has no URL"
time="2024-11-02T16:58:06Z" level=warning msg="Page #8 has no URL"
time="2024-11-02T16:58:06Z" level=warning msg="Page #7 has no URL"
time="2024-11-02T16:58:06Z" level=warning msg="Page #14 has no URL"
time="2024-11-02T16:58:06Z" level=warning msg="Page #16 has no URL"
time="2024-11-02T16:58:06Z" level=warning msg="Page #18 has no URL"
time="2024-11-02T16:58:06Z" level=warning msg="Page #19 has no URL"
time="2024-11-02T16:58:06Z" level=warning msg="Page #21 has no URL"
time="2024-11-02T16:58:06Z" level=warning msg="Page #24 has no URL"
time="2024-11-02T16:58:06Z" level=warning msg="Page #3 has no URL"
time="2024-11-02T16:58:06Z" level=warning msg="Page #26 has no URL"
time="2024-11-02T16:58:06Z" level=warning msg="Page #28 has no URL"
time="2024-11-02T16:58:06Z" level=warning msg="Page #15 has no URL"
time="2024-11-02T16:58:06Z" level=warning msg="Page #31 has no URL"
time="2024-11-02T16:58:06Z" level=warning msg="Page #22 has no URL"
time="2024-11-02T16:58:06Z" level=warning msg="Page #32 has no URL"
time="2024-11-02T16:58:06Z" level=warning msg="Page #34 has no URL"
time="2024-11-02T16:58:06Z" level=warning msg="Page #35 has no URL"
time="2024-11-02T16:58:06Z" level=warning msg="Page #2 has no URL"
time="2024-11-02T16:58:06Z" level=warning msg="Page #37 has no URL"
time="2024-11-02T16:58:06Z" level=warning msg="Page #1 has no URL"
time="2024-11-02T16:58:06Z" level=warning msg="Page #36 has no URL"
time="2024-11-02T16:58:06Z" level=warning msg="Page #43 has no URL"
time="2024-11-02T16:58:06Z" level=warning msg="Page #44 has no URL"
time="2024-11-02T16:58:06Z" level=warning msg="Page #46 has no URL"
time="2024-11-02T16:58:06Z" level=warning msg="Page #49 has no URL"
time="2024-11-02T16:58:06Z" level=warning msg="Page #11 has no URL"
time="2024-11-02T16:58:06Z" level=warning msg="Page #48 has no URL"
time="2024-11-02T16:58:06Z" level=warning msg="Page #52 has no URL"
time="2024-11-02T16:58:06Z" level=warning msg="Page #55 has no URL"
time="2024-11-02T16:58:06Z" level=warning msg="Page #5 has no URL"
time="2024-11-02T16:58:06Z" level=warning msg="Page #57 has no URL"
time="2024-11-02T16:58:06Z" level=warning msg="Page #60 has no URL"
time="2024-11-02T16:58:06Z" level=warning msg="Page #62 has no URL"
time="2024-11-02T16:58:06Z" level=warning msg="Page #64 has no URL"
time="2024-11-02T16:58:06Z" level=warning msg="Page #65 has no URL"
time="2024-11-02T16:58:06Z" level=warning msg="Page #56 has no URL"
time="2024-11-02T16:58:06Z" level=warning msg="Page #68 has no URL"
time="2024-11-02T16:58:06Z" level=warning msg="Page #71 has no URL"
time="2024-11-02T16:58:06Z" level=warning msg="Page #73 has no URL"
time="2024-11-02T16:58:06Z" level=warning msg="Page #75 has no URL"
time="2024-11-02T16:58:06Z" level=warning msg="Page #76 has no URL"
time="2024-11-02T16:58:06Z" level=warning msg="Page #77 has no URL"
time="2024-11-02T16:58:06Z" level=warning msg="Page #79 has no URL"
time="2024-11-02T16:58:06Z" level=warning msg="Page #80 has no URL"
time="2024-11-02T16:58:06Z" level=warning msg="Page #69 has no URL"
time="2024-11-02T16:58:06Z" level=warning msg="Page #83 has no URL"
time="2024-11-02T16:58:06Z" level=warning msg="Page #86 has no URL"
time="2024-11-02T16:58:06Z" level=warning msg="Page #88 has no URL"
time="2024-11-02T16:58:06Z" level=warning msg="Page #89 has no URL"
time="2024-11-02T16:58:06Z" level=warning msg="Page #87 has no URL"
time="2024-11-02T16:58:06Z" level=warning msg="Page #90 has no URL"
time="2024-11-02T16:58:06Z" level=warning msg="Page #94 has no URL"
time="2024-11-02T16:58:06Z" level=warning msg="Page #72 has no URL"
time="2024-11-02T16:58:06Z" level=warning msg="Page #95 has no URL"
time="2024-11-02T16:58:06Z" level=warning msg="Page #97 has no URL"
time="2024-11-02T16:58:06Z" level=warning msg="Page #99 has no URL"
time="2024-11-02T16:58:06Z" level=warning msg="Page #100 has no URL"
time="2024-11-02T16:58:06Z" level=warning msg="Page #102 has no URL"
time="2024-11-02T16:58:06Z" level=warning msg="Page #105 has no URL"
time="2024-11-02T16:58:06Z" level=warning msg="Page #85 has no URL"
time="2024-11-02T16:58:06Z" level=warning msg="Page #106 has no URL"
time="2024-11-02T16:58:06Z" level=warning msg="Page #108 has no URL"
time="2024-11-02T16:58:06Z" level=warning msg="Page #82 has no URL"
time="2024-11-02T16:58:06Z" level=warning msg="Page #107 has no URL"
time="2024-11-02T16:58:06Z" level=warning msg="Page #111 has no URL"
time="2024-11-02T16:58:06Z" level=warning msg="Page #13 has no URL"
time="2024-11-02T16:58:06Z" level=warning msg="Page #116 has no URL"
time="2024-11-02T16:58:06Z" level=warning msg="Page #112 has no URL"
time="2024-11-02T16:58:06Z" level=warning msg="Page #20 has no URL"
time="2024-11-02T16:58:06Z" level=warning msg="Page #117 has no URL"
time="2024-11-02T16:58:06Z" level=warning msg="Page #121 has no URL"
time="2024-11-02T16:58:06Z" level=warning msg="Page #119 has no URL"
time="2024-11-02T16:58:06Z" level=warning msg="Page #122 has no URL"
time="2024-11-02T16:58:06Z" level=warning msg="Page #125 has no URL"
time="2024-11-02T16:58:06Z" level=warning msg="Page #118 has no URL"
time="2024-11-02T16:58:06Z" level=warning msg="Page #127 has no URL"
time="2024-11-02T16:58:06Z" level=warning msg="Page #27 has no URL"
time="2024-11-02T16:58:06Z" level=warning msg="Page #29 has no URL"
time="2024-11-02T16:58:06Z" level=warning msg="Page #132 has no URL"
time="2024-11-02T16:58:06Z" level=warning msg="Page #39 has no URL"
time="2024-11-02T16:58:06Z" level=warning msg="Page #136 has no URL"
time="2024-11-02T16:58:06Z" level=warning msg="Page #40 has no URL"
time="2024-11-02T16:58:06Z" level=warning msg="Page #138 has no URL"
time="2024-11-02T16:58:06Z" level=warning msg="Page #139 has no URL"
time="2024-11-02T16:58:06Z" level=warning msg="Page #140 has no URL"
time="2024-11-02T16:58:06Z" level=warning msg="Page #10 has no URL"
time="2024-11-02T16:58:06Z" level=warning msg="Page #143 has no URL"
time="2024-11-02T16:58:06Z" level=warning msg="Page #45 has no URL"
time="2024-11-02T16:58:06Z" level=warning msg="Page #144 has no URL"
time="2024-11-02T16:58:06Z" level=warning msg="Page #47 has no URL"
time="2024-11-02T16:58:06Z" level=warning msg="Page #147 has no URL"
time="2024-11-02T16:58:06Z" level=warning msg="Page #58 has no URL"
time="2024-11-02T16:58:06Z" level=warning msg="Page #98 has no URL"
time="2024-11-02T16:58:06Z" level=warning msg="Page #84 has no URL"
time="2024-11-02T16:58:06Z" level=warning msg="Page #74 has no URL"
time="2024-11-02T16:58:06Z" level=warning msg="Page #154 has no URL"
time="2024-11-02T16:58:06Z" level=warning msg="Page #155 has no URL"
time="2024-11-02T16:58:06Z" level=warning msg="Page #61 has no URL"
time="2024-11-02T16:58:06Z" level=warning msg="Page #157 has no URL"
time="2024-11-02T16:58:06Z" level=warning msg="Page #161 has no URL"
time="2024-11-02T16:58:06Z" level=warning msg="Page #12 has no URL"
time="2024-11-02T16:58:06Z" level=warning msg="Page #113 has no URL"
time="2024-11-02T16:58:06Z" level=warning msg="Page #164 has no URL"
time="2024-11-02T16:58:06Z" level=warning msg="Page #104 has no URL"
time="2024-11-02T16:58:06Z" level=warning msg="Page #168 has no URL"
time="2024-11-02T16:58:06Z" level=warning msg="Page #17 has no URL"
time="2024-11-02T16:58:06Z" level=warning msg="Page #120 has no URL"
time="2024-11-02T16:58:06Z" level=warning msg="Page #23 has no URL"
time="2024-11-02T16:58:06Z" level=warning msg="Page #124 has no URL"
time="2024-11-02T16:58:06Z" level=warning msg="Page #172 has no URL"
time="2024-11-02T16:58:06Z" level=warning msg="Page #174 has no URL"
time="2024-11-02T16:58:06Z" level=warning msg="Page #175 has no URL"
time="2024-11-02T16:58:06Z" level=warning msg="Page #177 has no URL"
time="2024-11-02T16:58:06Z" level=warning msg="Page #126 has no URL"
time="2024-11-02T16:58:06Z" level=warning msg="Page #181 has no URL"
time="2024-11-02T16:58:06Z" level=warning msg="Page #182 has no URL"
time="2024-11-02T16:58:06Z" level=warning msg="Page #183 has no URL"
time="2024-11-02T16:58:06Z" level=warning msg="Page #184 has no URL"
time="2024-11-02T16:58:06Z" level=warning msg="Page #180 has no URL"
time="2024-11-02T16:58:06Z" level=warning msg="Page #185 has no URL"
time="2024-11-02T16:58:06Z" level=warning msg="Page #129 has no URL"
time="2024-11-02T16:58:06Z" level=warning msg="Page #188 has no URL"
time="2024-11-02T16:58:06Z" level=warning msg="Page #189 has no URL"
time="2024-11-02T16:58:06Z" level=warning msg="Page #190 has no URL"
time="2024-11-02T16:58:06Z" level=warning msg="Page #191 has no URL"
time="2024-11-02T16:58:06Z" level=warning msg="Page #194 has no URL"
time="2024-11-02T16:58:06Z" level=warning msg="Page #187 has no URL"
time="2024-11-02T16:58:06Z" level=warning msg="Page #196 has no URL"
time="2024-11-02T16:58:06Z" level=warning msg="Page #199 has no URL"
time="2024-11-02T16:58:06Z" level=warning msg="Page #201 has no URL"
time="2024-11-02T16:58:06Z" level=warning msg="Page #195 has no URL"
time="2024-11-02T16:58:06Z" level=warning msg="Page #204 has no URL"
time="2024-11-02T16:58:06Z" level=warning msg="Page #206 has no URL"
time="2024-11-02T16:58:06Z" level=warning msg="Page #207 has no URL"
time="2024-11-02T16:58:06Z" level=warning msg="Page #208 has no URL"
time="2024-11-02T16:58:06Z" level=warning msg="Page #209 has no URL"
time="2024-11-02T16:58:06Z" level=warning msg="Page #197 has no URL"
time="2024-11-02T16:58:06Z" level=warning msg="Page #211 has no URL"
time="2024-11-02T16:58:06Z" level=warning msg="Page #212 has no URL"
time="2024-11-02T16:58:06Z" level=warning msg="Page #214 has no URL"
time="2024-11-02T16:58:06Z" level=warning msg="Page #217 has no URL"
time="2024-11-02T16:58:06Z" level=warning msg="Page #215 has no URL"
time="2024-11-02T16:58:06Z" level=warning msg="Page #200 has no URL"
time="2024-11-02T16:58:06Z" level=warning msg="Page #210 has no URL"
time="2024-11-02T16:58:06Z" level=warning msg="Page #133 has no URL"
time="2024-11-02T16:58:06Z" level=warning msg="Page #134 has no URL"
time="2024-11-02T16:58:06Z" level=warning msg="Page #135 has no URL"
time="2024-11-02T16:58:06Z" level=warning msg="Page #6 has no URL"
time="2024-11-02T16:58:06Z" level=warning msg="Page #33 has no URL"
time="2024-11-02T16:58:06Z" level=warning msg="Page #51 has no URL"
time="2024-11-02T16:58:06Z" level=warning msg="Page #50 has no URL"
time="2024-11-02T16:58:06Z" level=warning msg="Page #141 has no URL"
time="2024-11-02T16:58:06Z" level=warning msg="Page #59 has no URL"
time="2024-11-02T16:58:06Z" level=warning msg="Page #54 has no URL"
time="2024-11-02T16:58:06Z" level=warning msg="Page #53 has no URL"
time="2024-11-02T16:58:06Z" level=warning msg="Page #150 has no URL"
time="2024-11-02T16:58:06Z" level=warning msg="Page #151 has no URL"
time="2024-11-02T16:58:06Z" level=warning msg="Page #70 has no URL"
time="2024-11-02T16:58:06Z" level=warning msg="Page #63 has no URL"
time="2024-11-02T16:58:06Z" level=warning msg="Page #66 has no URL"
time="2024-11-02T16:58:06Z" level=warning msg="Page #67 has no URL"
time="2024-11-02T16:58:06Z" level=warning msg="Page #91 has no URL"
time="2024-11-02T16:58:06Z" level=warning msg="Page #92 has no URL"
time="2024-11-02T16:58:06Z" level=warning msg="Page #93 has no URL"
time="2024-11-02T16:58:06Z" level=warning msg="Page #96 has no URL"
time="2024-11-02T16:58:06Z" level=warning msg="Page #101 has no URL"
time="2024-11-02T16:58:06Z" level=warning msg="Page #152 has no URL"
time="2024-11-02T16:58:06Z" level=warning msg="Page #78 has no URL"
time="2024-11-02T16:58:06Z" level=warning msg="Page #153 has no URL"
time="2024-11-02T16:58:06Z" level=warning msg="Page #81 has no URL"
time="2024-11-02T16:58:06Z" level=warning msg="Page #156 has no URL"
time="2024-11-02T16:58:06Z" level=warning msg="Page #158 has no URL"
time="2024-11-02T16:58:06Z" level=warning msg="Page #159 has no URL"
time="2024-11-02T16:58:06Z" level=warning msg="Page #160 has no URL"
time="2024-11-02T16:58:06Z" level=warning msg="Page #162 has no URL"
time="2024-11-02T16:58:06Z" level=warning msg="Page #163 has no URL"
time="2024-11-02T16:58:06Z" level=warning msg="Page #103 has no URL"
time="2024-11-02T16:58:06Z" level=warning msg="Page #165 has no URL"
time="2024-11-02T16:58:06Z" level=warning msg="Page #166 has no URL"
time="2024-11-02T16:58:06Z" level=warning msg="Page #110 has no URL"
time="2024-11-02T16:58:06Z" level=warning msg="Page #109 has no URL"
time="2024-11-02T16:58:06Z" level=warning msg="Page #115 has no URL"
time="2024-11-02T16:58:06Z" level=warning msg="Page #167 has no URL"
time="2024-11-02T16:58:06Z" level=warning msg="Page #169 has no URL"
time="2024-11-02T16:58:06Z" level=warning msg="Page #170 has no URL"
time="2024-11-02T16:58:06Z" level=warning msg="Page #171 has no URL"
time="2024-11-02T16:58:06Z" level=warning msg="Page #114 has no URL"
time="2024-11-02T16:58:06Z" level=warning msg="Page #123 has no URL"
time="2024-11-02T16:58:06Z" level=warning msg="Page #173 has no URL"
time="2024-11-02T16:58:06Z" level=warning msg="Page #25 has no URL"
time="2024-11-02T16:58:06Z" level=warning msg="Page #176 has no URL"
time="2024-11-02T16:58:06Z" level=warning msg="Page #179 has no URL"
time="2024-11-02T16:58:06Z" level=warning msg="Page #178 has no URL"
time="2024-11-02T16:58:06Z" level=warning msg="Page #128 has no URL"
time="2024-11-02T16:58:06Z" level=warning msg="Page #186 has no URL"
time="2024-11-02T16:58:06Z" level=warning msg="Page #131 has no URL"
time="2024-11-02T16:58:06Z" level=warning msg="Page #192 has no URL"
time="2024-11-02T16:58:06Z" level=warning msg="Page #193 has no URL"
time="2024-11-02T16:58:06Z" level=warning msg="Page #30 has no URL"
time="2024-11-02T16:58:06Z" level=warning msg="Page #198 has no URL"
time="2024-11-02T16:58:06Z" level=warning msg="Page #202 has no URL"
time="2024-11-02T16:58:06Z" level=warning msg="Page #203 has no URL"
time="2024-11-02T16:58:06Z" level=warning msg="Page #130 has no URL"
time="2024-11-02T16:58:06Z" level=warning msg="Page #205 has no URL"
time="2024-11-02T16:58:06Z" level=warning msg="Page #213 has no URL"
time="2024-11-02T16:58:06Z" level=warning msg="Page #216 has no URL"
time="2024-11-02T16:58:06Z" level=warning msg="Page #137 has no URL"
time="2024-11-02T16:58:06Z" level=warning msg="Page #38 has no URL"
time="2024-11-02T16:58:06Z" level=warning msg="Page #41 has no URL"
time="2024-11-02T16:58:06Z" level=warning msg="Page #149 has no URL"
time="2024-11-02T16:58:06Z" level=warning msg="Page #145 has no URL"
time="2024-11-02T16:58:06Z" level=warning msg="Page #146 has no URL"
time="2024-11-02T16:58:06Z" level=warning msg="Page #148 has no URL"
time="2024-11-02T16:58:06Z" level=warning msg="Page #42 has no URL"
time="2024-11-02T16:58:06Z" level=warning msg="Page #142 has no URL"
time="2024-11-02T16:58:06Z" level=warning msg="Page #9 has no URL"
time="2024-11-02T16:58:06Z" level=info msg="getting pdf converter"
time="2024-11-02T16:58:06Z" level=info msg="converting pdf"
time="2024-11-02T16:59:28Z" level=info msg="opening with okular"
time="2024-11-02T16:59:28Z" level=info msg="history saved"
time="2024-11-02T16:59:28Z" level=info msg="opening with okular"
time="2024-11-02T16:59:28Z" level=info msg="history saved"
time="2024-11-02T16:59:41Z" level=info msg="opened without errors"
time="2024-11-02T17:13:49Z" level=info msg="opened without errors"
time="2024-11-02T17:13:50Z" level=info msg="downloading Chapter 1 for reading. Provider is Mangadex built-in"
time="2024-11-02T17:13:50Z" level=info msg="getting pages of Chapter 1"
time="2024-11-02T17:14:38Z" level=warning msg="Page #0 has no URL"
time="2024-11-02T17:14:38Z" level=warning msg="Page #6 has no URL"
time="2024-11-02T17:14:38Z" level=warning msg="Page #8 has no URL"
time="2024-11-02T17:14:38Z" level=warning msg="Page #1 has no URL"
time="2024-11-02T17:14:38Z" level=warning msg="Page #14 has no URL"
time="2024-11-02T17:14:38Z" level=warning msg="Page #16 has no URL"
time="2024-11-02T17:14:38Z" level=warning msg="Page #17 has no URL"
time="2024-11-02T17:14:38Z" level=warning msg="Page #21 has no URL"
time="2024-11-02T17:14:38Z" level=warning msg="Page #23 has no URL"
time="2024-11-02T17:14:38Z" level=warning msg="Page #20 has no URL"
time="2024-11-02T17:14:38Z" level=warning msg="Page #28 has no URL"
time="2024-11-02T17:14:38Z" level=warning msg="Page #30 has no URL"
time="2024-11-02T17:14:38Z" level=warning msg="Page #9 has no URL"
time="2024-11-02T17:14:38Z" level=warning msg="Page #32 has no URL"
time="2024-11-02T17:14:38Z" level=warning msg="Page #34 has no URL"
time="2024-11-02T17:14:38Z" level=warning msg="Page #36 has no URL"
time="2024-11-02T17:14:38Z" level=warning msg="Page #38 has no URL"
time="2024-11-02T17:14:38Z" level=warning msg="Page #40 has no URL"
time="2024-11-02T17:14:38Z" level=warning msg="Page #41 has no URL"
time="2024-11-02T17:14:38Z" level=warning msg="Page #42 has no URL"
time="2024-11-02T17:14:38Z" level=warning msg="Page #43 has no URL"
time="2024-11-02T17:14:38Z" level=warning msg="Page #44 has no URL"
time="2024-11-02T17:14:38Z" level=warning msg="Page #45 has no URL"
time="2024-11-02T17:14:38Z" level=warning msg="Page #47 has no URL"
time="2024-11-02T17:14:38Z" level=warning msg="Page #48 has no URL"
time="2024-11-02T17:14:38Z" level=warning msg="Page #51 has no URL"
time="2024-11-02T17:14:38Z" level=warning msg="Page #52 has no URL"
time="2024-11-02T17:14:38Z" level=warning msg="Page #53 has no URL"
time="2024-11-02T17:14:38Z" level=warning msg="Page #54 has no URL"
time="2024-11-02T17:14:38Z" level=warning msg="Page #18 has no URL"
time="2024-11-02T17:14:38Z" level=warning msg="Page #56 has no URL"
time="2024-11-02T17:14:38Z" level=warning msg="Page #60 has no URL"
time="2024-11-02T17:14:38Z" level=warning msg="Page #61 has no URL"
time="2024-11-02T17:14:38Z" level=warning msg="Page #63 has no URL"
time="2024-11-02T17:14:38Z" level=warning msg="Page #62 has no URL"
time="2024-11-02T17:14:38Z" level=warning msg="Page #68 has no URL"
time="2024-11-02T17:14:38Z" level=warning msg="Page #70 has no URL"
time="2024-11-02T17:14:38Z" level=warning msg="Page #57 has no URL"
time="2024-11-02T17:14:38Z" level=warning msg="Page #69 has no URL"
time="2024-11-02T17:14:38Z" level=warning msg="Page #67 has no URL"
time="2024-11-02T17:14:38Z" level=warning msg="Page #33 has no URL"
time="2024-11-02T17:14:38Z" level=warning msg="Page #50 has no URL"
time="2024-11-02T17:14:38Z" level=warning msg="Page #37 has no URL"
time="2024-11-02T17:14:38Z" level=warning msg="Page #5 has no URL"
time="2024-11-02T17:14:38Z" level=warning msg="Page #4 has no URL"
time="2024-11-02T17:14:38Z" level=warning msg="Page #7 has no URL"
time="2024-11-02T17:14:38Z" level=warning msg="Page #10 has no URL"
time="2024-11-02T17:14:38Z" level=warning msg="Page #11 has no URL"
time="2024-11-02T17:14:38Z" level=warning msg="Page #2 has no URL"
time="2024-11-02T17:14:38Z" level=warning msg="Page #13 has no URL"
time="2024-11-02T17:14:38Z" level=warning msg="Page #12 has no URL"
time="2024-11-02T17:14:38Z" level=warning msg="Page #3 has no URL"
time="2024-11-02T17:14:38Z" level=warning msg="Page #15 has no URL"
time="2024-11-02T17:14:38Z" level=warning msg="Page #19 has no URL"
time="2024-11-02T17:14:38Z" level=warning msg="Page #22 has no URL"
time="2024-11-02T17:14:38Z" level=warning msg="Page #24 has no URL"
time="2024-11-02T17:14:38Z" level=warning msg="Page #25 has no URL"
time="2024-11-02T17:14:38Z" level=warning msg="Page #26 has no URL"
time="2024-11-02T17:14:38Z" level=warning msg="Page #27 has no URL"
time="2024-11-02T17:14:38Z" level=warning msg="Page #29 has no URL"
time="2024-11-02T17:14:38Z" level=warning msg="Page #31 has no URL"
time="2024-11-02T17:14:38Z" level=warning msg="Page #35 has no URL"
time="2024-11-02T17:14:38Z" level=warning msg="Page #39 has no URL"
time="2024-11-02T17:14:38Z" level=warning msg="Page #46 has no URL"
time="2024-11-02T17:14:38Z" level=warning msg="Page #49 has no URL"
time="2024-11-02T17:14:38Z" level=warning msg="Page #55 has no URL"
time="2024-11-02T17:14:38Z" level=warning msg="Page #58 has no URL"
time="2024-11-02T17:14:38Z" level=warning msg="Page #59 has no URL"
time="2024-11-02T17:14:38Z" level=warning msg="Page #64 has no URL"
time="2024-11-02T17:14:38Z" level=warning msg="Page #66 has no URL"
time="2024-11-02T17:14:38Z" level=warning msg="Page #65 has no URL"
time="2024-11-02T17:14:38Z" level=info msg="getting pdf converter"
time="2024-11-02T17:14:38Z" level=info msg="converting pdf"
time="2024-11-02T17:14:38Z" level=info msg="opening with okular"
time="2024-11-02T17:14:38Z" level=info msg="history saved"
time="2024-11-02T17:16:41Z" level=info msg="opened without errors"
time="2024-11-02T17:16:44Z" level=info msg="downloading Chapter 2 for reading. Provider is Mangadex built-in"
time="2024-11-02T17:16:44Z" level=info msg="getting pages of Chapter 2"
time="2024-11-02T17:18:15Z" level=warning msg="Page #0 has no URL"
time="2024-11-02T17:18:15Z" level=warning msg="Page #3 has no URL"
time="2024-11-02T17:18:15Z" level=warning msg="Page #8 has no URL"
time="2024-11-02T17:18:15Z" level=warning msg="Page #10 has no URL"
time="2024-11-02T17:18:15Z" level=warning msg="Page #14 has no URL"
time="2024-11-02T17:18:15Z" level=warning msg="Page #17 has no URL"
time="2024-11-02T17:18:15Z" level=warning msg="Page #5 has no URL"
time="2024-11-02T17:18:15Z" level=warning msg="Page #20 has no URL"
time="2024-11-02T17:18:15Z" level=warning msg="Page #2 has no URL"
time="2024-11-02T17:18:15Z" level=warning msg="Page #6 has no URL"
time="2024-11-02T17:18:15Z" level=warning msg="Page #22 has no URL"
time="2024-11-02T17:18:15Z" level=warning msg="Page #24 has no URL"
time="2024-11-02T17:18:15Z" level=warning msg="Page #26 has no URL"
time="2024-11-02T17:18:15Z" level=warning msg="Page #28 has no URL"
time="2024-11-02T17:18:15Z" level=warning msg="Page #21 has no URL"
time="2024-11-02T17:18:15Z" level=warning msg="Page #29 has no URL"
time="2024-11-02T17:18:15Z" level=warning msg="Page #32 has no URL"
time="2024-11-02T17:18:15Z" level=warning msg="Page #34 has no URL"
time="2024-11-02T17:18:15Z" level=warning msg="Page #25 has no URL"
time="2024-11-02T17:18:15Z" level=warning msg="Page #36 has no URL"
time="2024-11-02T17:18:15Z" level=warning msg="Page #38 has no URL"
time="2024-11-02T17:18:15Z" level=warning msg="Page #39 has no URL"
time="2024-11-02T17:18:15Z" level=warning msg="Page #41 has no URL"
time="2024-11-02T17:18:15Z" level=warning msg="Page #35 has no URL"
time="2024-11-02T17:18:15Z" level=warning msg="Page #40 has no URL"
time="2024-11-02T17:18:15Z" level=warning msg="Page #45 has no URL"
time="2024-11-02T17:18:15Z" level=warning msg="Page #46 has no URL"
time="2024-11-02T17:18:15Z" level=warning msg="Page #47 has no URL"
time="2024-11-02T17:18:15Z" level=warning msg="Page #48 has no URL"
time="2024-11-02T17:18:15Z" level=warning msg="Page #51 has no URL"
time="2024-11-02T17:18:15Z" level=warning msg="Page #52 has no URL"
time="2024-11-02T17:18:15Z" level=warning msg="Page #42 has no URL"
time="2024-11-02T17:18:15Z" level=warning msg="Page #53 has no URL"
time="2024-11-02T17:18:15Z" level=warning msg="Page #54 has no URL"
time="2024-11-02T17:18:15Z" level=warning msg="Page #57 has no URL"
time="2024-11-02T17:18:15Z" level=warning msg="Page #50 has no URL"
time="2024-11-02T17:18:15Z" level=warning msg="Page #60 has no URL"
time="2024-11-02T17:18:15Z" level=warning msg="Page #61 has no URL"
time="2024-11-02T17:18:15Z" level=warning msg="Page #13 has no URL"
time="2024-11-02T17:18:15Z" level=warning msg="Page #63 has no URL"
time="2024-11-02T17:18:15Z" level=warning msg="Page #62 has no URL"
time="2024-11-02T17:18:15Z" level=warning msg="Page #65 has no URL"
time="2024-11-02T17:18:15Z" level=warning msg="Page #66 has no URL"
time="2024-11-02T17:18:15Z" level=warning msg="Page #70 has no URL"
time="2024-11-02T17:18:15Z" level=warning msg="Page #64 has no URL"
time="2024-11-02T17:18:15Z" level=warning msg="Page #71 has no URL"
time="2024-11-02T17:18:15Z" level=warning msg="Page #72 has no URL"
time="2024-11-02T17:18:15Z" level=warning msg="Page #67 has no URL"
time="2024-11-02T17:18:15Z" level=warning msg="Page #74 has no URL"
time="2024-11-02T17:18:15Z" level=warning msg="Page #16 has no URL"
time="2024-11-02T17:18:15Z" level=warning msg="Page #78 has no URL"
time="2024-11-02T17:18:15Z" level=warning msg="Page #79 has no URL"
time="2024-11-02T17:18:15Z" level=warning msg="Page #80 has no URL"
time="2024-11-02T17:18:15Z" level=warning msg="Page #82 has no URL"
time="2024-11-02T17:18:15Z" level=warning msg="Page #83 has no URL"
time="2024-11-02T17:18:15Z" level=warning msg="Page #84 has no URL"
time="2024-11-02T17:18:15Z" level=warning msg="Page #81 has no URL"
time="2024-11-02T17:18:15Z" level=warning msg="Page #88 has no URL"
time="2024-11-02T17:18:15Z" level=warning msg="Page #76 has no URL"
time="2024-11-02T17:18:15Z" level=warning msg="Page #89 has no URL"
time="2024-11-02T17:18:15Z" level=warning msg="Page #23 has no URL"
time="2024-11-02T17:18:15Z" level=warning msg="Page #92 has no URL"
time="2024-11-02T17:18:15Z" level=warning msg="Page #27 has no URL"
time="2024-11-02T17:18:15Z" level=warning msg="Page #90 has no URL"
time="2024-11-02T17:18:15Z" level=warning msg="Page #97 has no URL"
time="2024-11-02T17:18:15Z" level=warning msg="Page #49 has no URL"
time="2024-11-02T17:18:15Z" level=warning msg="Page #103 has no URL"
time="2024-11-02T17:18:15Z" level=warning msg="Page #12 has no URL"
time="2024-11-02T17:18:15Z" level=warning msg="Page #109 has no URL"
time="2024-11-02T17:18:15Z" level=warning msg="Page #110 has no URL"
time="2024-11-02T17:18:15Z" level=warning msg="Page #56 has no URL"
time="2024-11-02T17:18:15Z" level=warning msg="Page #111 has no URL"
time="2024-11-02T17:18:15Z" level=warning msg="Page #116 has no URL"
time="2024-11-02T17:18:15Z" level=warning msg="Page #113 has no URL"
time="2024-11-02T17:18:15Z" level=warning msg="Page #119 has no URL"
time="2024-11-02T17:18:15Z" level=warning msg="Page #121 has no URL"
time="2024-11-02T17:18:15Z" level=warning msg="Page #118 has no URL"
time="2024-11-02T17:18:15Z" level=warning msg="Page #123 has no URL"
time="2024-11-02T17:18:15Z" level=warning msg="Page #124 has no URL"
time="2024-11-02T17:18:15Z" level=warning msg="Page #126 has no URL"
time="2024-11-02T17:18:15Z" level=warning msg="Page #112 has no URL"
time="2024-11-02T17:18:15Z" level=warning msg="Page #128 has no URL"
time="2024-11-02T17:18:15Z" level=warning msg="Page #131 has no URL"
time="2024-11-02T17:18:15Z" level=warning msg="Page #129 has no URL"
time="2024-11-02T17:18:15Z" level=warning msg="Page #136 has no URL"
time="2024-11-02T17:18:15Z" level=warning msg="Page #139 has no URL"
time="2024-11-02T17:18:15Z" level=warning msg="Page #105 has no URL"
time="2024-11-02T17:18:15Z" level=warning msg="Page #143 has no URL"
time="2024-11-02T17:18:15Z" level=warning msg="Page #137 has no URL"
time="2024-11-02T17:18:15Z" level=warning msg="Page #127 has no URL"
time="2024-11-02T17:18:15Z" level=warning msg="Page #146 has no URL"
time="2024-11-02T17:18:15Z" level=warning msg="Page #149 has no URL"
time="2024-11-02T17:18:15Z" level=warning msg="Page #145 has no URL"
time="2024-11-02T17:18:15Z" level=warning msg="Page #153 has no URL"
time="2024-11-02T17:18:15Z" level=warning msg="Page #150 has no URL"
time="2024-11-02T17:18:15Z" level=warning msg="Page #155 has no URL"
time="2024-11-02T17:18:15Z" level=warning msg="Page #156 has no URL"
time="2024-11-02T17:18:15Z" level=warning msg="Page #160 has no URL"
time="2024-11-02T17:18:15Z" level=warning msg="Page #162 has no URL"
time="2024-11-02T17:18:15Z" level=warning msg="Page #163 has no URL"
time="2024-11-02T17:18:15Z" level=warning msg="Page #164 has no URL"
time="2024-11-02T17:18:15Z" level=warning msg="Page #167 has no URL"
time="2024-11-02T17:18:15Z" level=warning msg="Page #168 has no URL"
time="2024-11-02T17:18:15Z" level=warning msg="Page #172 has no URL"
time="2024-11-02T17:18:15Z" level=warning msg="Page #174 has no URL"
time="2024-11-02T17:18:15Z" level=warning msg="Page #175 has no URL"
time="2024-11-02T17:18:15Z" level=warning msg="Page #151 has no URL"
time="2024-11-02T17:18:15Z" level=warning msg="Page #178 has no URL"
time="2024-11-02T17:18:15Z" level=warning msg="Page #180 has no URL"
time="2024-11-02T17:18:15Z" level=warning msg="Page #181 has no URL"
time="2024-11-02T17:18:15Z" level=warning msg="Page #182 has no URL"
time="2024-11-02T17:18:15Z" level=warning msg="Page #169 has no URL"
time="2024-11-02T17:18:15Z" level=warning msg="Page #185 has no URL"
time="2024-11-02T17:18:15Z" level=warning msg="Page #177 has no URL"
time="2024-11-02T17:18:15Z" level=warning msg="Page #188 has no URL"
time="2024-11-02T17:18:15Z" level=warning msg="Page #187 has no URL"
time="2024-11-02T17:18:15Z" level=warning msg="Page #183 has no URL"
time="2024-11-02T17:18:15Z" level=warning msg="Page #170 has no URL"
time="2024-11-02T17:18:15Z" level=warning msg="Page #157 has no URL"
time="2024-11-02T17:18:15Z" level=warning msg="Page #159 has no URL"
time="2024-11-02T17:18:15Z" level=warning msg="Page #117 has no URL"
time="2024-11-02T17:18:15Z" level=warning msg="Page #59 has no URL"
time="2024-11-02T17:18:15Z" level=warning msg="Page #15 has no URL"
time="2024-11-02T17:18:15Z" level=warning msg="Page #68 has no URL"
time="2024-11-02T17:18:15Z" level=warning msg="Page #69 has no URL"
time="2024-11-02T17:18:15Z" level=warning msg="Page #73 has no URL"
time="2024-11-02T17:18:15Z" level=warning msg="Page #75 has no URL"
time="2024-11-02T17:18:15Z" level=warning msg="Page #18 has no URL"
time="2024-11-02T17:18:15Z" level=warning msg="Page #77 has no URL"
time="2024-11-02T17:18:15Z" level=warning msg="Page #19 has no URL"
time="2024-11-02T17:18:15Z" level=warning msg="Page #85 has no URL"
time="2024-11-02T17:18:15Z" level=warning msg="Page #86 has no URL"
time="2024-11-02T17:18:15Z" level=warning msg="Page #87 has no URL"
time="2024-11-02T17:18:15Z" level=warning msg="Page #7 has no URL"
time="2024-11-02T17:18:15Z" level=warning msg="Page #93 has no URL"
time="2024-11-02T17:18:15Z" level=warning msg="Page #91 has no URL"
time="2024-11-02T17:18:15Z" level=warning msg="Page #94 has no URL"
time="2024-11-02T17:18:15Z" level=warning msg="Page #95 has no URL"
time="2024-11-02T17:18:15Z" level=warning msg="Page #96 has no URL"
time="2024-11-02T17:18:15Z" level=warning msg="Page #31 has no URL"
time="2024-11-02T17:18:15Z" level=warning msg="Page #99 has no URL"
time="2024-11-02T17:18:15Z" level=warning msg="Page #98 has no URL"
time="2024-11-02T17:18:15Z" level=warning msg="Page #100 has no URL"
time="2024-11-02T17:18:15Z" level=warning msg="Page #101 has no URL"
time="2024-11-02T17:18:15Z" level=warning msg="Page #102 has no URL"
time="2024-11-02T17:18:15Z" level=warning msg="Page #30 has no URL"
time="2024-11-02T17:18:15Z" level=warning msg="Page #33 has no URL"
time="2024-11-02T17:18:15Z" level=warning msg="Page #4 has no URL"
time="2024-11-02T17:18:15Z" level=warning msg="Page #1 has no URL"
time="2024-11-02T17:18:15Z" level=warning msg="Page #37 has no URL"
time="2024-11-02T17:18:15Z" level=warning msg="Page #9 has no URL"
time="2024-11-02T17:18:15Z" level=warning msg="Page #11 has no URL"
time="2024-11-02T17:18:15Z" level=warning msg="Page #43 has no URL"
time="2024-11-02T17:18:15Z" level=warning msg="Page #44 has no URL"
time="2024-11-02T17:18:15Z" level=warning msg="Page #58 has no URL"
time="2024-11-02T17:18:15Z" level=warning msg="Page #106 has no URL"
time="2024-11-02T17:18:15Z" level=warning msg="Page #55 has no URL"
time="2024-11-02T17:18:15Z" level=warning msg="Page #107 has no URL"
time="2024-11-02T17:18:15Z" level=warning msg="Page #104 has no URL"
time="2024-11-02T17:18:15Z" level=warning msg="Page #108 has no URL"
time="2024-11-02T17:18:15Z" level=warning msg="Page #114 has no URL"
time="2024-11-02T17:18:15Z" level=warning msg="Page #115 has no URL"
time="2024-11-02T17:18:15Z" level=warning msg="Page #120 has no URL"
time="2024-11-02T17:18:15Z" level=warning msg="Page #122 has no URL"
time="2024-11-02T17:18:15Z" level=warning msg="Page #125 has no URL"
time="2024-11-02T17:18:15Z" level=warning msg="Page #130 has no URL"
time="2024-11-02T17:18:15Z" level=warning msg="Page #132 has no URL"
time="2024-11-02T17:18:15Z" level=warning msg="Page #133 has no URL"
time="2024-11-02T17:18:15Z" level=warning msg="Page #134 has no URL"
time="2024-11-02T17:18:15Z" level=warning msg="Page #135 has no URL"
time="2024-11-02T17:18:15Z" level=warning msg="Page #138 has no URL"
time="2024-11-02T17:18:15Z" level=warning msg="Page #140 has no URL"
time="2024-11-02T17:18:15Z" level=warning msg="Page #141 has no URL"
time="2024-11-02T17:18:15Z" level=warning msg="Page #142 has no URL"
time="2024-11-02T17:18:15Z" level=warning msg="Page #147 has no URL"
time="2024-11-02T17:18:15Z" level=warning msg="Page #144 has no URL"
time="2024-11-02T17:18:15Z" level=warning msg="Page #148 has no URL"
time="2024-11-02T17:18:15Z" level=warning msg="Page #152 has no URL"
time="2024-11-02T17:18:15Z" level=warning msg="Page #154 has no URL"
time="2024-11-02T17:18:15Z" level=warning msg="Page #158 has no URL"
time="2024-11-02T17:18:15Z" level=warning msg="Page #161 has no URL"
time="2024-11-02T17:18:15Z" level=warning msg="Page #165 has no URL"
time="2024-11-02T17:18:15Z" level=warning msg="Page #166 has no URL"
time="2024-11-02T17:18:15Z" level=warning msg="Page #171 has no URL"
time="2024-11-02T17:18:15Z" level=warning msg="Page #173 has no URL"
time="2024-11-02T17:18:15Z" level=warning msg="Page #176 has no URL"
time="2024-11-02T17:18:15Z" level=warning msg="Page #179 has no URL"
time="2024-11-02T17:18:15Z" level=warning msg="Page #184 has no URL"
time="2024-11-02T17:18:15Z" level=warning msg="Page #186 has no URL"
time="2024-11-02T17:18:15Z" level=warning msg="Page #190 has no URL"
time="2024-11-02T17:18:15Z" level=warning msg="Page #189 has no URL"
time="2024-11-02T17:18:15Z" level=info msg="getting pdf converter"
time="2024-11-02T17:18:15Z" level=info msg="converting pdf"
time="2024-11-02T17:19:19Z" level=info msg="opening with okular"
time="2024-11-02T17:19:19Z" level=info msg="history saved"
time="2024-11-02T17:30:30Z" level=info msg="opened without errors"
time="2024-11-02T17:30:35Z" level=info msg="downloading Chapter 3 for reading. Provider is Mangadex built-in"
time="2024-11-02T17:30:35Z" level=info msg="getting pages of Chapter 3"
time="2024-11-02T17:33:41Z" level=warning msg="Page #0 has no URL"
time="2024-11-02T17:33:41Z" level=warning msg="Page #1 has no URL"
time="2024-11-02T17:33:41Z" level=warning msg="Page #10 has no URL"
time="2024-11-02T17:33:41Z" level=warning msg="Page #14 has no URL"
time="2024-11-02T17:33:41Z" level=warning msg="Page #18 has no URL"
time="2024-11-02T17:33:41Z" level=warning msg="Page #21 has no URL"
time="2024-11-02T17:33:41Z" level=warning msg="Page #23 has no URL"
time="2024-11-02T17:33:41Z" level=warning msg="Page #28 has no URL"
time="2024-11-02T17:33:41Z" level=warning msg="Page #2 has no URL"
time="2024-11-02T17:33:41Z" level=warning msg="Page #31 has no URL"
time="2024-11-02T17:33:41Z" level=warning msg="Page #13 has no URL"
time="2024-11-02T17:33:41Z" level=warning msg="Page #32 has no URL"
time="2024-11-02T17:33:41Z" level=warning msg="Page #36 has no URL"
time="2024-11-02T17:33:41Z" level=warning msg="Page #37 has no URL"
time="2024-11-02T17:33:41Z" level=warning msg="Page #39 has no URL"
time="2024-11-02T17:33:41Z" level=warning msg="Page #40 has no URL"
time="2024-11-02T17:33:41Z" level=warning msg="Page #43 has no URL"
time="2024-11-02T17:33:41Z" level=warning msg="Page #44 has no URL"
time="2024-11-02T17:33:41Z" level=warning msg="Page #42 has no URL"
time="2024-11-02T17:33:41Z" level=warning msg="Page #47 has no URL"
time="2024-11-02T17:33:41Z" level=warning msg="Page #48 has no URL"
time="2024-11-02T17:33:41Z" level=warning msg="Page #49 has no URL"
time="2024-11-02T17:33:41Z" level=warning msg="Page #51 has no URL"
time="2024-11-02T17:33:41Z" level=warning msg="Page #52 has no URL"
time="2024-11-02T17:33:41Z" level=warning msg="Page #53 has no URL"
time="2024-11-02T17:33:41Z" level=warning msg="Page #55 has no URL"
time="2024-11-02T17:33:41Z" level=warning msg="Page #58 has no URL"
time="2024-11-02T17:33:41Z" level=warning msg="Page #60 has no URL"
time="2024-11-02T17:33:41Z" level=warning msg="Page #38 has no URL"
time="2024-11-02T17:33:41Z" level=warning msg="Page #57 has no URL"
time="2024-11-02T17:33:41Z" level=warning msg="Page #50 has no URL"
time="2024-11-02T17:33:41Z" level=warning msg="Page #30 has no URL"
time="2024-11-02T17:33:41Z" level=warning msg="Page #62 has no URL"
time="2024-11-02T17:33:41Z" level=warning msg="Page #68 has no URL"
time="2024-11-02T17:33:41Z" level=warning msg="Page #66 has no URL"
time="2024-11-02T17:33:41Z" level=warning msg="Page #70 has no URL"
time="2024-11-02T17:33:41Z" level=warning msg="Page #20 has no URL"
time="2024-11-02T17:33:41Z" level=warning msg="Page #71 has no URL"
time="2024-11-02T17:33:41Z" level=warning msg="Page #74 has no URL"
time="2024-11-02T17:33:41Z" level=warning msg="Page #77 has no URL"
time="2024-11-02T17:33:41Z" level=warning msg="Page #78 has no URL"
time="2024-11-02T17:33:41Z" level=warning msg="Page #80 has no URL"
time="2024-11-02T17:33:41Z" level=warning msg="Page #11 has no URL"
time="2024-11-02T17:33:41Z" level=warning msg="Page #83 has no URL"
time="2024-11-02T17:33:41Z" level=warning msg="Page #12 has no URL"
time="2024-11-02T17:33:41Z" level=warning msg="Page #85 has no URL"
time="2024-11-02T17:33:41Z" level=warning msg="Page #86 has no URL"
time="2024-11-02T17:33:41Z" level=warning msg="Page #87 has no URL"
time="2024-11-02T17:33:41Z" level=warning msg="Page #88 has no URL"
time="2024-11-02T17:33:41Z" level=warning msg="Page #82 has no URL"
time="2024-11-02T17:33:41Z" level=warning msg="Page #19 has no URL"
time="2024-11-02T17:33:41Z" level=warning msg="Page #89 has no URL"
time="2024-11-02T17:33:41Z" level=warning msg="Page #29 has no URL"
time="2024-11-02T17:33:41Z" level=warning msg="Page #34 has no URL"
time="2024-11-02T17:33:41Z" level=warning msg="Page #26 has no URL"
time="2024-11-02T17:33:41Z" level=warning msg="Page #98 has no URL"
time="2024-11-02T17:33:41Z" level=warning msg="Page #99 has no URL"
time="2024-11-02T17:33:41Z" level=warning msg="Page #100 has no URL"
time="2024-11-02T17:33:41Z" level=warning msg="Page #102 has no URL"
time="2024-11-02T17:33:41Z" level=warning msg="Page #103 has no URL"
time="2024-11-02T17:33:41Z" level=warning msg="Page #105 has no URL"
time="2024-11-02T17:33:41Z" level=warning msg="Page #107 has no URL"
time="2024-11-02T17:33:41Z" level=warning msg="Page #90 has no URL"
time="2024-11-02T17:33:41Z" level=warning msg="Page #109 has no URL"
time="2024-11-02T17:33:41Z" level=warning msg="Page #111 has no URL"
time="2024-11-02T17:33:41Z" level=warning msg="Page #113 has no URL"
time="2024-11-02T17:33:41Z" level=warning msg="Page #114 has no URL"
time="2024-11-02T17:33:41Z" level=warning msg="Page #115 has no URL"
time="2024-11-02T17:33:41Z" level=warning msg="Page #117 has no URL"
time="2024-11-02T17:33:41Z" level=warning msg="Page #118 has no URL"
time="2024-11-02T17:33:41Z" level=warning msg="Page #119 has no URL"
time="2024-11-02T17:33:41Z" level=warning msg="Page #108 has no URL"
time="2024-11-02T17:33:41Z" level=warning msg="Page #120 has no URL"
time="2024-11-02T17:33:41Z" level=warning msg="Page #95 has no URL"
time="2024-11-02T17:33:41Z" level=warning msg="Page #124 has no URL"
time="2024-11-02T17:33:41Z" level=warning msg="Page #45 has no URL"
time="2024-11-02T17:33:41Z" level=warning msg="Page #126 has no URL"
time="2024-11-02T17:33:41Z" level=warning msg="Page #127 has no URL"
time="2024-11-02T17:33:41Z" level=warning msg="Page #128 has no URL"
time="2024-11-02T17:33:41Z" level=warning msg="Page #129 has no URL"
time="2024-11-02T17:33:41Z" level=warning msg="Page #130 has no URL"
time="2024-11-02T17:33:41Z" level=warning msg="Page #131 has no URL"
time="2024-11-02T17:33:41Z" level=warning msg="Page #125 has no URL"
time="2024-11-02T17:33:41Z" level=warning msg="Page #132 has no URL"
time="2024-11-02T17:33:41Z" level=warning msg="Page #54 has no URL"
time="2024-11-02T17:33:41Z" level=warning msg="Page #79 has no URL"
time="2024-11-02T17:33:41Z" level=warning msg="Page #91 has no URL"
time="2024-11-02T17:33:41Z" level=warning msg="Page #138 has no URL"
time="2024-11-02T17:33:41Z" level=warning msg="Page #141 has no URL"
time="2024-11-02T17:33:41Z" level=warning msg="Page #142 has no URL"
time="2024-11-02T17:33:41Z" level=warning msg="Page #143 has no URL"
time="2024-11-02T17:33:41Z" level=warning msg="Page #145 has no URL"
time="2024-11-02T17:33:41Z" level=warning msg="Page #144 has no URL"
time="2024-11-02T17:33:41Z" level=warning msg="Page #147 has no URL"
time="2024-11-02T17:33:41Z" level=warning msg="Page #150 has no URL"
time="2024-11-02T17:33:41Z" level=warning msg="Page #151 has no URL"
time="2024-11-02T17:33:41Z" level=warning msg="Page #153 has no URL"
time="2024-11-02T17:33:41Z" level=warning msg="Page #154 has no URL"
time="2024-11-02T17:33:41Z" level=warning msg="Page #155 has no URL"
time="2024-11-02T17:33:41Z" level=warning msg="Page #157 has no URL"
time="2024-11-02T17:33:41Z" level=warning msg="Page #159 has no URL"
time="2024-11-02T17:33:41Z" level=warning msg="Page #160 has no URL"
time="2024-11-02T17:33:41Z" level=warning msg="Page #137 has no URL"
time="2024-11-02T17:33:41Z" level=warning msg="Page #162 has no URL"
time="2024-11-02T17:33:41Z" level=warning msg="Page #148 has no URL"
time="2024-11-02T17:33:41Z" level=warning msg="Page #92 has no URL"
time="2024-11-02T17:33:41Z" level=warning msg="Page #163 has no URL"
time="2024-11-02T17:33:41Z" level=warning msg="Page #93 has no URL"
time="2024-11-02T17:33:41Z" level=warning msg="Page #94 has no URL"
time="2024-11-02T17:33:41Z" level=warning msg="Page #24 has no URL"
time="2024-11-02T17:33:41Z" level=warning msg="Page #96 has no URL"
time="2024-11-02T17:33:41Z" level=warning msg="Page #33 has no URL"
time="2024-11-02T17:33:41Z" level=warning msg="Page #22 has no URL"
time="2024-11-02T17:33:41Z" level=warning msg="Page #97 has no URL"
time="2024-11-02T17:33:41Z" level=warning msg="Page #25 has no URL"
time="2024-11-02T17:33:41Z" level=warning msg="Page #27 has no URL"
time="2024-11-02T17:33:41Z" level=warning msg="Page #101 has no URL"
time="2024-11-02T17:33:41Z" level=warning msg="Page #104 has no URL"
time="2024-11-02T17:33:41Z" level=warning msg="Page #106 has no URL"
time="2024-11-02T17:33:41Z" level=warning msg="Page #110 has no URL"
time="2024-11-02T17:33:41Z" level=warning msg="Page #35 has no URL"
time="2024-11-02T17:33:41Z" level=warning msg="Page #112 has no URL"
time="2024-11-02T17:33:41Z" level=warning msg="Page #116 has no URL"
time="2024-11-02T17:33:41Z" level=warning msg="Page #121 has no URL"
time="2024-11-02T17:33:41Z" level=warning msg="Page #122 has no URL"
time="2024-11-02T17:33:41Z" level=warning msg="Page #41 has no URL"
time="2024-11-02T17:33:41Z" level=warning msg="Page #123 has no URL"
time="2024-11-02T17:33:41Z" level=warning msg="Page #46 has no URL"
time="2024-11-02T17:33:41Z" level=warning msg="Page #133 has no URL"
time="2024-11-02T17:33:41Z" level=warning msg="Page #134 has no URL"
time="2024-11-02T17:33:41Z" level=warning msg="Page #135 has no URL"
time="2024-11-02T17:33:41Z" level=warning msg="Page #76 has no URL"
time="2024-11-02T17:33:41Z" level=warning msg="Page #136 has no URL"
time="2024-11-02T17:33:41Z" level=warning msg="Page #139 has no URL"
time="2024-11-02T17:33:41Z" level=warning msg="Page #64 has no URL"
time="2024-11-02T17:33:41Z" level=warning msg="Page #81 has no URL"
time="2024-11-02T17:33:41Z" level=warning msg="Page #56 has no URL"
time="2024-11-02T17:33:41Z" level=warning msg="Page #73 has no URL"
time="2024-11-02T17:33:41Z" level=warning msg="Page #59 has no URL"
time="2024-11-02T17:33:41Z" level=warning msg="Page #67 has no URL"
time="2024-11-02T17:33:41Z" level=warning msg="Page #63 has no URL"
time="2024-11-02T17:33:41Z" level=warning msg="Page #15 has no URL"
time="2024-11-02T17:33:41Z" level=warning msg="Page #140 has no URL"
time="2024-11-02T17:33:41Z" level=warning msg="Page #6 has no URL"
time="2024-11-02T17:33:41Z" level=warning msg="Page #17 has no URL"
time="2024-11-02T17:33:41Z" level=warning msg="Page #5 has no URL"
time="2024-11-02T17:33:41Z" level=warning msg="Page #16 has no URL"
time="2024-11-02T17:33:41Z" level=warning msg="Page #69 has no URL"
time="2024-11-02T17:33:41Z" level=warning msg="Page #4 has no URL"
time="2024-11-02T17:33:41Z" level=warning msg="Page #3 has no URL"
time="2024-11-02T17:33:41Z" level=warning msg="Page #9 has no URL"
time="2024-11-02T17:33:41Z" level=warning msg="Page #65 has no URL"
time="2024-11-02T17:33:41Z" level=warning msg="Page #7 has no URL"
time="2024-11-02T17:33:41Z" level=warning msg="Page #72 has no URL"
time="2024-11-02T17:33:41Z" level=warning msg="Page #75 has no URL"
time="2024-11-02T17:33:41Z" level=warning msg="Page #84 has no URL"
time="2024-11-02T17:33:41Z" level=warning msg="Page #61 has no URL"
time="2024-11-02T17:33:41Z" level=warning msg="Page #8 has no URL"
time="2024-11-02T17:33:41Z" level=warning msg="Page #146 has no URL"
time="2024-11-02T17:33:41Z" level=warning msg="Page #149 has no URL"
time="2024-11-02T17:33:41Z" level=warning msg="Page #152 has no URL"
time="2024-11-02T17:33:41Z" level=warning msg="Page #158 has no URL"
time="2024-11-02T17:33:41Z" level=warning msg="Page #156 has no URL"
time="2024-11-02T17:33:41Z" level=warning msg="Page #161 has no URL"
time="2024-11-02T17:33:41Z" level=info msg="getting pdf converter"
time="2024-11-02T17:33:41Z" level=info msg="converting pdf"
time="2024-11-02T17:34:39Z" level=info msg="opening with okular"
time="2024-11-02T17:34:39Z" level=info msg="history saved"
time="2024-11-02T17:42:24Z" level=info msg="opened without errors"
