time="2024-08-13T21:11:52+01:00" level=info msg="loading source Mangapill built-in"
time="2024-08-13T21:11:52+01:00" level=info msg="source Mangapill built-in loaded"
time="2024-08-13T21:11:52+01:00" level=info msg="getting chapters of Chainsaw Man"
time="2024-08-13T21:11:53+01:00" level=info msg="found 174 chapters"
time="2024-08-13T21:11:54+01:00" level=info msg="downloading Chapter 174 for reading. Provider is Mangapill built-in"
time="2024-08-13T21:11:54+01:00" level=info msg="getting pages of Chapter 174"
time="2024-08-13T21:11:55+01:00" level=info msg="getting pdf converter"
time="2024-08-13T21:11:55+01:00" level=info msg="converting pdf"
time="2024-08-13T21:11:55+01:00" level=info msg="opening with okular"
time="2024-08-13T21:11:55+01:00" level=info msg="history saved"
time="2024-08-13T21:11:58+01:00" level=info msg="opened without errors"
time="2024-08-13T21:12:01+01:00" level=info msg="downloading Chapter 174"
time="2024-08-13T21:12:01+01:00" level=info msg="checking if chapter is already downloaded"
time="2024-08-13T21:12:01+01:00" level=info msg="found 17 pages"
time="2024-08-13T21:12:03+01:00" level=info msg="Populating metadata for Chainsaw Man"
time="2024-08-13T21:12:03+01:00" level=info msg="binding Chainsaw Man with anilist"
time="2024-08-13T21:12:03+01:00" level=info msg="Searching anilist for manga chainsaw man"
time="2024-08-13T21:12:03+01:00" level=info msg="Sending request to Anilist"
time="2024-08-13T21:12:03+01:00" level=info msg="Got response from Anilist, found 9 results"
time="2024-08-13T21:12:04+01:00" level=info msg="Downloading cover for Chainsaw Man"
time="2024-08-13T21:12:04+01:00" level=warning msg="Cover already exists"
time="2024-08-13T21:12:04+01:00" level=info msg="getting pdf converter"
time="2024-08-13T21:12:04+01:00" level=info msg="converting pdf"
time="2024-08-13T21:12:04+01:00" level=info msg="downloaded without errors"
time="2024-08-13T21:12:52+01:00" level=info msg="loading source Mangapill built-in"
time="2024-08-13T21:12:52+01:00" level=info msg="source Mangapill built-in loaded"
time="2024-08-13T21:12:52+01:00" level=info msg="getting chapters of Chainsaw Man"
time="2024-08-13T21:12:52+01:00" level=info msg="found 174 chapters"
time="2024-08-13T21:12:52+01:00" level=info msg="opening with okular"
time="2024-08-13T21:12:52+01:00" level=info msg="history saved"
time="2024-08-13T21:17:26+01:00" level=info msg="opened without errors"
