time="2024-10-15T19:10:32+01:00" level=info msg="loading source Mangapill built-in"
time="2024-10-15T19:10:32+01:00" level=info msg="source Mangapill built-in loaded"
time="2024-10-15T19:10:32+01:00" level=info msg="getting chapters of Chainsaw Man"
time="2024-10-15T19:10:31+01:00" level=info msg="found 180 chapters"
time="2024-10-15T19:10:34+01:00" level=info msg="downloading Chapter 180"
time="2024-10-15T19:10:34+01:00" level=info msg="checking if chapter is already downloaded"
time="2024-10-15T19:10:35+01:00" level=info msg="found 18 pages"
time="2024-10-15T19:10:40+01:00" level=info msg="Populating metadata for Chainsaw Man"
time="2024-10-15T19:10:40+01:00" level=info msg="binding Chainsaw Man with anilist"
time="2024-10-15T19:10:40+01:00" level=info msg="Searching anilist for manga chainsaw man"
time="2024-10-15T19:10:40+01:00" level=info msg="Sending request to Anilist"
time="2024-10-15T19:10:40+01:00" level=info msg="Got response from Anilist, found 9 results"
time="2024-10-15T19:10:40+01:00" level=info msg="Downloading cover for Chainsaw Man"
time="2024-10-15T19:10:40+01:00" level=warning msg="Cover already exists"
time="2024-10-15T19:10:40+01:00" level=info msg="getting pdf converter"
time="2024-10-15T19:10:40+01:00" level=info msg="converting pdf"
time="2024-10-15T19:10:41+01:00" level=info msg="downloaded without errors"
time="2024-10-15T19:10:53+01:00" level=info msg="loading source Mangapill built-in"
time="2024-10-15T19:10:53+01:00" level=info msg="source Mangapill built-in loaded"
time="2024-10-15T19:10:53+01:00" level=info msg="getting chapters of Chainsaw Man"
time="2024-10-15T19:10:53+01:00" level=info msg="found 180 chapters"
time="2024-10-15T19:10:54+01:00" level=info msg="opening with okular"
time="2024-10-15T19:10:54+01:00" level=info msg="history saved"
time="2024-10-15T19:13:00+01:00" level=info msg="opened without errors"
