time="2024-09-12T20:34:15+01:00" level=info msg="loading source Mangapill built-in"
time="2024-09-12T20:34:15+01:00" level=info msg="source Mangapill built-in loaded"
time="2024-09-12T20:34:15+01:00" level=info msg="getting chapters of Chainsaw Man"
time="2024-09-12T20:34:15+01:00" level=info msg="found 0 chapters"
time="2024-09-12T20:34:16+01:00" level=info msg="loading source Mangapill built-in"
time="2024-09-12T20:34:16+01:00" level=info msg="source Mangapill built-in loaded"
time="2024-09-12T20:34:16+01:00" level=info msg="getting chapters of Chainsaw Man"
time="2024-09-12T20:34:16+01:00" level=info msg="found 0 chapters"
time="2024-09-12T20:51:31+01:00" level=info msg="loading source Mangapill built-in"
time="2024-09-12T20:51:31+01:00" level=info msg="source Mangapill built-in loaded"
time="2024-09-12T20:51:31+01:00" level=info msg="getting chapters of Chainsaw Man"
time="2024-09-12T20:51:32+01:00" level=info msg="found 176 chapters"
time="2024-09-12T20:51:35+01:00" level=info msg="loading source Mangapill built-in"
time="2024-09-12T20:51:35+01:00" level=info msg="source Mangapill built-in loaded"
time="2024-09-12T20:51:35+01:00" level=info msg="getting chapters of I Was the Final Boss"
time="2024-09-12T20:51:35+01:00" level=info msg="found 87 chapters"
time="2024-09-12T20:51:39+01:00" level=info msg="loading source Mangapill built-in"
time="2024-09-12T20:51:39+01:00" level=info msg="source Mangapill built-in loaded"
time="2024-09-12T20:51:39+01:00" level=info msg="getting chapters of I Was the Final Boss"
time="2024-09-12T20:51:39+01:00" level=info msg="found 87 chapters"
time="2024-09-12T20:51:40+01:00" level=info msg="loading source Mangapill built-in"
time="2024-09-12T20:51:40+01:00" level=info msg="source Mangapill built-in loaded"
time="2024-09-12T20:51:40+01:00" level=info msg="getting chapters of Chainsaw Man"
time="2024-09-12T20:51:40+01:00" level=info msg="found 176 chapters"
