time="2024-11-05T18:46:33Z" level=info msg="loading source Mangapill built-in"
time="2024-11-05T18:46:33Z" level=info msg="source Mangapill built-in loaded"
time="2024-11-05T18:46:33Z" level=info msg="getting chapters of Chainsaw Man"
time="2024-11-05T18:46:34Z" level=info msg="found 182 chapters"
time="2024-11-05T18:46:35Z" level=info msg="downloading Chapter 182"
time="2024-11-05T18:46:35Z" level=info msg="checking if chapter is already downloaded"
time="2024-11-05T18:46:35Z" level=info msg="found 16 pages"
time="2024-11-05T18:46:39Z" level=info msg="Populating metadata for Chainsaw Man"
time="2024-11-05T18:46:39Z" level=info msg="binding Chainsaw Man with anilist"
time="2024-11-05T18:46:39Z" level=info msg="Searching anilist for manga chainsaw man"
time="2024-11-05T18:46:39Z" level=info msg="Sending request to Anilist"
time="2024-11-05T18:46:40Z" level=info msg="Got response from Anilist, found 9 results"
time="2024-11-05T18:46:40Z" level=info msg="Downloading cover for Chainsaw Man"
time="2024-11-05T18:46:40Z" level=warning msg="Cover already exists"
time="2024-11-05T18:46:40Z" level=info msg="getting pdf converter"
time="2024-11-05T18:46:40Z" level=info msg="converting pdf"
time="2024-11-05T18:46:40Z" level=info msg="downloaded without errors"
time="2024-11-05T18:46:45Z" level=info msg="opening with okular"
time="2024-11-05T18:46:45Z" level=info msg="history saved"
time="2024-11-05T18:49:36Z" level=info msg="opened without errors"
