time="2024-08-12T18:10:22+01:00" level=info msg="loading source Mangapill built-in"
time="2024-08-12T18:10:22+01:00" level=info msg="source Mangapill built-in loaded"
time="2024-08-12T18:10:22+01:00" level=info msg="getting chapters of Chainsaw Man"
time="2024-08-12T18:10:23+01:00" level=info msg="found 173 chapters"
time="2024-08-12T19:19:01+01:00" level=info msg="loading source Mangapill built-in"
time="2024-08-12T19:19:01+01:00" level=info msg="source Mangapill built-in loaded"
time="2024-08-12T19:19:01+01:00" level=info msg="getting chapters of I Was the Final Boss"
time="2024-08-12T19:19:02+01:00" level=info msg="found 82 chapters"
time="2024-08-12T19:19:16+01:00" level=info msg="downloading Chapter 25 for reading. Provider is Mangapill built-in"
time="2024-08-12T19:19:16+01:00" level=info msg="getting pages of Chapter 25"
time="2024-08-12T19:19:37+01:00" level=info msg="getting pdf converter"
time="2024-08-12T19:19:37+01:00" level=info msg="converting pdf"
time="2024-08-12T19:19:37+01:00" level=info msg="opening with okular"
time="2024-08-12T19:19:37+01:00" level=info msg="history saved"
time="2024-08-12T19:19:42+01:00" level=info msg="opened without errors"
time="2024-08-12T19:19:43+01:00" level=info msg="downloading Chapter 26 for reading. Provider is Mangapill built-in"
time="2024-08-12T19:19:43+01:00" level=info msg="getting pages of Chapter 26"
time="2024-08-12T19:19:49+01:00" level=info msg="getting pdf converter"
time="2024-08-12T19:19:49+01:00" level=info msg="converting pdf"
time="2024-08-12T19:19:50+01:00" level=info msg="opening with okular"
time="2024-08-12T19:19:50+01:00" level=info msg="history saved"
time="2024-08-12T19:32:00+01:00" level=info msg="opened without errors"
