time="2024-08-20T19:55:02+01:00" level=info msg="loading source Mangapill built-in"
time="2024-08-20T19:55:02+01:00" level=info msg="source Mangapill built-in loaded"
time="2024-08-20T19:55:02+01:00" level=info msg="getting chapters of Chainsaw Man"
time="2024-08-20T19:55:02+01:00" level=info msg="found 175 chapters"
time="2024-08-20T19:55:03+01:00" level=info msg="downloading Chapter 175 for reading. Provider is Mangapill built-in"
time="2024-08-20T19:55:03+01:00" level=info msg="getting pages of Chapter 175"
time="2024-08-20T19:55:08+01:00" level=info msg="getting pdf converter"
time="2024-08-20T19:55:08+01:00" level=info msg="converting pdf"
time="2024-08-20T19:55:08+01:00" level=info msg="opening with okular"
time="2024-08-20T19:55:08+01:00" level=info msg="history saved"
time="2024-08-20T19:55:11+01:00" level=info msg="opened without errors"
time="2024-08-20T19:55:13+01:00" level=info msg="downloading Chapter 175"
time="2024-08-20T19:55:13+01:00" level=info msg="checking if chapter is already downloaded"
time="2024-08-20T19:55:13+01:00" level=info msg="found 16 pages"
time="2024-08-20T19:55:23+01:00" level=info msg="Populating metadata for Chainsaw Man"
time="2024-08-20T19:55:23+01:00" level=info msg="binding Chainsaw Man with anilist"
time="2024-08-20T19:55:23+01:00" level=info msg="Searching anilist for manga chainsaw man"
time="2024-08-20T19:55:23+01:00" level=info msg="Sending request to Anilist"
time="2024-08-20T19:55:23+01:00" level=info msg="Got response from Anilist, found 9 results"
time="2024-08-20T19:55:23+01:00" level=info msg="Downloading cover for Chainsaw Man"
time="2024-08-20T19:55:23+01:00" level=warning msg="Cover already exists"
time="2024-08-20T19:55:23+01:00" level=info msg="getting pdf converter"
time="2024-08-20T19:55:23+01:00" level=info msg="converting pdf"
time="2024-08-20T19:55:23+01:00" level=info msg="downloaded without errors"
time="2024-08-20T19:55:30+01:00" level=info msg="loading source Mangapill built-in"
time="2024-08-20T19:55:30+01:00" level=info msg="source Mangapill built-in loaded"
time="2024-08-20T19:55:30+01:00" level=info msg="getting chapters of Chainsaw Man"
time="2024-08-20T19:55:30+01:00" level=info msg="found 175 chapters"
time="2024-08-20T19:55:31+01:00" level=info msg="opening with okular"
time="2024-08-20T19:55:31+01:00" level=info msg="history saved"
time="2024-08-20T19:56:46+01:00" level=info msg="opened without errors"
