time="2025-05-27T22:38:53+01:00" level=info msg="loading source Mangapill built-in"
time="2025-05-27T22:38:53+01:00" level=info msg="source Mangapill built-in loaded"
time="2025-05-27T22:38:53+01:00" level=info msg="getting chapters of Chainsaw Man"
time="2025-05-27T22:38:53+01:00" level=info msg="found 204 chapters"
time="2025-05-27T22:38:57+01:00" level=info msg="downloading Chapter 204"
time="2025-05-27T22:38:57+01:00" level=info msg="checking if chapter is already downloaded"
time="2025-05-27T22:38:57+01:00" level=info msg="found 15 pages"
time="2025-05-27T22:38:58+01:00" level=info msg="Populating metadata for Chainsaw Man"
time="2025-05-27T22:38:58+01:00" level=info msg="binding Chainsaw Man with anilist"
time="2025-05-27T22:38:58+01:00" level=info msg="Searching anilist for manga chainsaw man"
time="2025-05-27T22:38:58+01:00" level=info msg="Sending request to Anilist"
time="2025-05-27T22:38:58+01:00" level=info msg="Got response from Anilist, found 10 results"
time="2025-05-27T22:38:58+01:00" level=info msg="Downloading cover for Chainsaw Man"
time="2025-05-27T22:38:58+01:00" level=warning msg="Cover already exists"
time="2025-05-27T22:38:58+01:00" level=info msg="getting pdf converter"
time="2025-05-27T22:38:58+01:00" level=info msg="converting pdf"
time="2025-05-27T22:38:58+01:00" level=info msg="downloaded without errors"
time="2025-05-27T22:39:02+01:00" level=info msg="loading source Mangapill built-in"
time="2025-05-27T22:39:02+01:00" level=info msg="source Mangapill built-in loaded"
time="2025-05-27T22:39:02+01:00" level=info msg="getting chapters of Chainsaw Man"
time="2025-05-27T22:39:02+01:00" level=info msg="found 204 chapters"
time="2025-05-27T22:39:03+01:00" level=info msg="opening with okular"
time="2025-05-27T22:39:03+01:00" level=info msg="history saved"
time="2025-05-27T22:41:27+01:00" level=info msg="opened without errors"
