time="2025-05-24T01:32:04+01:00" level=info msg="loading source Mangapill built-in"
time="2025-05-24T01:32:04+01:00" level=info msg="source Mangapill built-in loaded"
time="2025-05-24T01:32:04+01:00" level=info msg="getting chapters of Chainsaw Man"
time="2025-05-24T01:32:04+01:00" level=info msg="found 200 chapters"
time="2025-05-24T01:32:14+01:00" level=info msg="loading source Mangapill built-in"
time="2025-05-24T01:32:14+01:00" level=info msg="source Mangapill built-in loaded"
time="2025-05-24T01:32:14+01:00" level=info msg="getting chapters of Chainsaw Man"
time="2025-05-24T01:32:14+01:00" level=info msg="found 203 chapters"
time="2025-05-24T01:32:23+01:00" level=info msg="downloading Chapter 201"
time="2025-05-24T01:32:23+01:00" level=info msg="checking if chapter is already downloaded"
time="2025-05-24T01:32:23+01:00" level=info msg="found 15 pages"
time="2025-05-24T01:32:26+01:00" level=info msg="Populating metadata for Chainsaw Man"
time="2025-05-24T01:32:26+01:00" level=info msg="binding Chainsaw Man with anilist"
time="2025-05-24T01:32:26+01:00" level=info msg="Searching anilist for manga chainsaw man"
time="2025-05-24T01:32:26+01:00" level=info msg="Sending request to Anilist"
time="2025-05-24T01:32:26+01:00" level=info msg="Got response from Anilist, found 10 results"
time="2025-05-24T01:32:26+01:00" level=info msg="Downloading cover for Chainsaw Man"
time="2025-05-24T01:32:26+01:00" level=warning msg="Cover already exists"
time="2025-05-24T01:32:26+01:00" level=info msg="getting pdf converter"
time="2025-05-24T01:32:26+01:00" level=info msg="converting pdf"
time="2025-05-24T01:32:26+01:00" level=info msg="downloaded without errors"
time="2025-05-24T01:32:26+01:00" level=info msg="downloading Chapter 202"
time="2025-05-24T01:32:26+01:00" level=info msg="checking if chapter is already downloaded"
time="2025-05-24T01:32:26+01:00" level=info msg="found 15 pages"
time="2025-05-24T01:32:28+01:00" level=info msg="getting pdf converter"
time="2025-05-24T01:32:28+01:00" level=info msg="converting pdf"
time="2025-05-24T01:32:28+01:00" level=info msg="downloaded without errors"
time="2025-05-24T01:32:28+01:00" level=info msg="downloading Chapter 203"
time="2025-05-24T01:32:28+01:00" level=info msg="checking if chapter is already downloaded"
time="2025-05-24T01:32:28+01:00" level=info msg="found 15 pages"
time="2025-05-24T01:32:29+01:00" level=info msg="getting pdf converter"
time="2025-05-24T01:32:29+01:00" level=info msg="converting pdf"
time="2025-05-24T01:32:29+01:00" level=info msg="downloaded without errors"
time="2025-05-24T01:32:37+01:00" level=info msg="opening with okular"
time="2025-05-24T01:32:37+01:00" level=info msg="history saved"
time="2025-05-24T01:34:31+01:00" level=info msg="opened without errors"
time="2025-05-24T01:35:01+01:00" level=info msg="loading source Mangapill built-in"
time="2025-05-24T01:35:01+01:00" level=info msg="source Mangapill built-in loaded"
time="2025-05-24T01:35:01+01:00" level=info msg="getting chapters of Chainsaw Man"
time="2025-05-24T01:35:01+01:00" level=info msg="found 203 chapters"
time="2025-05-24T01:35:03+01:00" level=info msg="downloading Chapter 201"
time="2025-05-24T01:35:03+01:00" level=info msg="checking if chapter is already downloaded"
time="2025-05-24T01:35:03+01:00" level=info msg="found 15 pages"
time="2025-05-24T01:35:03+01:00" level=info msg="Populating metadata for Chainsaw Man"
time="2025-05-24T01:35:03+01:00" level=info msg="binding Chainsaw Man with anilist"
time="2025-05-24T01:35:03+01:00" level=info msg="Downloading cover for Chainsaw Man"
time="2025-05-24T01:35:03+01:00" level=warning msg="Cover already exists"
time="2025-05-24T01:35:03+01:00" level=info msg="getting pdf converter"
time="2025-05-24T01:35:03+01:00" level=info msg="converting pdf"
time="2025-05-24T01:35:03+01:00" level=info msg="downloaded without errors"
time="2025-05-24T01:35:08+01:00" level=info msg="opening with okular"
time="2025-05-24T01:35:08+01:00" level=info msg="history saved"
time="2025-05-24T01:36:31+01:00" level=info msg="opened without errors"
time="2025-05-24T01:36:34+01:00" level=info msg="downloading Chapter 202"
time="2025-05-24T01:36:34+01:00" level=info msg="checking if chapter is already downloaded"
time="2025-05-24T01:36:34+01:00" level=info msg="found 15 pages"
time="2025-05-24T01:36:34+01:00" level=info msg="getting pdf converter"
time="2025-05-24T01:36:34+01:00" level=info msg="converting pdf"
time="2025-05-24T01:36:35+01:00" level=info msg="downloaded without errors"
time="2025-05-24T01:36:35+01:00" level=info msg="downloading Chapter 203"
time="2025-05-24T01:36:35+01:00" level=info msg="checking if chapter is already downloaded"
time="2025-05-24T01:36:35+01:00" level=info msg="found 15 pages"
time="2025-05-24T01:36:35+01:00" level=info msg="getting pdf converter"
time="2025-05-24T01:36:35+01:00" level=info msg="converting pdf"
time="2025-05-24T01:36:35+01:00" level=info msg="downloaded without errors"
time="2025-05-24T01:36:46+01:00" level=info msg="loading source Mangapill built-in"
time="2025-05-24T01:36:46+01:00" level=info msg="source Mangapill built-in loaded"
time="2025-05-24T01:36:46+01:00" level=info msg="getting chapters of Chainsaw Man"
time="2025-05-24T01:36:46+01:00" level=info msg="found 203 chapters"
time="2025-05-24T01:36:50+01:00" level=info msg="opening with okular"
time="2025-05-24T01:36:50+01:00" level=info msg="history saved"
time="2025-05-24T01:38:32+01:00" level=info msg="opened without errors"
time="2025-05-24T01:38:33+01:00" level=info msg="opening with okular"
time="2025-05-24T01:38:33+01:00" level=info msg="history saved"
time="2025-05-24T01:40:58+01:00" level=info msg="opened without errors"
