time="2025-03-29T18:57:10Z" level=info msg="loading source Mangapill built-in"
time="2025-03-29T18:57:10Z" level=info msg="source Mangapill built-in loaded"
time="2025-03-29T18:57:10Z" level=info msg="getting chapters of Chainsaw Man"
time="2025-03-29T18:57:10Z" level=info msg="found 196 chapters"
time="2025-03-29T18:57:17Z" level=info msg="loading source Mangapill built-in"
time="2025-03-29T18:57:17Z" level=info msg="source Mangapill built-in loaded"
time="2025-03-29T18:57:17Z" level=info msg="getting chapters of Chainsaw Man"
time="2025-03-29T18:57:18Z" level=info msg="found 197 chapters"
time="2025-03-29T18:57:18Z" level=info msg="downloading Chapter 197 for reading. Provider is Mangapill built-in"
time="2025-03-29T18:57:18Z" level=info msg="getting pages of Chapter 197"
time="2025-03-29T18:57:20Z" level=info msg="getting pdf converter"
time="2025-03-29T18:57:20Z" level=info msg="converting pdf"
time="2025-03-29T18:57:20Z" level=info msg="opening with okular"
time="2025-03-29T18:57:20Z" level=info msg="history saved"
time="2025-03-29T18:57:23Z" level=info msg="opened without errors"
time="2025-03-29T18:57:25Z" level=info msg="downloading Chapter 197"
time="2025-03-29T18:57:25Z" level=info msg="checking if chapter is already downloaded"
time="2025-03-29T18:57:25Z" level=info msg="found 15 pages"
time="2025-03-29T18:57:25Z" level=info msg="Populating metadata for Chainsaw Man"
time="2025-03-29T18:57:25Z" level=info msg="binding Chainsaw Man with anilist"
time="2025-03-29T18:57:25Z" level=info msg="Searching anilist for manga chainsaw man"
time="2025-03-29T18:57:25Z" level=info msg="Sending request to Anilist"
time="2025-03-29T18:57:26Z" level=info msg="Got response from Anilist, found 10 results"
time="2025-03-29T18:57:26Z" level=info msg="Downloading cover for Chainsaw Man"
time="2025-03-29T18:57:26Z" level=warning msg="Cover already exists"
time="2025-03-29T18:57:26Z" level=info msg="getting pdf converter"
time="2025-03-29T18:57:26Z" level=info msg="converting pdf"
time="2025-03-29T18:57:26Z" level=info msg="downloaded without errors"
time="2025-03-29T18:57:31Z" level=info msg="loading source Mangapill built-in"
time="2025-03-29T18:57:31Z" level=info msg="source Mangapill built-in loaded"
time="2025-03-29T18:57:31Z" level=info msg="getting chapters of Chainsaw Man"
time="2025-03-29T18:57:31Z" level=info msg="found 197 chapters"
time="2025-03-29T18:57:31Z" level=info msg="opening with okular"
time="2025-03-29T18:57:31Z" level=info msg="history saved"
time="2025-03-29T19:00:22Z" level=info msg="opened without errors"
time="2025-03-29T19:00:28Z" level=info msg="loading source Mangapill built-in"
time="2025-03-29T19:00:28Z" level=info msg="source Mangapill built-in loaded"
time="2025-03-29T19:00:35Z" level=info msg="searching for the_beginning_after_the_end"
time="2025-03-29T19:00:35Z" level=info msg="found 50 mangas from source Mangapill"
time="2025-03-29T19:00:35Z" level=info msg="found 50 mangas from 1 sources"
time="2025-03-29T19:00:36Z" level=info msg="getting chapters of The Beginning After The End"
time="2025-03-29T19:00:36Z" level=info msg="found 214 chapters"
time="2025-03-29T19:00:36Z" level=info msg="Searching anilist for manga the beginning after the end"
time="2025-03-29T19:00:36Z" level=info msg="Sending request to Anilist"
time="2025-03-29T19:00:36Z" level=info msg="Got response from Anilist, found 1 results"
time="2025-03-29T19:00:41Z" level=info msg="downloading Chapter 1"
time="2025-03-29T19:00:41Z" level=info msg="checking if chapter is already downloaded"
time="2025-03-29T19:00:41Z" level=info msg="chapter already downloaded, skipping"
time="2025-03-29T19:00:41Z" level=info msg="downloading Chapter 2"
time="2025-03-29T19:00:41Z" level=info msg="checking if chapter is already downloaded"
time="2025-03-29T19:00:41Z" level=info msg="chapter already downloaded, skipping"
time="2025-03-29T19:00:41Z" level=info msg="downloading Chapter 3"
time="2025-03-29T19:00:41Z" level=info msg="checking if chapter is already downloaded"
time="2025-03-29T19:00:41Z" level=info msg="chapter already downloaded, skipping"
time="2025-03-29T19:00:41Z" level=info msg="downloading Chapter 4"
time="2025-03-29T19:00:41Z" level=info msg="checking if chapter is already downloaded"
time="2025-03-29T19:00:41Z" level=info msg="chapter already downloaded, skipping"
time="2025-03-29T19:00:41Z" level=info msg="downloading Chapter 5"
time="2025-03-29T19:00:41Z" level=info msg="checking if chapter is already downloaded"
time="2025-03-29T19:00:41Z" level=info msg="chapter already downloaded, skipping"
time="2025-03-29T19:00:41Z" level=info msg="downloading Chapter 6"
time="2025-03-29T19:00:41Z" level=info msg="checking if chapter is already downloaded"
time="2025-03-29T19:00:41Z" level=info msg="chapter already downloaded, skipping"
time="2025-03-29T19:00:41Z" level=info msg="downloading Chapter 7"
time="2025-03-29T19:00:41Z" level=info msg="checking if chapter is already downloaded"
time="2025-03-29T19:00:41Z" level=info msg="chapter already downloaded, skipping"
time="2025-03-29T19:00:41Z" level=info msg="downloading Chapter 8"
time="2025-03-29T19:00:41Z" level=info msg="checking if chapter is already downloaded"
time="2025-03-29T19:00:41Z" level=info msg="chapter already downloaded, skipping"
time="2025-03-29T19:00:41Z" level=info msg="downloading Chapter 9"
time="2025-03-29T19:00:41Z" level=info msg="checking if chapter is already downloaded"
time="2025-03-29T19:00:41Z" level=info msg="chapter already downloaded, skipping"
time="2025-03-29T19:00:41Z" level=info msg="downloading Chapter 10"
time="2025-03-29T19:00:41Z" level=info msg="checking if chapter is already downloaded"
time="2025-03-29T19:00:41Z" level=info msg="chapter already downloaded, skipping"
time="2025-03-29T19:00:41Z" level=info msg="downloading Chapter 11"
time="2025-03-29T19:00:41Z" level=info msg="checking if chapter is already downloaded"
time="2025-03-29T19:00:41Z" level=info msg="chapter already downloaded, skipping"
time="2025-03-29T19:00:41Z" level=info msg="downloading Chapter 12"
time="2025-03-29T19:00:41Z" level=info msg="checking if chapter is already downloaded"
time="2025-03-29T19:00:41Z" level=info msg="chapter already downloaded, skipping"
time="2025-03-29T19:00:41Z" level=info msg="downloading Chapter 13"
time="2025-03-29T19:00:41Z" level=info msg="checking if chapter is already downloaded"
time="2025-03-29T19:00:41Z" level=info msg="chapter already downloaded, skipping"
time="2025-03-29T19:00:41Z" level=info msg="downloading Chapter 14"
time="2025-03-29T19:00:41Z" level=info msg="checking if chapter is already downloaded"
time="2025-03-29T19:00:41Z" level=info msg="chapter already downloaded, skipping"
time="2025-03-29T19:00:41Z" level=info msg="downloading Chapter 15"
time="2025-03-29T19:00:41Z" level=info msg="checking if chapter is already downloaded"
time="2025-03-29T19:00:41Z" level=info msg="chapter already downloaded, skipping"
time="2025-03-29T19:00:41Z" level=info msg="downloading Chapter 16"
time="2025-03-29T19:00:41Z" level=info msg="checking if chapter is already downloaded"
time="2025-03-29T19:00:41Z" level=info msg="chapter already downloaded, skipping"
time="2025-03-29T19:00:41Z" level=info msg="downloading Chapter 17"
time="2025-03-29T19:00:41Z" level=info msg="checking if chapter is already downloaded"
time="2025-03-29T19:00:41Z" level=info msg="chapter already downloaded, skipping"
time="2025-03-29T19:00:41Z" level=info msg="downloading Chapter 18"
time="2025-03-29T19:00:41Z" level=info msg="checking if chapter is already downloaded"
time="2025-03-29T19:00:41Z" level=info msg="chapter already downloaded, skipping"
time="2025-03-29T19:00:41Z" level=info msg="downloading Chapter 19"
time="2025-03-29T19:00:41Z" level=info msg="checking if chapter is already downloaded"
time="2025-03-29T19:00:41Z" level=info msg="chapter already downloaded, skipping"
time="2025-03-29T19:00:41Z" level=info msg="downloading Chapter 20"
time="2025-03-29T19:00:41Z" level=info msg="checking if chapter is already downloaded"
time="2025-03-29T19:00:41Z" level=info msg="chapter already downloaded, skipping"
time="2025-03-29T19:00:41Z" level=info msg="downloading Chapter 21"
time="2025-03-29T19:00:41Z" level=info msg="checking if chapter is already downloaded"
time="2025-03-29T19:00:41Z" level=info msg="chapter already downloaded, skipping"
time="2025-03-29T19:00:41Z" level=info msg="downloading Chapter 22"
time="2025-03-29T19:00:41Z" level=info msg="checking if chapter is already downloaded"
time="2025-03-29T19:00:41Z" level=info msg="chapter already downloaded, skipping"
time="2025-03-29T19:00:41Z" level=info msg="downloading Chapter 23"
time="2025-03-29T19:00:41Z" level=info msg="checking if chapter is already downloaded"
time="2025-03-29T19:00:41Z" level=info msg="chapter already downloaded, skipping"
time="2025-03-29T19:00:41Z" level=info msg="downloading Chapter 24"
time="2025-03-29T19:00:41Z" level=info msg="checking if chapter is already downloaded"
time="2025-03-29T19:00:41Z" level=info msg="chapter already downloaded, skipping"
time="2025-03-29T19:00:41Z" level=info msg="downloading Chapter 25"
time="2025-03-29T19:00:41Z" level=info msg="checking if chapter is already downloaded"
time="2025-03-29T19:00:41Z" level=info msg="chapter already downloaded, skipping"
time="2025-03-29T19:00:41Z" level=info msg="downloading Chapter 26"
time="2025-03-29T19:00:41Z" level=info msg="checking if chapter is already downloaded"
time="2025-03-29T19:00:41Z" level=info msg="chapter already downloaded, skipping"
time="2025-03-29T19:00:41Z" level=info msg="downloading Chapter 27"
time="2025-03-29T19:00:41Z" level=info msg="checking if chapter is already downloaded"
time="2025-03-29T19:00:41Z" level=info msg="chapter already downloaded, skipping"
time="2025-03-29T19:00:41Z" level=info msg="downloading Chapter 28"
time="2025-03-29T19:00:41Z" level=info msg="checking if chapter is already downloaded"
time="2025-03-29T19:00:41Z" level=info msg="chapter already downloaded, skipping"
time="2025-03-29T19:00:41Z" level=info msg="downloading Chapter 29"
time="2025-03-29T19:00:41Z" level=info msg="checking if chapter is already downloaded"
time="2025-03-29T19:00:41Z" level=info msg="chapter already downloaded, skipping"
time="2025-03-29T19:00:41Z" level=info msg="downloading Chapter 30"
time="2025-03-29T19:00:41Z" level=info msg="checking if chapter is already downloaded"
time="2025-03-29T19:00:41Z" level=info msg="chapter already downloaded, skipping"
time="2025-03-29T19:00:41Z" level=info msg="downloading Chapter 31"
time="2025-03-29T19:00:41Z" level=info msg="checking if chapter is already downloaded"
time="2025-03-29T19:00:41Z" level=info msg="chapter already downloaded, skipping"
time="2025-03-29T19:00:41Z" level=info msg="downloading Chapter 32"
time="2025-03-29T19:00:41Z" level=info msg="checking if chapter is already downloaded"
time="2025-03-29T19:00:41Z" level=info msg="chapter already downloaded, skipping"
time="2025-03-29T19:00:41Z" level=info msg="downloading Chapter 33"
time="2025-03-29T19:00:41Z" level=info msg="checking if chapter is already downloaded"
time="2025-03-29T19:00:41Z" level=info msg="chapter already downloaded, skipping"
time="2025-03-29T19:00:41Z" level=info msg="downloading Chapter 34"
time="2025-03-29T19:00:41Z" level=info msg="checking if chapter is already downloaded"
time="2025-03-29T19:00:41Z" level=info msg="chapter already downloaded, skipping"
time="2025-03-29T19:00:41Z" level=info msg="downloading Chapter 35"
time="2025-03-29T19:00:41Z" level=info msg="checking if chapter is already downloaded"
time="2025-03-29T19:00:41Z" level=info msg="chapter already downloaded, skipping"
time="2025-03-29T19:00:41Z" level=info msg="downloading Chapter 36"
time="2025-03-29T19:00:41Z" level=info msg="checking if chapter is already downloaded"
time="2025-03-29T19:00:41Z" level=info msg="chapter already downloaded, skipping"
time="2025-03-29T19:00:41Z" level=info msg="downloading Chapter 37"
time="2025-03-29T19:00:41Z" level=info msg="checking if chapter is already downloaded"
time="2025-03-29T19:00:41Z" level=info msg="chapter already downloaded, skipping"
time="2025-03-29T19:00:41Z" level=info msg="downloading Chapter 38"
time="2025-03-29T19:00:41Z" level=info msg="checking if chapter is already downloaded"
time="2025-03-29T19:00:41Z" level=info msg="chapter already downloaded, skipping"
time="2025-03-29T19:00:41Z" level=info msg="downloading Chapter 39"
time="2025-03-29T19:00:41Z" level=info msg="checking if chapter is already downloaded"
time="2025-03-29T19:00:41Z" level=info msg="chapter already downloaded, skipping"
time="2025-03-29T19:00:41Z" level=info msg="downloading Chapter 40"
time="2025-03-29T19:00:41Z" level=info msg="checking if chapter is already downloaded"
time="2025-03-29T19:00:41Z" level=info msg="chapter already downloaded, skipping"
time="2025-03-29T19:00:41Z" level=info msg="downloading Chapter 41"
time="2025-03-29T19:00:41Z" level=info msg="checking if chapter is already downloaded"
time="2025-03-29T19:00:41Z" level=info msg="chapter already downloaded, skipping"
time="2025-03-29T19:00:41Z" level=info msg="downloading Chapter 42"
time="2025-03-29T19:00:41Z" level=info msg="checking if chapter is already downloaded"
time="2025-03-29T19:00:41Z" level=info msg="chapter already downloaded, skipping"
time="2025-03-29T19:00:41Z" level=info msg="downloading Chapter 43"
time="2025-03-29T19:00:41Z" level=info msg="checking if chapter is already downloaded"
time="2025-03-29T19:00:41Z" level=info msg="chapter already downloaded, skipping"
time="2025-03-29T19:00:41Z" level=info msg="downloading Chapter 44"
time="2025-03-29T19:00:41Z" level=info msg="checking if chapter is already downloaded"
time="2025-03-29T19:00:41Z" level=info msg="chapter already downloaded, skipping"
time="2025-03-29T19:00:41Z" level=info msg="downloading Chapter 45"
time="2025-03-29T19:00:41Z" level=info msg="checking if chapter is already downloaded"
time="2025-03-29T19:00:41Z" level=info msg="chapter already downloaded, skipping"
time="2025-03-29T19:00:41Z" level=info msg="downloading Chapter 46"
time="2025-03-29T19:00:41Z" level=info msg="checking if chapter is already downloaded"
time="2025-03-29T19:00:41Z" level=info msg="chapter already downloaded, skipping"
time="2025-03-29T19:00:41Z" level=info msg="downloading Chapter 47"
time="2025-03-29T19:00:41Z" level=info msg="checking if chapter is already downloaded"
time="2025-03-29T19:00:41Z" level=info msg="chapter already downloaded, skipping"
time="2025-03-29T19:00:41Z" level=info msg="downloading Chapter 48"
time="2025-03-29T19:00:41Z" level=info msg="checking if chapter is already downloaded"
time="2025-03-29T19:00:41Z" level=info msg="chapter already downloaded, skipping"
time="2025-03-29T19:00:41Z" level=info msg="downloading Chapter 49"
time="2025-03-29T19:00:41Z" level=info msg="checking if chapter is already downloaded"
time="2025-03-29T19:00:41Z" level=info msg="chapter already downloaded, skipping"
time="2025-03-29T19:00:41Z" level=info msg="downloading Chapter 50"
time="2025-03-29T19:00:41Z" level=info msg="checking if chapter is already downloaded"
time="2025-03-29T19:00:41Z" level=info msg="chapter already downloaded, skipping"
time="2025-03-29T19:00:41Z" level=info msg="downloading Chapter 51"
time="2025-03-29T19:00:41Z" level=info msg="checking if chapter is already downloaded"
time="2025-03-29T19:00:41Z" level=info msg="chapter already downloaded, skipping"
time="2025-03-29T19:00:41Z" level=info msg="downloading Chapter 52"
time="2025-03-29T19:00:41Z" level=info msg="checking if chapter is already downloaded"
time="2025-03-29T19:00:41Z" level=info msg="chapter already downloaded, skipping"
time="2025-03-29T19:00:41Z" level=info msg="downloading Chapter 53"
time="2025-03-29T19:00:41Z" level=info msg="checking if chapter is already downloaded"
time="2025-03-29T19:00:41Z" level=info msg="chapter already downloaded, skipping"
time="2025-03-29T19:00:41Z" level=info msg="downloading Chapter 54"
time="2025-03-29T19:00:41Z" level=info msg="checking if chapter is already downloaded"
time="2025-03-29T19:00:41Z" level=info msg="chapter already downloaded, skipping"
time="2025-03-29T19:00:41Z" level=info msg="downloading Chapter 55"
time="2025-03-29T19:00:41Z" level=info msg="checking if chapter is already downloaded"
time="2025-03-29T19:00:41Z" level=info msg="chapter already downloaded, skipping"
time="2025-03-29T19:00:41Z" level=info msg="downloading Chapter 56"
time="2025-03-29T19:00:41Z" level=info msg="checking if chapter is already downloaded"
time="2025-03-29T19:00:41Z" level=info msg="chapter already downloaded, skipping"
time="2025-03-29T19:00:41Z" level=info msg="downloading Chapter 57"
time="2025-03-29T19:00:41Z" level=info msg="checking if chapter is already downloaded"
time="2025-03-29T19:00:41Z" level=info msg="chapter already downloaded, skipping"
time="2025-03-29T19:00:41Z" level=info msg="downloading Chapter 58"
time="2025-03-29T19:00:41Z" level=info msg="checking if chapter is already downloaded"
time="2025-03-29T19:00:41Z" level=info msg="chapter already downloaded, skipping"
time="2025-03-29T19:00:41Z" level=info msg="downloading Chapter 59"
time="2025-03-29T19:00:41Z" level=info msg="checking if chapter is already downloaded"
time="2025-03-29T19:00:41Z" level=info msg="chapter already downloaded, skipping"
time="2025-03-29T19:00:41Z" level=info msg="downloading Chapter 60"
time="2025-03-29T19:00:41Z" level=info msg="checking if chapter is already downloaded"
time="2025-03-29T19:00:41Z" level=info msg="chapter already downloaded, skipping"
time="2025-03-29T19:00:41Z" level=info msg="downloading Chapter 61"
time="2025-03-29T19:00:41Z" level=info msg="checking if chapter is already downloaded"
time="2025-03-29T19:00:41Z" level=info msg="chapter already downloaded, skipping"
time="2025-03-29T19:00:41Z" level=info msg="downloading Chapter 62"
time="2025-03-29T19:00:41Z" level=info msg="checking if chapter is already downloaded"
time="2025-03-29T19:00:41Z" level=info msg="chapter already downloaded, skipping"
time="2025-03-29T19:00:41Z" level=info msg="downloading Chapter 63"
time="2025-03-29T19:00:41Z" level=info msg="checking if chapter is already downloaded"
time="2025-03-29T19:00:41Z" level=info msg="chapter already downloaded, skipping"
time="2025-03-29T19:00:41Z" level=info msg="downloading Chapter 64"
time="2025-03-29T19:00:41Z" level=info msg="checking if chapter is already downloaded"
time="2025-03-29T19:00:41Z" level=info msg="chapter already downloaded, skipping"
time="2025-03-29T19:00:41Z" level=info msg="downloading Chapter 65"
time="2025-03-29T19:00:41Z" level=info msg="checking if chapter is already downloaded"
time="2025-03-29T19:00:41Z" level=info msg="chapter already downloaded, skipping"
time="2025-03-29T19:00:41Z" level=info msg="downloading Chapter 66"
time="2025-03-29T19:00:41Z" level=info msg="checking if chapter is already downloaded"
time="2025-03-29T19:00:41Z" level=info msg="chapter already downloaded, skipping"
time="2025-03-29T19:00:41Z" level=info msg="downloading Chapter 67"
time="2025-03-29T19:00:41Z" level=info msg="checking if chapter is already downloaded"
time="2025-03-29T19:00:41Z" level=info msg="chapter already downloaded, skipping"
time="2025-03-29T19:00:41Z" level=info msg="downloading Chapter 68"
time="2025-03-29T19:00:41Z" level=info msg="checking if chapter is already downloaded"
time="2025-03-29T19:00:41Z" level=info msg="chapter already downloaded, skipping"
time="2025-03-29T19:00:41Z" level=info msg="downloading Chapter 69"
time="2025-03-29T19:00:41Z" level=info msg="checking if chapter is already downloaded"
time="2025-03-29T19:00:41Z" level=info msg="chapter already downloaded, skipping"
time="2025-03-29T19:00:41Z" level=info msg="downloading Chapter 70"
time="2025-03-29T19:00:41Z" level=info msg="checking if chapter is already downloaded"
time="2025-03-29T19:00:41Z" level=info msg="chapter already downloaded, skipping"
time="2025-03-29T19:00:41Z" level=info msg="downloading Chapter 71"
time="2025-03-29T19:00:41Z" level=info msg="checking if chapter is already downloaded"
time="2025-03-29T19:00:41Z" level=info msg="chapter already downloaded, skipping"
time="2025-03-29T19:00:41Z" level=info msg="downloading Chapter 72"
time="2025-03-29T19:00:41Z" level=info msg="checking if chapter is already downloaded"
time="2025-03-29T19:00:41Z" level=info msg="chapter already downloaded, skipping"
time="2025-03-29T19:00:41Z" level=info msg="downloading Chapter 73"
time="2025-03-29T19:00:41Z" level=info msg="checking if chapter is already downloaded"
time="2025-03-29T19:00:41Z" level=info msg="chapter already downloaded, skipping"
time="2025-03-29T19:00:41Z" level=info msg="downloading Chapter 74"
time="2025-03-29T19:00:41Z" level=info msg="checking if chapter is already downloaded"
time="2025-03-29T19:00:41Z" level=info msg="chapter already downloaded, skipping"
time="2025-03-29T19:00:41Z" level=info msg="downloading Chapter 75"
time="2025-03-29T19:00:41Z" level=info msg="checking if chapter is already downloaded"
time="2025-03-29T19:00:41Z" level=info msg="chapter already downloaded, skipping"
time="2025-03-29T19:00:41Z" level=info msg="downloading Chapter 76"
time="2025-03-29T19:00:41Z" level=info msg="checking if chapter is already downloaded"
time="2025-03-29T19:00:41Z" level=info msg="chapter already downloaded, skipping"
time="2025-03-29T19:00:41Z" level=info msg="downloading Chapter 77"
time="2025-03-29T19:00:41Z" level=info msg="checking if chapter is already downloaded"
time="2025-03-29T19:00:41Z" level=info msg="chapter already downloaded, skipping"
time="2025-03-29T19:00:41Z" level=info msg="downloading Chapter 78"
time="2025-03-29T19:00:41Z" level=info msg="checking if chapter is already downloaded"
time="2025-03-29T19:00:41Z" level=info msg="chapter already downloaded, skipping"
time="2025-03-29T19:00:41Z" level=info msg="downloading Chapter 79"
time="2025-03-29T19:00:41Z" level=info msg="checking if chapter is already downloaded"
time="2025-03-29T19:00:41Z" level=info msg="chapter already downloaded, skipping"
time="2025-03-29T19:00:41Z" level=info msg="downloading Chapter 80"
time="2025-03-29T19:00:41Z" level=info msg="checking if chapter is already downloaded"
time="2025-03-29T19:00:41Z" level=info msg="chapter already downloaded, skipping"
time="2025-03-29T19:00:41Z" level=info msg="downloading Chapter 81"
time="2025-03-29T19:00:41Z" level=info msg="checking if chapter is already downloaded"
time="2025-03-29T19:00:41Z" level=info msg="chapter already downloaded, skipping"
time="2025-03-29T19:00:41Z" level=info msg="downloading Chapter 82"
time="2025-03-29T19:00:41Z" level=info msg="checking if chapter is already downloaded"
time="2025-03-29T19:00:41Z" level=info msg="chapter already downloaded, skipping"
time="2025-03-29T19:00:41Z" level=info msg="downloading Chapter 83"
time="2025-03-29T19:00:41Z" level=info msg="checking if chapter is already downloaded"
time="2025-03-29T19:00:41Z" level=info msg="chapter already downloaded, skipping"
time="2025-03-29T19:00:41Z" level=info msg="downloading Chapter 84"
time="2025-03-29T19:00:41Z" level=info msg="checking if chapter is already downloaded"
time="2025-03-29T19:00:41Z" level=info msg="chapter already downloaded, skipping"
time="2025-03-29T19:00:41Z" level=info msg="downloading Chapter 85"
time="2025-03-29T19:00:41Z" level=info msg="checking if chapter is already downloaded"
time="2025-03-29T19:00:41Z" level=info msg="chapter already downloaded, skipping"
time="2025-03-29T19:00:41Z" level=info msg="downloading Chapter 86"
time="2025-03-29T19:00:41Z" level=info msg="checking if chapter is already downloaded"
time="2025-03-29T19:00:41Z" level=info msg="chapter already downloaded, skipping"
time="2025-03-29T19:00:41Z" level=info msg="downloading Chapter 87"
time="2025-03-29T19:00:41Z" level=info msg="checking if chapter is already downloaded"
time="2025-03-29T19:00:41Z" level=info msg="chapter already downloaded, skipping"
time="2025-03-29T19:00:41Z" level=info msg="downloading Chapter 88"
time="2025-03-29T19:00:41Z" level=info msg="checking if chapter is already downloaded"
time="2025-03-29T19:00:41Z" level=info msg="chapter already downloaded, skipping"
time="2025-03-29T19:00:41Z" level=info msg="downloading Chapter 89"
time="2025-03-29T19:00:41Z" level=info msg="checking if chapter is already downloaded"
time="2025-03-29T19:00:41Z" level=info msg="chapter already downloaded, skipping"
time="2025-03-29T19:00:41Z" level=info msg="downloading Chapter 90"
time="2025-03-29T19:00:41Z" level=info msg="checking if chapter is already downloaded"
time="2025-03-29T19:00:41Z" level=info msg="chapter already downloaded, skipping"
time="2025-03-29T19:00:41Z" level=info msg="downloading Chapter 91"
time="2025-03-29T19:00:41Z" level=info msg="checking if chapter is already downloaded"
time="2025-03-29T19:00:41Z" level=info msg="chapter already downloaded, skipping"
time="2025-03-29T19:00:41Z" level=info msg="downloading Chapter 92"
time="2025-03-29T19:00:41Z" level=info msg="checking if chapter is already downloaded"
time="2025-03-29T19:00:41Z" level=info msg="chapter already downloaded, skipping"
time="2025-03-29T19:00:41Z" level=info msg="downloading Chapter 93"
time="2025-03-29T19:00:41Z" level=info msg="checking if chapter is already downloaded"
time="2025-03-29T19:00:41Z" level=info msg="chapter already downloaded, skipping"
time="2025-03-29T19:00:41Z" level=info msg="downloading Chapter 94"
time="2025-03-29T19:00:41Z" level=info msg="checking if chapter is already downloaded"
time="2025-03-29T19:00:41Z" level=info msg="chapter already downloaded, skipping"
time="2025-03-29T19:00:41Z" level=info msg="downloading Chapter 95"
time="2025-03-29T19:00:41Z" level=info msg="checking if chapter is already downloaded"
time="2025-03-29T19:00:41Z" level=info msg="chapter already downloaded, skipping"
time="2025-03-29T19:00:41Z" level=info msg="downloading Chapter 96"
time="2025-03-29T19:00:41Z" level=info msg="checking if chapter is already downloaded"
time="2025-03-29T19:00:41Z" level=info msg="chapter already downloaded, skipping"
time="2025-03-29T19:00:41Z" level=info msg="downloading Chapter 97"
time="2025-03-29T19:00:41Z" level=info msg="checking if chapter is already downloaded"
time="2025-03-29T19:00:41Z" level=info msg="chapter already downloaded, skipping"
time="2025-03-29T19:00:41Z" level=info msg="downloading Chapter 98"
time="2025-03-29T19:00:41Z" level=info msg="checking if chapter is already downloaded"
time="2025-03-29T19:00:41Z" level=info msg="chapter already downloaded, skipping"
time="2025-03-29T19:00:41Z" level=info msg="downloading Chapter 99"
time="2025-03-29T19:00:41Z" level=info msg="checking if chapter is already downloaded"
time="2025-03-29T19:00:41Z" level=info msg="chapter already downloaded, skipping"
time="2025-03-29T19:00:41Z" level=info msg="downloading Chapter 100"
time="2025-03-29T19:00:41Z" level=info msg="checking if chapter is already downloaded"
time="2025-03-29T19:00:41Z" level=info msg="chapter already downloaded, skipping"
time="2025-03-29T19:00:41Z" level=info msg="downloading Chapter 101"
time="2025-03-29T19:00:41Z" level=info msg="checking if chapter is already downloaded"
time="2025-03-29T19:00:41Z" level=info msg="chapter already downloaded, skipping"
time="2025-03-29T19:00:41Z" level=info msg="downloading Chapter 102"
time="2025-03-29T19:00:41Z" level=info msg="checking if chapter is already downloaded"
time="2025-03-29T19:00:41Z" level=info msg="chapter already downloaded, skipping"
time="2025-03-29T19:00:41Z" level=info msg="downloading Chapter 103"
time="2025-03-29T19:00:41Z" level=info msg="checking if chapter is already downloaded"
time="2025-03-29T19:00:41Z" level=info msg="chapter already downloaded, skipping"
time="2025-03-29T19:00:41Z" level=info msg="downloading Chapter 104"
time="2025-03-29T19:00:41Z" level=info msg="checking if chapter is already downloaded"
time="2025-03-29T19:00:41Z" level=info msg="chapter already downloaded, skipping"
time="2025-03-29T19:00:41Z" level=info msg="downloading Chapter 105"
time="2025-03-29T19:00:41Z" level=info msg="checking if chapter is already downloaded"
time="2025-03-29T19:00:41Z" level=info msg="chapter already downloaded, skipping"
time="2025-03-29T19:00:41Z" level=info msg="downloading Chapter 106"
time="2025-03-29T19:00:41Z" level=info msg="checking if chapter is already downloaded"
time="2025-03-29T19:00:41Z" level=info msg="chapter already downloaded, skipping"
time="2025-03-29T19:00:41Z" level=info msg="downloading Chapter 107"
time="2025-03-29T19:00:41Z" level=info msg="checking if chapter is already downloaded"
time="2025-03-29T19:00:41Z" level=info msg="chapter already downloaded, skipping"
time="2025-03-29T19:00:41Z" level=info msg="downloading Chapter 108"
time="2025-03-29T19:00:41Z" level=info msg="checking if chapter is already downloaded"
time="2025-03-29T19:00:41Z" level=info msg="chapter already downloaded, skipping"
time="2025-03-29T19:00:41Z" level=info msg="downloading Chapter 109"
time="2025-03-29T19:00:41Z" level=info msg="checking if chapter is already downloaded"
time="2025-03-29T19:00:41Z" level=info msg="chapter already downloaded, skipping"
time="2025-03-29T19:00:41Z" level=info msg="downloading Chapter 110"
time="2025-03-29T19:00:41Z" level=info msg="checking if chapter is already downloaded"
time="2025-03-29T19:00:41Z" level=info msg="chapter already downloaded, skipping"
time="2025-03-29T19:00:41Z" level=info msg="downloading Chapter 111"
time="2025-03-29T19:00:41Z" level=info msg="checking if chapter is already downloaded"
time="2025-03-29T19:00:41Z" level=info msg="chapter already downloaded, skipping"
time="2025-03-29T19:00:41Z" level=info msg="downloading Chapter 112"
time="2025-03-29T19:00:41Z" level=info msg="checking if chapter is already downloaded"
time="2025-03-29T19:00:41Z" level=info msg="chapter already downloaded, skipping"
time="2025-03-29T19:00:41Z" level=info msg="downloading Chapter 113"
time="2025-03-29T19:00:41Z" level=info msg="checking if chapter is already downloaded"
time="2025-03-29T19:00:41Z" level=info msg="chapter already downloaded, skipping"
time="2025-03-29T19:00:41Z" level=info msg="downloading Chapter 114"
time="2025-03-29T19:00:41Z" level=info msg="checking if chapter is already downloaded"
time="2025-03-29T19:00:41Z" level=info msg="chapter already downloaded, skipping"
time="2025-03-29T19:00:41Z" level=info msg="downloading Chapter 115"
time="2025-03-29T19:00:41Z" level=info msg="checking if chapter is already downloaded"
time="2025-03-29T19:00:41Z" level=info msg="chapter already downloaded, skipping"
time="2025-03-29T19:00:41Z" level=info msg="downloading Chapter 116"
time="2025-03-29T19:00:41Z" level=info msg="checking if chapter is already downloaded"
time="2025-03-29T19:00:41Z" level=info msg="chapter already downloaded, skipping"
time="2025-03-29T19:00:41Z" level=info msg="downloading Chapter 117"
time="2025-03-29T19:00:41Z" level=info msg="checking if chapter is already downloaded"
time="2025-03-29T19:00:41Z" level=info msg="chapter already downloaded, skipping"
time="2025-03-29T19:00:41Z" level=info msg="downloading Chapter 118"
time="2025-03-29T19:00:41Z" level=info msg="checking if chapter is already downloaded"
time="2025-03-29T19:00:41Z" level=info msg="chapter already downloaded, skipping"
time="2025-03-29T19:00:41Z" level=info msg="downloading Chapter 119"
time="2025-03-29T19:00:41Z" level=info msg="checking if chapter is already downloaded"
time="2025-03-29T19:00:41Z" level=info msg="chapter already downloaded, skipping"
time="2025-03-29T19:00:41Z" level=info msg="downloading Chapter 120"
time="2025-03-29T19:00:41Z" level=info msg="checking if chapter is already downloaded"
time="2025-03-29T19:00:41Z" level=info msg="chapter already downloaded, skipping"
time="2025-03-29T19:00:41Z" level=info msg="downloading Chapter 121"
time="2025-03-29T19:00:41Z" level=info msg="checking if chapter is already downloaded"
time="2025-03-29T19:00:41Z" level=info msg="chapter already downloaded, skipping"
time="2025-03-29T19:00:41Z" level=info msg="downloading Chapter 122"
time="2025-03-29T19:00:41Z" level=info msg="checking if chapter is already downloaded"
time="2025-03-29T19:00:41Z" level=info msg="chapter already downloaded, skipping"
time="2025-03-29T19:00:41Z" level=info msg="downloading Chapter 123"
time="2025-03-29T19:00:41Z" level=info msg="checking if chapter is already downloaded"
time="2025-03-29T19:00:41Z" level=info msg="chapter already downloaded, skipping"
time="2025-03-29T19:00:41Z" level=info msg="downloading Chapter 124"
time="2025-03-29T19:00:41Z" level=info msg="checking if chapter is already downloaded"
time="2025-03-29T19:00:41Z" level=info msg="chapter already downloaded, skipping"
time="2025-03-29T19:00:41Z" level=info msg="downloading Chapter 125"
time="2025-03-29T19:00:41Z" level=info msg="checking if chapter is already downloaded"
time="2025-03-29T19:00:41Z" level=info msg="chapter already downloaded, skipping"
time="2025-03-29T19:00:41Z" level=info msg="downloading Chapter 126"
time="2025-03-29T19:00:41Z" level=info msg="checking if chapter is already downloaded"
time="2025-03-29T19:00:41Z" level=info msg="chapter already downloaded, skipping"
time="2025-03-29T19:00:41Z" level=info msg="downloading Chapter 127"
time="2025-03-29T19:00:41Z" level=info msg="checking if chapter is already downloaded"
time="2025-03-29T19:00:41Z" level=info msg="chapter already downloaded, skipping"
time="2025-03-29T19:00:41Z" level=info msg="downloading Chapter 128"
time="2025-03-29T19:00:41Z" level=info msg="checking if chapter is already downloaded"
time="2025-03-29T19:00:41Z" level=info msg="chapter already downloaded, skipping"
time="2025-03-29T19:00:41Z" level=info msg="downloading Chapter 129"
time="2025-03-29T19:00:41Z" level=info msg="checking if chapter is already downloaded"
time="2025-03-29T19:00:41Z" level=info msg="chapter already downloaded, skipping"
time="2025-03-29T19:00:41Z" level=info msg="downloading Chapter 130"
time="2025-03-29T19:00:41Z" level=info msg="checking if chapter is already downloaded"
time="2025-03-29T19:00:41Z" level=info msg="chapter already downloaded, skipping"
time="2025-03-29T19:00:41Z" level=info msg="downloading Chapter 131"
time="2025-03-29T19:00:41Z" level=info msg="checking if chapter is already downloaded"
time="2025-03-29T19:00:41Z" level=info msg="chapter already downloaded, skipping"
time="2025-03-29T19:00:41Z" level=info msg="downloading Chapter 132"
time="2025-03-29T19:00:41Z" level=info msg="checking if chapter is already downloaded"
time="2025-03-29T19:00:41Z" level=info msg="chapter already downloaded, skipping"
time="2025-03-29T19:00:41Z" level=info msg="downloading Chapter 133"
time="2025-03-29T19:00:41Z" level=info msg="checking if chapter is already downloaded"
time="2025-03-29T19:00:41Z" level=info msg="chapter already downloaded, skipping"
time="2025-03-29T19:00:41Z" level=info msg="downloading Chapter 134"
time="2025-03-29T19:00:41Z" level=info msg="checking if chapter is already downloaded"
time="2025-03-29T19:00:41Z" level=info msg="chapter already downloaded, skipping"
time="2025-03-29T19:00:41Z" level=info msg="downloading Chapter 135"
time="2025-03-29T19:00:41Z" level=info msg="checking if chapter is already downloaded"
time="2025-03-29T19:00:41Z" level=info msg="chapter already downloaded, skipping"
time="2025-03-29T19:00:41Z" level=info msg="downloading Chapter 136"
time="2025-03-29T19:00:41Z" level=info msg="checking if chapter is already downloaded"
time="2025-03-29T19:00:41Z" level=info msg="chapter already downloaded, skipping"
time="2025-03-29T19:00:41Z" level=info msg="downloading Chapter 137"
time="2025-03-29T19:00:41Z" level=info msg="checking if chapter is already downloaded"
time="2025-03-29T19:00:41Z" level=info msg="chapter already downloaded, skipping"
time="2025-03-29T19:00:41Z" level=info msg="downloading Chapter 138"
time="2025-03-29T19:00:41Z" level=info msg="checking if chapter is already downloaded"
time="2025-03-29T19:00:41Z" level=info msg="chapter already downloaded, skipping"
time="2025-03-29T19:00:41Z" level=info msg="downloading Chapter 139"
time="2025-03-29T19:00:41Z" level=info msg="checking if chapter is already downloaded"
time="2025-03-29T19:00:41Z" level=info msg="chapter already downloaded, skipping"
time="2025-03-29T19:00:41Z" level=info msg="downloading Chapter 140"
time="2025-03-29T19:00:41Z" level=info msg="checking if chapter is already downloaded"
time="2025-03-29T19:00:41Z" level=info msg="chapter already downloaded, skipping"
time="2025-03-29T19:00:41Z" level=info msg="downloading Chapter 141"
time="2025-03-29T19:00:41Z" level=info msg="checking if chapter is already downloaded"
time="2025-03-29T19:00:41Z" level=info msg="chapter already downloaded, skipping"
time="2025-03-29T19:00:41Z" level=info msg="downloading Chapter 142"
time="2025-03-29T19:00:41Z" level=info msg="checking if chapter is already downloaded"
time="2025-03-29T19:00:41Z" level=info msg="chapter already downloaded, skipping"
time="2025-03-29T19:00:41Z" level=info msg="downloading Chapter 143"
time="2025-03-29T19:00:41Z" level=info msg="checking if chapter is already downloaded"
time="2025-03-29T19:00:41Z" level=info msg="chapter already downloaded, skipping"
time="2025-03-29T19:00:41Z" level=info msg="downloading Chapter 144"
time="2025-03-29T19:00:41Z" level=info msg="checking if chapter is already downloaded"
time="2025-03-29T19:00:41Z" level=info msg="chapter already downloaded, skipping"
time="2025-03-29T19:00:41Z" level=info msg="downloading Chapter 145"
time="2025-03-29T19:00:41Z" level=info msg="checking if chapter is already downloaded"
time="2025-03-29T19:00:41Z" level=info msg="chapter already downloaded, skipping"
time="2025-03-29T19:00:41Z" level=info msg="downloading Chapter 146"
time="2025-03-29T19:00:41Z" level=info msg="checking if chapter is already downloaded"
time="2025-03-29T19:00:41Z" level=info msg="chapter already downloaded, skipping"
time="2025-03-29T19:00:41Z" level=info msg="downloading Chapter 147"
time="2025-03-29T19:00:41Z" level=info msg="checking if chapter is already downloaded"
time="2025-03-29T19:00:41Z" level=info msg="chapter already downloaded, skipping"
time="2025-03-29T19:00:41Z" level=info msg="downloading Chapter 148"
time="2025-03-29T19:00:41Z" level=info msg="checking if chapter is already downloaded"
time="2025-03-29T19:00:41Z" level=info msg="chapter already downloaded, skipping"
time="2025-03-29T19:00:41Z" level=info msg="downloading Chapter 149"
time="2025-03-29T19:00:41Z" level=info msg="checking if chapter is already downloaded"
time="2025-03-29T19:00:41Z" level=info msg="chapter already downloaded, skipping"
time="2025-03-29T19:00:41Z" level=info msg="downloading Chapter 150"
time="2025-03-29T19:00:41Z" level=info msg="checking if chapter is already downloaded"
time="2025-03-29T19:00:41Z" level=info msg="chapter already downloaded, skipping"
time="2025-03-29T19:00:41Z" level=info msg="downloading Chapter 151"
time="2025-03-29T19:00:41Z" level=info msg="checking if chapter is already downloaded"
time="2025-03-29T19:00:41Z" level=info msg="chapter already downloaded, skipping"
time="2025-03-29T19:00:41Z" level=info msg="downloading Chapter 152"
time="2025-03-29T19:00:41Z" level=info msg="checking if chapter is already downloaded"
time="2025-03-29T19:00:41Z" level=info msg="chapter already downloaded, skipping"
time="2025-03-29T19:00:41Z" level=info msg="downloading Chapter 153"
time="2025-03-29T19:00:41Z" level=info msg="checking if chapter is already downloaded"
time="2025-03-29T19:00:41Z" level=info msg="chapter already downloaded, skipping"
time="2025-03-29T19:00:41Z" level=info msg="downloading Chapter 154"
time="2025-03-29T19:00:41Z" level=info msg="checking if chapter is already downloaded"
time="2025-03-29T19:00:41Z" level=info msg="chapter already downloaded, skipping"
time="2025-03-29T19:00:41Z" level=info msg="downloading Chapter 155"
time="2025-03-29T19:00:41Z" level=info msg="checking if chapter is already downloaded"
time="2025-03-29T19:00:41Z" level=info msg="chapter already downloaded, skipping"
time="2025-03-29T19:00:41Z" level=info msg="downloading Chapter 156"
time="2025-03-29T19:00:41Z" level=info msg="checking if chapter is already downloaded"
time="2025-03-29T19:00:41Z" level=info msg="chapter already downloaded, skipping"
time="2025-03-29T19:00:41Z" level=info msg="downloading Chapter 157"
time="2025-03-29T19:00:41Z" level=info msg="checking if chapter is already downloaded"
time="2025-03-29T19:00:41Z" level=info msg="chapter already downloaded, skipping"
time="2025-03-29T19:00:41Z" level=info msg="downloading Chapter 158"
time="2025-03-29T19:00:41Z" level=info msg="checking if chapter is already downloaded"
time="2025-03-29T19:00:41Z" level=info msg="chapter already downloaded, skipping"
time="2025-03-29T19:00:41Z" level=info msg="downloading Chapter 159"
time="2025-03-29T19:00:41Z" level=info msg="checking if chapter is already downloaded"
time="2025-03-29T19:00:41Z" level=info msg="chapter already downloaded, skipping"
time="2025-03-29T19:00:41Z" level=info msg="downloading Chapter 160"
time="2025-03-29T19:00:41Z" level=info msg="checking if chapter is already downloaded"
time="2025-03-29T19:00:41Z" level=info msg="chapter already downloaded, skipping"
time="2025-03-29T19:00:41Z" level=info msg="downloading Chapter 161"
time="2025-03-29T19:00:41Z" level=info msg="checking if chapter is already downloaded"
time="2025-03-29T19:00:41Z" level=info msg="chapter already downloaded, skipping"
time="2025-03-29T19:00:41Z" level=info msg="downloading Chapter 162"
time="2025-03-29T19:00:41Z" level=info msg="checking if chapter is already downloaded"
time="2025-03-29T19:00:41Z" level=info msg="chapter already downloaded, skipping"
time="2025-03-29T19:00:41Z" level=info msg="downloading Chapter 163"
time="2025-03-29T19:00:41Z" level=info msg="checking if chapter is already downloaded"
time="2025-03-29T19:00:41Z" level=info msg="chapter already downloaded, skipping"
time="2025-03-29T19:00:41Z" level=info msg="downloading Chapter 164"
time="2025-03-29T19:00:41Z" level=info msg="checking if chapter is already downloaded"
time="2025-03-29T19:00:41Z" level=info msg="chapter already downloaded, skipping"
time="2025-03-29T19:00:41Z" level=info msg="downloading Chapter 165"
time="2025-03-29T19:00:41Z" level=info msg="checking if chapter is already downloaded"
time="2025-03-29T19:00:41Z" level=info msg="chapter already downloaded, skipping"
time="2025-03-29T19:00:41Z" level=info msg="downloading Chapter 166"
time="2025-03-29T19:00:41Z" level=info msg="checking if chapter is already downloaded"
time="2025-03-29T19:00:41Z" level=info msg="chapter already downloaded, skipping"
time="2025-03-29T19:00:41Z" level=info msg="downloading Chapter 167"
time="2025-03-29T19:00:41Z" level=info msg="checking if chapter is already downloaded"
time="2025-03-29T19:00:41Z" level=info msg="chapter already downloaded, skipping"
time="2025-03-29T19:00:41Z" level=info msg="downloading Chapter 168"
time="2025-03-29T19:00:41Z" level=info msg="checking if chapter is already downloaded"
time="2025-03-29T19:00:41Z" level=info msg="chapter already downloaded, skipping"
time="2025-03-29T19:00:41Z" level=info msg="downloading Chapter 169"
time="2025-03-29T19:00:41Z" level=info msg="checking if chapter is already downloaded"
time="2025-03-29T19:00:41Z" level=info msg="chapter already downloaded, skipping"
time="2025-03-29T19:00:41Z" level=info msg="downloading Chapter 170"
time="2025-03-29T19:00:41Z" level=info msg="checking if chapter is already downloaded"
time="2025-03-29T19:00:41Z" level=info msg="chapter already downloaded, skipping"
time="2025-03-29T19:00:41Z" level=info msg="downloading Chapter 171"
time="2025-03-29T19:00:41Z" level=info msg="checking if chapter is already downloaded"
time="2025-03-29T19:00:41Z" level=info msg="chapter already downloaded, skipping"
time="2025-03-29T19:00:41Z" level=info msg="downloading Chapter 172"
time="2025-03-29T19:00:41Z" level=info msg="checking if chapter is already downloaded"
time="2025-03-29T19:00:41Z" level=info msg="chapter already downloaded, skipping"
time="2025-03-29T19:00:41Z" level=info msg="downloading Chapter 173"
time="2025-03-29T19:00:41Z" level=info msg="checking if chapter is already downloaded"
time="2025-03-29T19:00:41Z" level=info msg="chapter already downloaded, skipping"
time="2025-03-29T19:00:41Z" level=info msg="downloading Chapter 174"
time="2025-03-29T19:00:41Z" level=info msg="checking if chapter is already downloaded"
time="2025-03-29T19:00:41Z" level=info msg="chapter already downloaded, skipping"
time="2025-03-29T19:00:41Z" level=info msg="downloading Chapter 175"
time="2025-03-29T19:00:41Z" level=info msg="checking if chapter is already downloaded"
time="2025-03-29T19:00:41Z" level=info msg="chapter already downloaded, skipping"
time="2025-03-29T19:00:41Z" level=info msg="downloading Chapter 175.5"
time="2025-03-29T19:00:41Z" level=info msg="checking if chapter is already downloaded"
time="2025-03-29T19:00:41Z" level=info msg="chapter already downloaded, skipping"
time="2025-03-29T19:00:41Z" level=info msg="downloading Chapter 175.6"
time="2025-03-29T19:00:41Z" level=info msg="checking if chapter is already downloaded"
time="2025-03-29T19:00:41Z" level=info msg="chapter already downloaded, skipping"
time="2025-03-29T19:00:41Z" level=info msg="downloading Chapter 175.7"
time="2025-03-29T19:00:41Z" level=info msg="checking if chapter is already downloaded"
time="2025-03-29T19:00:41Z" level=info msg="chapter already downloaded, skipping"
time="2025-03-29T19:00:41Z" level=info msg="downloading Chapter 176"
time="2025-03-29T19:00:41Z" level=info msg="checking if chapter is already downloaded"
time="2025-03-29T19:00:41Z" level=info msg="chapter already downloaded, skipping"
time="2025-03-29T19:00:41Z" level=info msg="downloading Chapter 177"
time="2025-03-29T19:00:41Z" level=info msg="checking if chapter is already downloaded"
time="2025-03-29T19:00:41Z" level=info msg="chapter already downloaded, skipping"
time="2025-03-29T19:00:41Z" level=info msg="downloading Chapter 178"
time="2025-03-29T19:00:41Z" level=info msg="checking if chapter is already downloaded"
time="2025-03-29T19:00:41Z" level=info msg="chapter already downloaded, skipping"
time="2025-03-29T19:00:41Z" level=info msg="downloading Chapter 179"
time="2025-03-29T19:00:41Z" level=info msg="checking if chapter is already downloaded"
time="2025-03-29T19:00:41Z" level=info msg="chapter already downloaded, skipping"
time="2025-03-29T19:00:41Z" level=info msg="downloading Chapter 180"
time="2025-03-29T19:00:41Z" level=info msg="checking if chapter is already downloaded"
time="2025-03-29T19:00:41Z" level=info msg="chapter already downloaded, skipping"
time="2025-03-29T19:00:41Z" level=info msg="downloading Chapter 181"
time="2025-03-29T19:00:41Z" level=info msg="checking if chapter is already downloaded"
time="2025-03-29T19:00:41Z" level=info msg="chapter already downloaded, skipping"
time="2025-03-29T19:00:41Z" level=info msg="downloading Chapter 182"
time="2025-03-29T19:00:41Z" level=info msg="checking if chapter is already downloaded"
time="2025-03-29T19:00:41Z" level=info msg="chapter already downloaded, skipping"
time="2025-03-29T19:00:41Z" level=info msg="downloading Chapter 183"
time="2025-03-29T19:00:41Z" level=info msg="checking if chapter is already downloaded"
time="2025-03-29T19:00:41Z" level=info msg="chapter already downloaded, skipping"
time="2025-03-29T19:00:41Z" level=info msg="downloading Chapter 184"
time="2025-03-29T19:00:41Z" level=info msg="checking if chapter is already downloaded"
time="2025-03-29T19:00:41Z" level=info msg="chapter already downloaded, skipping"
time="2025-03-29T19:00:41Z" level=info msg="downloading Chapter 185"
time="2025-03-29T19:00:41Z" level=info msg="checking if chapter is already downloaded"
time="2025-03-29T19:00:41Z" level=info msg="chapter already downloaded, skipping"
time="2025-03-29T19:00:41Z" level=info msg="downloading Chapter 186"
time="2025-03-29T19:00:41Z" level=info msg="checking if chapter is already downloaded"
time="2025-03-29T19:00:41Z" level=info msg="chapter already downloaded, skipping"
time="2025-03-29T19:00:41Z" level=info msg="downloading Chapter 187"
time="2025-03-29T19:00:41Z" level=info msg="checking if chapter is already downloaded"
time="2025-03-29T19:00:41Z" level=info msg="chapter already downloaded, skipping"
time="2025-03-29T19:00:41Z" level=info msg="downloading Chapter 188"
time="2025-03-29T19:00:41Z" level=info msg="checking if chapter is already downloaded"
time="2025-03-29T19:00:41Z" level=info msg="chapter already downloaded, skipping"
time="2025-03-29T19:00:41Z" level=info msg="downloading Chapter 189"
time="2025-03-29T19:00:41Z" level=info msg="checking if chapter is already downloaded"
time="2025-03-29T19:00:41Z" level=info msg="found 100 pages"
time="2025-03-29T19:00:43Z" level=info msg="Populating metadata for The Beginning After The End"
time="2025-03-29T19:00:43Z" level=info msg="binding The Beginning After The End with anilist"
time="2025-03-29T19:00:43Z" level=info msg="Downloading cover for The Beginning After The End"
time="2025-03-29T19:00:43Z" level=warning msg="Cover already exists"
time="2025-03-29T19:00:43Z" level=info msg="getting pdf converter"
time="2025-03-29T19:00:43Z" level=info msg="converting pdf"
time="2025-03-29T19:00:43Z" level=info msg="downloaded without errors"
time="2025-03-29T19:00:43Z" level=info msg="downloading Chapter 190"
time="2025-03-29T19:00:43Z" level=info msg="checking if chapter is already downloaded"
time="2025-03-29T19:00:43Z" level=info msg="found 141 pages"
time="2025-03-29T19:00:46Z" level=info msg="getting pdf converter"
time="2025-03-29T19:00:46Z" level=info msg="converting pdf"
time="2025-03-29T19:00:46Z" level=info msg="downloaded without errors"
time="2025-03-29T19:00:46Z" level=info msg="downloading Chapter 191"
time="2025-03-29T19:00:46Z" level=info msg="checking if chapter is already downloaded"
time="2025-03-29T19:00:47Z" level=info msg="found 105 pages"
time="2025-03-29T19:00:48Z" level=info msg="getting pdf converter"
time="2025-03-29T19:00:48Z" level=info msg="converting pdf"
time="2025-03-29T19:00:49Z" level=info msg="downloaded without errors"
time="2025-03-29T19:00:49Z" level=info msg="downloading Chapter 192"
time="2025-03-29T19:00:49Z" level=info msg="checking if chapter is already downloaded"
time="2025-03-29T19:00:49Z" level=info msg="found 115 pages"
time="2025-03-29T19:00:51Z" level=error msg="unexpected EOF"
time="2025-03-29T19:00:51Z" level=info msg="downloading Chapter 193"
time="2025-03-29T19:00:51Z" level=info msg="checking if chapter is already downloaded"
time="2025-03-29T19:00:51Z" level=info msg="found 87 pages"
time="2025-03-29T19:00:53Z" level=info msg="getting pdf converter"
time="2025-03-29T19:00:53Z" level=info msg="converting pdf"
time="2025-03-29T19:00:53Z" level=info msg="downloaded without errors"
time="2025-03-29T19:00:53Z" level=info msg="downloading Chapter 194"
time="2025-03-29T19:00:53Z" level=info msg="checking if chapter is already downloaded"
time="2025-03-29T19:00:53Z" level=info msg="found 92 pages"
time="2025-03-29T19:00:55Z" level=info msg="getting pdf converter"
time="2025-03-29T19:00:55Z" level=info msg="converting pdf"
time="2025-03-29T19:00:55Z" level=info msg="downloaded without errors"
time="2025-03-29T19:00:55Z" level=info msg="downloading Chapter 195"
time="2025-03-29T19:00:55Z" level=info msg="checking if chapter is already downloaded"
time="2025-03-29T19:00:55Z" level=info msg="found 80 pages"
time="2025-03-29T19:00:56Z" level=info msg="getting pdf converter"
time="2025-03-29T19:00:56Z" level=info msg="converting pdf"
time="2025-03-29T19:00:56Z" level=info msg="downloaded without errors"
time="2025-03-29T19:00:56Z" level=info msg="downloading Chapter 196"
time="2025-03-29T19:00:56Z" level=info msg="checking if chapter is already downloaded"
time="2025-03-29T19:00:56Z" level=info msg="found 82 pages"
time="2025-03-29T19:00:58Z" level=info msg="getting pdf converter"
time="2025-03-29T19:00:58Z" level=info msg="converting pdf"
time="2025-03-29T19:00:58Z" level=info msg="downloaded without errors"
time="2025-03-29T19:00:58Z" level=info msg="downloading Chapter 197"
time="2025-03-29T19:00:58Z" level=info msg="checking if chapter is already downloaded"
time="2025-03-29T19:00:58Z" level=info msg="found 88 pages"
time="2025-03-29T19:00:59Z" level=info msg="getting pdf converter"
time="2025-03-29T19:00:59Z" level=info msg="converting pdf"
time="2025-03-29T19:00:59Z" level=info msg="downloaded without errors"
time="2025-03-29T19:00:59Z" level=info msg="downloading Chapter 198"
time="2025-03-29T19:00:59Z" level=info msg="checking if chapter is already downloaded"
time="2025-03-29T19:01:00Z" level=info msg="found 89 pages"
time="2025-03-29T19:01:01Z" level=info msg="getting pdf converter"
time="2025-03-29T19:01:01Z" level=info msg="converting pdf"
time="2025-03-29T19:01:01Z" level=info msg="downloaded without errors"
time="2025-03-29T19:01:01Z" level=info msg="downloading Chapter 199"
time="2025-03-29T19:01:01Z" level=info msg="checking if chapter is already downloaded"
time="2025-03-29T19:01:01Z" level=info msg="found 87 pages"
time="2025-03-29T19:01:03Z" level=info msg="getting pdf converter"
time="2025-03-29T19:01:03Z" level=info msg="converting pdf"
time="2025-03-29T19:01:03Z" level=info msg="downloaded without errors"
time="2025-03-29T19:01:03Z" level=info msg="downloading Chapter 200"
time="2025-03-29T19:01:03Z" level=info msg="checking if chapter is already downloaded"
time="2025-03-29T19:01:04Z" level=info msg="found 86 pages"
time="2025-03-29T19:01:05Z" level=info msg="getting pdf converter"
time="2025-03-29T19:01:05Z" level=info msg="converting pdf"
time="2025-03-29T19:01:05Z" level=info msg="downloaded without errors"
time="2025-03-29T19:01:05Z" level=info msg="downloading Chapter 201"
time="2025-03-29T19:01:05Z" level=info msg="checking if chapter is already downloaded"
time="2025-03-29T19:01:06Z" level=info msg="found 96 pages"
time="2025-03-29T19:01:08Z" level=info msg="getting pdf converter"
time="2025-03-29T19:01:08Z" level=info msg="converting pdf"
time="2025-03-29T19:01:08Z" level=info msg="downloaded without errors"
time="2025-03-29T19:01:08Z" level=info msg="downloading Chapter 202"
time="2025-03-29T19:01:08Z" level=info msg="checking if chapter is already downloaded"
time="2025-03-29T19:01:08Z" level=info msg="found 91 pages"
time="2025-03-29T19:01:11Z" level=info msg="getting pdf converter"
time="2025-03-29T19:01:11Z" level=info msg="converting pdf"
time="2025-03-29T19:01:11Z" level=info msg="downloaded without errors"
time="2025-03-29T19:01:11Z" level=info msg="downloading Chapter 203"
time="2025-03-29T19:01:11Z" level=info msg="checking if chapter is already downloaded"
time="2025-03-29T19:01:11Z" level=info msg="found 106 pages"
time="2025-03-29T19:01:13Z" level=info msg="getting pdf converter"
time="2025-03-29T19:01:13Z" level=info msg="converting pdf"
time="2025-03-29T19:01:13Z" level=info msg="downloaded without errors"
time="2025-03-29T19:01:13Z" level=info msg="downloading Chapter 204"
time="2025-03-29T19:01:13Z" level=info msg="checking if chapter is already downloaded"
time="2025-03-29T19:01:13Z" level=info msg="found 89 pages"
time="2025-03-29T19:01:15Z" level=info msg="getting pdf converter"
time="2025-03-29T19:01:15Z" level=info msg="converting pdf"
time="2025-03-29T19:01:15Z" level=info msg="downloaded without errors"
time="2025-03-29T19:01:15Z" level=info msg="downloading Chapter 205"
time="2025-03-29T19:01:15Z" level=info msg="checking if chapter is already downloaded"
time="2025-03-29T19:01:15Z" level=info msg="found 92 pages"
time="2025-03-29T19:01:17Z" level=info msg="getting pdf converter"
time="2025-03-29T19:01:17Z" level=info msg="converting pdf"
time="2025-03-29T19:01:17Z" level=info msg="downloaded without errors"
time="2025-03-29T19:01:17Z" level=info msg="downloading Chapter 206"
time="2025-03-29T19:01:17Z" level=info msg="checking if chapter is already downloaded"
time="2025-03-29T19:01:17Z" level=info msg="found 93 pages"
time="2025-03-29T19:01:19Z" level=info msg="getting pdf converter"
time="2025-03-29T19:01:19Z" level=info msg="converting pdf"
time="2025-03-29T19:01:19Z" level=info msg="downloaded without errors"
time="2025-03-29T19:01:19Z" level=info msg="downloading Chapter 207"
time="2025-03-29T19:01:19Z" level=info msg="checking if chapter is already downloaded"
time="2025-03-29T19:01:19Z" level=info msg="found 39 pages"
time="2025-03-29T19:01:20Z" level=info msg="getting pdf converter"
time="2025-03-29T19:01:20Z" level=info msg="converting pdf"
time="2025-03-29T19:01:20Z" level=info msg="downloaded without errors"
time="2025-03-29T19:01:20Z" level=info msg="downloading Chapter 208"
time="2025-03-29T19:01:20Z" level=info msg="checking if chapter is already downloaded"
time="2025-03-29T19:01:21Z" level=info msg="found 77 pages"
time="2025-03-29T19:01:22Z" level=info msg="getting pdf converter"
time="2025-03-29T19:01:22Z" level=info msg="converting pdf"
time="2025-03-29T19:01:22Z" level=info msg="downloaded without errors"
time="2025-03-29T19:01:22Z" level=info msg="downloading Chapter 209"
time="2025-03-29T19:01:22Z" level=info msg="checking if chapter is already downloaded"
time="2025-03-29T19:01:22Z" level=info msg="found 104 pages"
time="2025-03-29T19:01:24Z" level=error msg="read tcp 10.144.60.28:40332->104.21.64.158:443: read: connection reset by peer"
time="2025-03-29T19:01:24Z" level=info msg="downloading Chapter 210"
time="2025-03-29T19:01:24Z" level=info msg="checking if chapter is already downloaded"
time="2025-03-29T19:01:24Z" level=info msg="found 88 pages"
time="2025-03-29T19:01:26Z" level=info msg="getting pdf converter"
time="2025-03-29T19:01:26Z" level=info msg="converting pdf"
time="2025-03-29T19:01:27Z" level=info msg="downloaded without errors"
time="2025-03-29T19:01:27Z" level=info msg="downloading Chapter 211"
time="2025-03-29T19:01:27Z" level=info msg="checking if chapter is already downloaded"
time="2025-03-29T19:01:27Z" level=info msg="found 110 pages"
time="2025-03-29T19:01:29Z" level=info msg="getting pdf converter"
time="2025-03-29T19:01:29Z" level=info msg="converting pdf"
time="2025-03-29T19:01:29Z" level=info msg="downloaded without errors"
time="2025-03-29T19:01:32Z" level=info msg="downloading Chapter 209"
time="2025-03-29T19:01:32Z" level=info msg="checking if chapter is already downloaded"
time="2025-03-29T19:01:32Z" level=info msg="found 104 pages"
time="2025-03-29T19:01:34Z" level=info msg="getting pdf converter"
time="2025-03-29T19:01:34Z" level=info msg="converting pdf"
time="2025-03-29T19:01:34Z" level=info msg="downloaded without errors"
time="2025-03-29T19:01:34Z" level=info msg="downloading Chapter 192"
time="2025-03-29T19:01:34Z" level=info msg="checking if chapter is already downloaded"
time="2025-03-29T19:01:34Z" level=info msg="found 115 pages"
time="2025-03-29T19:01:37Z" level=info msg="getting pdf converter"
time="2025-03-29T19:01:37Z" level=info msg="converting pdf"
time="2025-03-29T19:01:37Z" level=info msg="downloaded without errors"
