time="2025-03-22T15:35:28Z" level=info msg="loading source Mangapill built-in"
time="2025-03-22T15:35:28Z" level=info msg="source Mangapill built-in loaded"
time="2025-03-22T15:35:28Z" level=info msg="getting chapters of Chainsaw Man"
time="2025-03-22T15:35:28Z" level=info msg="found 196 chapters"
time="2025-03-22T15:35:34Z" level=info msg="downloading Chapter 196 for reading. Provider is Mangapill built-in"
time="2025-03-22T15:35:34Z" level=info msg="getting pages of Chapter 196"
time="2025-03-22T15:35:36Z" level=info msg="getting pdf converter"
time="2025-03-22T15:35:36Z" level=info msg="converting pdf"
time="2025-03-22T15:35:36Z" level=info msg="opening with okular"
time="2025-03-22T15:35:36Z" level=info msg="history saved"
time="2025-03-22T15:35:43Z" level=info msg="opened without errors"
time="2025-03-22T15:35:45Z" level=info msg="downloading Chapter 196 for reading. Provider is Mangapill built-in"
time="2025-03-22T15:35:45Z" level=info msg="getting pages of Chapter 196"
time="2025-03-22T15:35:46Z" level=info msg="getting pdf converter"
time="2025-03-22T15:35:46Z" level=info msg="converting pdf"
time="2025-03-22T15:35:46Z" level=info msg="opening with okular"
time="2025-03-22T15:35:46Z" level=info msg="history saved"
time="2025-03-22T15:35:56Z" level=info msg="opened without errors"
time="2025-03-22T15:41:25Z" level=info msg="loading source Mangapill built-in"
time="2025-03-22T15:41:25Z" level=info msg="source Mangapill built-in loaded"
time="2025-03-22T15:41:25Z" level=info msg="getting chapters of Chainsaw Man"
time="2025-03-22T15:41:25Z" level=info msg="found 196 chapters"
time="2025-03-22T15:41:26Z" level=info msg="downloading Chapter 196 for reading. Provider is Mangapill built-in"
time="2025-03-22T15:41:26Z" level=info msg="getting pages of Chapter 196"
time="2025-03-22T15:41:27Z" level=info msg="getting pdf converter"
time="2025-03-22T15:41:27Z" level=info msg="converting pdf"
time="2025-03-22T15:41:27Z" level=info msg="opening with okular"
time="2025-03-22T15:41:27Z" level=info msg="history saved"
time="2025-03-22T15:41:31Z" level=info msg="opened without errors"
time="2025-03-22T15:53:12Z" level=info msg="loading source Mangapill built-in"
time="2025-03-22T15:53:12Z" level=info msg="source Mangapill built-in loaded"
time="2025-03-22T15:53:12Z" level=info msg="getting chapters of Chainsaw Man"
time="2025-03-22T15:53:12Z" level=info msg="found 196 chapters"
time="2025-03-22T15:53:17Z" level=info msg="downloading Chapter 196"
time="2025-03-22T15:53:17Z" level=info msg="checking if chapter is already downloaded"
time="2025-03-22T15:53:17Z" level=info msg="found 15 pages"
time="2025-03-22T15:53:18Z" level=info msg="Populating metadata for Chainsaw Man"
time="2025-03-22T15:53:18Z" level=info msg="binding Chainsaw Man with anilist"
time="2025-03-22T15:53:18Z" level=info msg="Searching anilist for manga chainsaw man"
time="2025-03-22T15:53:18Z" level=info msg="Sending request to Anilist"
time="2025-03-22T15:53:19Z" level=info msg="Got response from Anilist, found 9 results"
time="2025-03-22T15:53:19Z" level=info msg="Downloading cover for Chainsaw Man"
time="2025-03-22T15:53:19Z" level=warning msg="Cover already exists"
time="2025-03-22T15:53:19Z" level=info msg="getting pdf converter"
time="2025-03-22T15:53:19Z" level=info msg="converting pdf"
time="2025-03-22T15:53:19Z" level=info msg="downloaded without errors"
time="2025-03-22T15:59:37Z" level=info msg="loading source Mangadex built-in"
time="2025-03-22T15:59:37Z" level=info msg="source Mangadex built-in loaded"
time="2025-03-22T15:59:37Z" level=info msg="getting chapters of Juvenile Prison"
time="2025-03-22T15:59:38Z" level=info msg="found 69 chapters"
time="2025-03-22T15:59:40Z" level=info msg="downloading Chapter 3 for reading. Provider is Mangadex built-in"
time="2025-03-22T15:59:40Z" level=info msg="getting pages of Chapter 3"
time="2025-03-22T16:00:10Z" level=warning msg="Page #0 has no URL"
time="2025-03-22T16:00:10Z" level=warning msg="Page #11 has no URL"
time="2025-03-22T16:00:10Z" level=warning msg="Page #7 has no URL"
time="2025-03-22T16:00:10Z" level=warning msg="Page #19 has no URL"
time="2025-03-22T16:00:10Z" level=warning msg="Page #4 has no URL"
time="2025-03-22T16:00:10Z" level=warning msg="Page #23 has no URL"
time="2025-03-22T16:00:10Z" level=warning msg="Page #33 has no URL"
time="2025-03-22T16:00:10Z" level=warning msg="Page #45 has no URL"
time="2025-03-22T16:00:10Z" level=warning msg="Page #8 has no URL"
time="2025-03-22T16:00:10Z" level=warning msg="Page #48 has no URL"
time="2025-03-22T16:00:10Z" level=warning msg="Page #46 has no URL"
time="2025-03-22T16:00:10Z" level=warning msg="Page #26 has no URL"
time="2025-03-22T16:00:10Z" level=warning msg="Page #44 has no URL"
time="2025-03-22T16:00:10Z" level=warning msg="Page #40 has no URL"
time="2025-03-22T16:00:10Z" level=warning msg="Page #17 has no URL"
time="2025-03-22T16:00:10Z" level=warning msg="Page #3 has no URL"
time="2025-03-22T16:00:10Z" level=warning msg="Page #1 has no URL"
time="2025-03-22T16:00:10Z" level=warning msg="Page #2 has no URL"
time="2025-03-22T16:00:10Z" level=warning msg="Page #21 has no URL"
time="2025-03-22T16:00:10Z" level=warning msg="Page #12 has no URL"
time="2025-03-22T16:00:10Z" level=warning msg="Page #10 has no URL"
time="2025-03-22T16:00:10Z" level=warning msg="Page #13 has no URL"
time="2025-03-22T16:00:10Z" level=warning msg="Page #14 has no URL"
time="2025-03-22T16:00:10Z" level=warning msg="Page #20 has no URL"
time="2025-03-22T16:00:10Z" level=warning msg="Page #15 has no URL"
time="2025-03-22T16:00:10Z" level=warning msg="Page #16 has no URL"
time="2025-03-22T16:00:10Z" level=warning msg="Page #22 has no URL"
time="2025-03-22T16:00:10Z" level=warning msg="Page #9 has no URL"
time="2025-03-22T16:00:10Z" level=warning msg="Page #35 has no URL"
time="2025-03-22T16:00:10Z" level=warning msg="Page #18 has no URL"
time="2025-03-22T16:00:10Z" level=warning msg="Page #5 has no URL"
time="2025-03-22T16:00:10Z" level=warning msg="Page #24 has no URL"
time="2025-03-22T16:00:10Z" level=warning msg="Page #32 has no URL"
time="2025-03-22T16:00:10Z" level=warning msg="Page #27 has no URL"
time="2025-03-22T16:00:10Z" level=warning msg="Page #34 has no URL"
time="2025-03-22T16:00:10Z" level=warning msg="Page #31 has no URL"
time="2025-03-22T16:00:10Z" level=warning msg="Page #41 has no URL"
time="2025-03-22T16:00:10Z" level=warning msg="Page #28 has no URL"
time="2025-03-22T16:00:10Z" level=warning msg="Page #29 has no URL"
time="2025-03-22T16:00:10Z" level=warning msg="Page #6 has no URL"
time="2025-03-22T16:00:10Z" level=warning msg="Page #36 has no URL"
time="2025-03-22T16:00:10Z" level=warning msg="Page #38 has no URL"
time="2025-03-22T16:00:10Z" level=warning msg="Page #30 has no URL"
time="2025-03-22T16:00:10Z" level=warning msg="Page #42 has no URL"
time="2025-03-22T16:00:10Z" level=warning msg="Page #43 has no URL"
time="2025-03-22T16:00:10Z" level=warning msg="Page #37 has no URL"
time="2025-03-22T16:00:10Z" level=warning msg="Page #47 has no URL"
time="2025-03-22T16:00:10Z" level=warning msg="Page #25 has no URL"
time="2025-03-22T16:00:10Z" level=warning msg="Page #39 has no URL"
time="2025-03-22T16:00:10Z" level=warning msg="Page #49 has no URL"
time="2025-03-22T16:00:10Z" level=warning msg="Page #50 has no URL"
time="2025-03-22T16:00:10Z" level=warning msg="Page #51 has no URL"
time="2025-03-22T16:00:10Z" level=warning msg="Page #52 has no URL"
time="2025-03-22T16:00:10Z" level=warning msg="Page #53 has no URL"
time="2025-03-22T16:00:10Z" level=info msg="getting pdf converter"
time="2025-03-22T16:00:10Z" level=info msg="converting pdf"
time="2025-03-22T16:00:10Z" level=info msg="opening with okular"
time="2025-03-22T16:00:10Z" level=info msg="history saved"
time="2025-03-22T16:00:16Z" level=info msg="opened without errors"
