time="2025-04-06T15:05:01+01:00" level=info msg="loading source Mangapill built-in"
time="2025-04-06T15:05:01+01:00" level=info msg="source Mangapill built-in loaded"
time="2025-04-06T15:05:01+01:00" level=info msg="getting chapters of Chainsaw Man"
time="2025-04-06T15:05:01+01:00" level=info msg="found 198 chapters"
time="2025-04-06T15:05:03+01:00" level=info msg="downloading Chapter 198"
time="2025-04-06T15:05:03+01:00" level=info msg="checking if chapter is already downloaded"
time="2025-04-06T15:05:03+01:00" level=info msg="found 15 pages"
time="2025-04-06T15:05:04+01:00" level=info msg="Populating metadata for Chainsaw Man"
time="2025-04-06T15:05:04+01:00" level=info msg="binding Chainsaw Man with anilist"
time="2025-04-06T15:05:04+01:00" level=info msg="Searching anilist for manga chainsaw man"
time="2025-04-06T15:05:04+01:00" level=info msg="Sending request to Anilist"
time="2025-04-06T15:05:05+01:00" level=info msg="Got response from Anilist, found 9 results"
time="2025-04-06T15:05:05+01:00" level=info msg="Downloading cover for Chainsaw Man"
time="2025-04-06T15:05:05+01:00" level=warning msg="Cover already exists"
time="2025-04-06T15:05:05+01:00" level=info msg="getting pdf converter"
time="2025-04-06T15:05:05+01:00" level=info msg="converting pdf"
time="2025-04-06T15:05:05+01:00" level=info msg="downloaded without errors"
time="2025-04-06T15:05:10+01:00" level=info msg="loading source Mangapill built-in"
time="2025-04-06T15:05:10+01:00" level=info msg="source Mangapill built-in loaded"
time="2025-04-06T15:05:10+01:00" level=info msg="getting chapters of Chainsaw Man"
time="2025-04-06T15:05:10+01:00" level=info msg="found 198 chapters"
time="2025-04-06T15:05:11+01:00" level=info msg="opening with okular"
time="2025-04-06T15:05:11+01:00" level=info msg="history saved"
time="2025-04-06T15:08:44+01:00" level=info msg="opened without errors"
