time="2025-02-01T16:55:05Z" level=info msg="scraper AsuraScans installed"
time="2025-02-01T16:55:09Z" level=info msg="scraper AsuraScans installed"
time="2025-02-01T16:55:10Z" level=info msg="scraper ComicK installed"
time="2025-02-01T16:55:11Z" level=info msg="scraper FlameScans installed"
time="2025-02-01T16:55:12Z" level=info msg="scraper LuminousScans installed"
time="2025-02-01T16:55:13Z" level=info msg="scraper MangaKakalot installed"
time="2025-02-01T16:55:13Z" level=info msg="scraper MangaKatana installed"
time="2025-02-01T16:55:15Z" level=info msg="scraper Manganelo installed"
time="2025-02-01T16:55:15Z" level=info msg="scraper Mangasee installed"
time="2025-02-01T16:55:16Z" level=info msg="scraper Mangatoto installed"
time="2025-02-01T16:55:17Z" level=info msg="scraper ManhuaUs installed"
time="2025-02-01T16:55:18Z" level=info msg="scraper Readmanga installed"
time="2025-02-01T16:55:19Z" level=info msg="scraper Toonily installed"
time="2025-02-01T16:55:56Z" level=info msg="loading source Toonily custom"
time="2025-02-01T16:55:56Z" level=info msg="source Toonily custom loaded"
time="2025-02-01T16:56:00Z" level=info msg="searching for spider man"
time="2025-02-01T16:56:00Z" level=info msg="found 0 mangas from source Toonily"
time="2025-02-01T16:56:00Z" level=info msg="found 0 mangas from 1 sources"
time="2025-02-01T16:56:02Z" level=info msg="searching for spider man"
time="2025-02-01T16:56:02Z" level=info msg="found 0 mangas from source Toonily"
time="2025-02-01T16:56:02Z" level=info msg="found 0 mangas from 1 sources"
time="2025-02-01T16:56:09Z" level=info msg="loading source Toonily custom"
time="2025-02-01T16:56:09Z" level=info msg="source Toonily custom loaded"
time="2025-02-01T16:56:12Z" level=info msg="searching for spider-man"
time="2025-02-01T16:56:13Z" level=info msg="found 0 mangas from source Toonily"
time="2025-02-01T16:56:13Z" level=info msg="found 0 mangas from 1 sources"
time="2025-02-01T16:56:16Z" level=info msg="searching for spider_man"
time="2025-02-01T16:56:16Z" level=info msg="found 0 mangas from source Toonily"
time="2025-02-01T16:56:16Z" level=info msg="found 0 mangas from 1 sources"
