time="2025-06-01T13:15:12+01:00" level=info msg="loading source Manganato built-in"
time="2025-06-01T13:15:12+01:00" level=info msg="source Manganato built-in loaded"
time="2025-06-01T13:15:14+01:00" level=info msg="searching for death note"
time="2025-06-01T13:15:25+01:00" level=info msg="found 0 mangas from source Manganato"
time="2025-06-01T13:15:25+01:00" level=info msg="found 0 mangas from 1 sources"
time="2025-06-01T13:15:39+01:00" level=info msg="loading source Manganelo built-in"
time="2025-06-01T13:15:39+01:00" level=info msg="source Manganelo built-in loaded"
time="2025-06-01T13:15:42+01:00" level=info msg="searching for death note"
time="2025-06-01T13:16:01+01:00" level=info msg="found 0 mangas from source Manganelo"
time="2025-06-01T13:16:01+01:00" level=info msg="found 0 mangas from 1 sources"
time="2025-06-01T13:16:13+01:00" level=info msg="loading source Mangadex built-in"
time="2025-06-01T13:16:13+01:00" level=info msg="source Mangadex built-in loaded"
time="2025-06-01T13:16:15+01:00" level=info msg="searching for death note"
time="2025-06-01T13:16:15+01:00" level=info msg="found 18 mangas from source Mangadex"
time="2025-06-01T13:16:15+01:00" level=info msg="found 18 mangas from 1 sources"
time="2025-06-01T13:16:16+01:00" level=info msg="getting chapters of Death Note"
time="2025-06-01T13:16:17+01:00" level=info msg="found 0 chapters"
time="2025-06-01T13:16:17+01:00" level=info msg="Searching anilist for manga death note"
time="2025-06-01T13:16:17+01:00" level=info msg="Sending request to Anilist"
time="2025-06-01T13:16:17+01:00" level=info msg="Got response from Anilist, found 8 results"
time="2025-06-01T13:16:17+01:00" level=info msg="Found closest match: Death Note"
