time="2025-01-30T18:58:08Z" level=info msg="loading source Mangapill built-in"
time="2025-01-30T18:58:08Z" level=info msg="source Mangapill built-in loaded"
time="2025-01-30T18:58:08Z" level=info msg="getting chapters of Chainsaw Man"
time="2025-01-30T18:58:08Z" level=info msg="found 190 chapters"
time="2025-01-30T18:58:19Z" level=info msg="loading source Mangapill built-in"
time="2025-01-30T18:58:19Z" level=info msg="source Mangapill built-in loaded"
time="2025-01-30T18:58:19Z" level=info msg="getting chapters of Chainsaw Man"
time="2025-01-30T18:58:20Z" level=info msg="found 191 chapters"
time="2025-01-30T18:58:21Z" level=info msg="downloading Chapter 191 for reading. Provider is Mangapill built-in"
time="2025-01-30T18:58:21Z" level=info msg="getting pages of Chapter 191"
time="2025-01-30T18:58:31Z" level=info msg="getting pdf converter"
time="2025-01-30T18:58:31Z" level=info msg="converting pdf"
time="2025-01-30T18:58:31Z" level=info msg="opening with okular"
time="2025-01-30T18:58:31Z" level=info msg="history saved"
time="2025-01-30T18:58:36Z" level=info msg="opened without errors"
time="2025-01-30T18:58:38Z" level=info msg="downloading Chapter 191"
time="2025-01-30T18:58:38Z" level=info msg="checking if chapter is already downloaded"
time="2025-01-30T18:58:38Z" level=info msg="found 17 pages"
time="2025-01-30T18:58:49Z" level=info msg="Populating metadata for Chainsaw Man"
time="2025-01-30T18:58:49Z" level=info msg="binding Chainsaw Man with anilist"
time="2025-01-30T18:58:49Z" level=info msg="Searching anilist for manga chainsaw man"
time="2025-01-30T18:58:49Z" level=info msg="Sending request to Anilist"
time="2025-01-30T18:58:49Z" level=info msg="Got response from Anilist, found 9 results"
time="2025-01-30T18:58:49Z" level=info msg="Downloading cover for Chainsaw Man"
time="2025-01-30T18:58:49Z" level=warning msg="Cover already exists"
time="2025-01-30T18:58:49Z" level=info msg="getting pdf converter"
time="2025-01-30T18:58:49Z" level=info msg="converting pdf"
time="2025-01-30T18:58:49Z" level=info msg="downloaded without errors"
time="2025-01-30T18:58:57Z" level=info msg="loading source Mangapill built-in"
time="2025-01-30T18:58:57Z" level=info msg="source Mangapill built-in loaded"
time="2025-01-30T18:58:57Z" level=info msg="getting chapters of Chainsaw Man"
time="2025-01-30T18:58:57Z" level=info msg="found 191 chapters"
time="2025-01-30T18:58:57Z" level=info msg="opening with okular"
time="2025-01-30T18:58:57Z" level=info msg="history saved"
time="2025-01-30T19:02:48Z" level=info msg="opened without errors"
