time="2025-01-04T20:34:49Z" level=info msg="loading source Mangapill built-in"
time="2025-01-04T20:34:49Z" level=info msg="source Mangapill built-in loaded"
time="2025-01-04T20:34:49Z" level=info msg="getting chapters of Chainsaw Man"
time="2025-01-04T20:34:50Z" level=info msg="found 188 chapters"
time="2025-01-04T20:34:53Z" level=info msg="downloading Chapter 188"
time="2025-01-04T20:34:53Z" level=info msg="checking if chapter is already downloaded"
time="2025-01-04T20:34:53Z" level=info msg="found 14 pages"
time="2025-01-04T20:34:54Z" level=info msg="Populating metadata for Chainsaw Man"
time="2025-01-04T20:34:54Z" level=info msg="binding Chainsaw Man with anilist"
time="2025-01-04T20:34:54Z" level=info msg="Searching anilist for manga chainsaw man"
time="2025-01-04T20:34:54Z" level=info msg="Sending request to Anilist"
time="2025-01-04T20:34:55Z" level=info msg="Got response from Anilist, found 9 results"
time="2025-01-04T20:34:55Z" level=info msg="Downloading cover for Chainsaw Man"
time="2025-01-04T20:34:55Z" level=warning msg="Cover already exists"
time="2025-01-04T20:34:55Z" level=info msg="getting pdf converter"
time="2025-01-04T20:34:55Z" level=info msg="converting pdf"
time="2025-01-04T20:34:55Z" level=info msg="downloaded without errors"
time="2025-01-04T20:34:58Z" level=info msg="opening with okular"
time="2025-01-04T20:34:58Z" level=info msg="history saved"
time="2025-01-04T20:37:56Z" level=info msg="opened without errors"
