time="2025-03-07T21:29:32Z" level=info msg="loading source Mangapill built-in"
time="2025-03-07T21:29:32Z" level=info msg="source Mangapill built-in loaded"
time="2025-03-07T21:29:32Z" level=info msg="getting chapters of Chainsaw Man"
time="2025-03-07T21:29:32Z" level=info msg="found 195 chapters"
time="2025-03-07T21:29:35Z" level=info msg="downloading Chapter 194"
time="2025-03-07T21:29:35Z" level=info msg="checking if chapter is already downloaded"
time="2025-03-07T21:29:35Z" level=info msg="found 15 pages"
time="2025-03-07T21:29:45Z" level=info msg="Populating metadata for Chainsaw Man"
time="2025-03-07T21:29:45Z" level=info msg="binding Chainsaw Man with anilist"
time="2025-03-07T21:29:45Z" level=info msg="Searching anilist for manga chainsaw man"
time="2025-03-07T21:29:45Z" level=info msg="Sending request to Anilist"
time="2025-03-07T21:29:45Z" level=info msg="Got response from Anilist, found 9 results"
time="2025-03-07T21:29:45Z" level=info msg="Downloading cover for Chainsaw Man"
time="2025-03-07T21:29:45Z" level=warning msg="Cover already exists"
time="2025-03-07T21:29:45Z" level=info msg="getting pdf converter"
time="2025-03-07T21:29:45Z" level=info msg="converting pdf"
time="2025-03-07T21:29:45Z" level=info msg="downloaded without errors"
time="2025-03-07T21:29:45Z" level=info msg="downloading Chapter 195"
time="2025-03-07T21:29:45Z" level=info msg="checking if chapter is already downloaded"
time="2025-03-07T21:29:46Z" level=info msg="found 15 pages"
time="2025-03-07T21:29:56Z" level=info msg="getting pdf converter"
time="2025-03-07T21:29:56Z" level=info msg="converting pdf"
time="2025-03-07T21:29:56Z" level=info msg="downloaded without errors"
time="2025-03-07T21:30:05Z" level=info msg="opening with okular"
time="2025-03-07T21:30:05Z" level=info msg="history saved"
time="2025-03-07T21:32:45Z" level=info msg="opened without errors"
time="2025-03-07T21:32:46Z" level=info msg="opening with okular"
time="2025-03-07T21:32:46Z" level=info msg="history saved"
time="2025-03-07T21:35:36Z" level=info msg="opened without errors"
